#
# A fatal error has been detected by the Java Runtime Environment:
#
#  SIGSEGV (0xb) at pc=0x00007fff8cd17097, pid=4965, tid=3335
#
# JRE version: Java(TM) SE Runtime Environment (8.0_65-b17) (build 1.8.0_65-b17)
# Java VM: Java HotSpot(TM) 64-Bit Server VM (25.65-b01 mixed mode bsd-amd64 compressed oops)
# Problematic frame:
# C  [libobjc.A.dylib+0x5097]  objc_msgSend+0x17
#
# Failed to write core dump. Core dumps have been disabled. To enable core dumping, try "ulimit -c unlimited" before starting Java again
#
# If you would like to submit a bug report, please visit:
#   http://bugreport.java.com/bugreport/crash.jsp
# The crash happened outside the Java Virtual Machine in native code.
# See problematic frame for where to report the bug.
#

---------------  T H R E A D  ---------------

Current thread (0x00007f9259949000):  JavaThread "AWT-AppKit" daemon [_thread_in_native, id=3335, stack(0x00007fff5baff000,0x00007fff5c2ff000)]

siginfo: si_signo: 11 (SIGSEGV), si_code: 0 (unknown), si_addr: 0x0000000000000000

Registers:
RAX=0x00007f925849b3a0, RBX=0x000000020ecdc450, RCX=0x000000019f35b900, RDX=0x00000001a02cb880
RSP=0x00007fff5c2fa218, RBP=0x00007fff5c2fa2d0, RSI=0x00007fff929714c6, RDI=0x00007f925d750eb0
R8 =0x0000000000000000, R9 =0x00000000000006d0, R10=0x00007fff929714c6, R11=0x2000000000000000
R12=0x0000000000000000, R13=0x00000002109db818, R14=0x000000020ecdc440, R15=0x00007f9259949000
RIP=0x00007fff8cd17097, EFLAGS=0x0000000000010246, ERR=0x0000000000000000
  TRAPNO=0x000000000000000d

Top of Stack: (sp=0x00007fff5c2fa218)
0x00007fff5c2fa218:   000000020ecda157 00007fff5c2fa270
0x00007fff5c2fa228:   0000000000000003 00007fff5c2fa250
0x00007fff5c2fa238:   00000001044079a6 00000002109db818
0x00007fff5c2fa248:   00000002109db818 00007f925849b3a0
0x00007fff5c2fa258:   000000020ecdc6a0 000000020ecdc710
0x00007fff5c2fa268:   00007fff7aa84fb0 00007fff7a514420
0x00007fff5c2fa278:   000000020ecdc450 000000020ecdc690
0x00007fff5c2fa288:   00007f925849b3a0 00007f925d750eb0
0x00007fff5c2fa298:   00007f925851f4b0 00007f925849b3a0
0x00007fff5c2fa2a8:   00007f925d750eb0 00007fff5c2fa358
0x00007fff5c2fa2b8:   00007f92599491f8 00000002109db818
0x00007fff5c2fa2c8:   00007fff5c2fa380 00007fff5c2fa348
0x00007fff5c2fa2d8:   000000010530d954 00000002109db818
0x00007fff5c2fa2e8:   00007fff5c2fa380 00007fff5c2fa348
0x00007fff5c2fa2f8:   000000010530d6e7 000000010530d6a2
0x00007fff5c2fa308:   00007fff5c2fa308 00000002109db818
0x00007fff5c2fa318:   00007fff5c2fa380 00000002109de450
0x00007fff5c2fa328:   0000000000000000 00000002109db818
0x00007fff5c2fa338:   0000000000000000 00007fff5c2fa368
0x00007fff5c2fa348:   00007fff5c2fa3c8 00000001052ffc4d
0x00007fff5c2fa358:   0000000115a25588 0000000105307578
0x00007fff5c2fa368:   00007f925849b3a0 00007fff5c2fa3c8
0x00007fff5c2fa378:   00007f925d750eb0 0000000105308d82
0x00007fff5c2fa388:   00007fff5c2fa388 00000002109db9e2
0x00007fff5c2fa398:   00007fff5c2fa3f0 00000002109de450
0x00007fff5c2fa3a8:   0000000000000000 00000002109db9f0
0x00007fff5c2fa3b8:   00007fff5c2fa368 00007fff5c2fa3d8
0x00007fff5c2fa3c8:   00007fff5c2fa438 00000001052ffc4d
0x00007fff5c2fa3d8:   00007f925849b3a0 0000000141545538
0x00007fff5c2fa3e8:   00007f925d750eb0 0000000141545538
0x00007fff5c2fa3f8:   00007fff5c2fa3f8 0000000217cfe73e
0x00007fff5c2fa408:   00007fff5c2fa448 0000000217cfe7f8 

Instructions: (pc=0x00007fff8cd17097)
0x00007fff8cd17077:   90 90 90 90 90 90 90 90 90 48 85 ff 2e 74 72 40
0x00007fff8cd17087:   f6 c7 01 2e 0f 85 7e 00 00 00 4c 8b 1f 49 89 f2
0x00007fff8cd17097:   45 23 53 18 49 c1 e2 04 4d 03 53 10 49 3b 32 75
0x00007fff8cd170a7:   04 41 ff 62 08 49 83 3a 00 74 74 4d 3b 53 10 74 

Register to memory mapping:

RAX=0x00007f925849b3a0 is an unknown value
RBX=0x000000020ecdc450: Java_jogamp_nativewindow_macosx_OSXUtil_GetScreenRefreshRate0+0x1cf0 in /private/var/folders/bd/jbd34hlj5lqbvms35s4_k5w40000gn/T/jogamp_0000/file_cache/jln3318062768933913908/jln2095302137497386829/libnativewindow_macosx.jnilib at 0x000000020ecd5000
RCX=0x000000019f35b900 is an unknown value
RDX=0x00000001a02cb880 is an unknown value
RSP=0x00007fff5c2fa218 is pointing into the stack for thread: 0x00007f9259949000
RBP=0x00007fff5c2fa2d0 is pointing into the stack for thread: 0x00007f9259949000
RSI=0x00007fff929714c6: NSAppKitVersionNumber+0x12eb6 in /System/Library/Frameworks/AppKit.framework/Versions/C/AppKit at 0x00007fff91f0e000
RDI=0x00007f925d750eb0 is an unknown value
R8 =0x0000000000000000 is an unknown value
R9 =0x00000000000006d0 is an unknown value
R10=0x00007fff929714c6: NSAppKitVersionNumber+0x12eb6 in /System/Library/Frameworks/AppKit.framework/Versions/C/AppKit at 0x00007fff91f0e000
R11=0x2000000000000000 is an unknown value
R12=0x0000000000000000 is an unknown value
R13={method} {0x00000002109db818} 'UnsetJAWTRootSurfaceLayer0' '(JJ)V' in 'jogamp/nativewindow/jawt/macosx/MacOSXJAWTWindow'
R14=0x000000020ecdc440: Java_jogamp_nativewindow_macosx_OSXUtil_GetScreenRefreshRate0+0x1ce0 in /private/var/folders/bd/jbd34hlj5lqbvms35s4_k5w40000gn/T/jogamp_0000/file_cache/jln3318062768933913908/jln2095302137497386829/libnativewindow_macosx.jnilib at 0x000000020ecd5000
R15=0x00007f9259949000 is a thread


Stack: [0x00007fff5baff000,0x00007fff5c2ff000],  sp=0x00007fff5c2fa218,  free space=8172k
Native frames: (J=compiled Java code, j=interpreted, Vv=VM code, C=native code)
C  [libobjc.A.dylib+0x5097]  objc_msgSend+0x17
j  jogamp.nativewindow.jawt.macosx.MacOSXJAWTWindow.UnsetJAWTRootSurfaceLayer0(JJ)V+0
j  jogamp.nativewindow.jawt.macosx.MacOSXJAWTWindow.access$200(JJ)V+2
j  jogamp.nativewindow.jawt.macosx.MacOSXJAWTWindow$1.run()V+38
J 2236 C1 com.jogamp.common.util.RunnableTask.run()V (345 bytes) @ 0x0000000105a27f94 [0x0000000105a27e00+0x194]
v  ~StubRoutines::call_stub
V  [libjvm.dylib+0x2eab02]
V  [libjvm.dylib+0x321bab]
V  [libjvm.dylib+0x31437f]
C  [libnativewindow_macosx.jnilib+0x5326]  Java_jogamp_nativewindow_jawt_macosx_MacOSXJAWTWindow_UnsetJAWTRootSurfaceLayer0+0x2b6
C  [Foundation+0x6375e]  __NSThreadPerformPerform+0xe5
C  [CoreFoundation+0x7f5b1]  __CFRUNLOOP_IS_CALLING_OUT_TO_A_SOURCE0_PERFORM_FUNCTION__+0x11
C  [CoreFoundation+0x70d29]  __CFRunLoopDoSources0+0x1b9
C  [CoreFoundation+0x703ef]  __CFRunLoopRun+0x33f
C  [CoreFoundation+0x6fe75]  CFRunLoopRunSpecific+0x135
C  [HIToolbox+0x2ea0d]  RunCurrentEventLoopInMode+0xe2
C  [HIToolbox+0x2e685]  ReceiveNextEventCommon+0xad
C  [HIToolbox+0x2e5bc]  _BlockUntilNextEventMatchingListInModeWithFilter+0x41
C  [AppKit+0x2424e]  _DPSNextEvent+0x59a
C  [AppKit+0x2389b]  -[NSApplication nextEventMatchingMask:untilDate:inMode:dequeue:]+0x7a
C  [libosxapp.dylib+0x23aa]  -[NSApplicationAWT nextEventMatchingMask:untilDate:inMode:dequeue:]+0x7c
C  [AppKit+0x1799c]  -[NSApplication run]+0x229
C  [libosxapp.dylib+0x214d]  +[NSApplicationAWT runAWTLoopWithApp:]+0x9c
C  [libawt_lwawt.dylib+0x44517]  -[AWTStarter starter:]+0x389
C  [Foundation+0x6375e]  __NSThreadPerformPerform+0xe5
C  [CoreFoundation+0x7f5b1]  __CFRUNLOOP_IS_CALLING_OUT_TO_A_SOURCE0_PERFORM_FUNCTION__+0x11
C  [CoreFoundation+0x70c62]  __CFRunLoopDoSources0+0xf2
C  [CoreFoundation+0x703ef]  __CFRunLoopRun+0x33f
C  [CoreFoundation+0x6fe75]  CFRunLoopRunSpecific+0x135
C  [java+0x6463]  CreateExecutionEnvironment+0x367
C  [java+0x21ac]  JLI_Launch+0x7a0
C  [java+0x84c0]  main+0x65
C  [java+0x1a04]  start+0x34
C  0x0000000000000007

Java frames: (J=compiled Java code, j=interpreted, Vv=VM code)
j  jogamp.nativewindow.jawt.macosx.MacOSXJAWTWindow.UnsetJAWTRootSurfaceLayer0(JJ)V+0
j  jogamp.nativewindow.jawt.macosx.MacOSXJAWTWindow.access$200(JJ)V+2
j  jogamp.nativewindow.jawt.macosx.MacOSXJAWTWindow$1.run()V+38
J 2236 C1 com.jogamp.common.util.RunnableTask.run()V (345 bytes) @ 0x0000000105a27f94 [0x0000000105a27e00+0x194]
v  ~StubRoutines::call_stub

---------------  P R O C E S S  ---------------

Java Threads: ( => current thread )
  0x00007f9258acf000 JavaThread "Thread-19" [_thread_blocked, id=63495, stack(0x0000000217517000,0x0000000217617000)]
  0x00007f925a0d9800 JavaThread "AWT-EventQueue-1" [_thread_in_native, id=56843, stack(0x000000020f07a000,0x000000020f17a000)]
  0x00007f92591ae000 JavaThread "DestroyJavaVM" [_thread_blocked, id=6403, stack(0x00000001051a0000,0x00000001052a0000)]
  0x00007f92599d7000 JavaThread "AWT-EventQueue-0" [_thread_blocked, id=55047, stack(0x00000001a04bc000,0x00000001a05bc000)]
  0x00007f925a0d3800 JavaThread "Java2D Disposer" daemon [_thread_blocked, id=48691, stack(0x000000019f0ec000,0x000000019f1ec000)]
  0x00007f92588c8800 JavaThread "Java2D Queue Flusher" daemon [_thread_blocked, id=47367, stack(0x000000019db27000,0x000000019dc27000)]
  0x00007f925a088000 JavaThread "AWT-Shutdown" [_thread_blocked, id=28427, stack(0x000000019b13c000,0x000000019b23c000)]
=>0x00007f9259949000 JavaThread "AWT-AppKit" daemon [_thread_in_native, id=3335, stack(0x00007fff5baff000,0x00007fff5c2ff000)]
  0x00007f925a019000 JavaThread "Service Thread" daemon [_thread_blocked, id=19715, stack(0x0000000199568000,0x0000000199668000)]
  0x00007f925a00e000 JavaThread "C1 CompilerThread2" daemon [_thread_blocked, id=19203, stack(0x0000000199465000,0x0000000199565000)]
  0x00007f925a00b000 JavaThread "C2 CompilerThread1" daemon [_thread_blocked, id=18691, stack(0x0000000199362000,0x0000000199462000)]
  0x00007f925a006000 JavaThread "C2 CompilerThread0" daemon [_thread_blocked, id=18179, stack(0x000000019925f000,0x000000019935f000)]
  0x00007f925983c000 JavaThread "Signal Dispatcher" daemon [_thread_blocked, id=17667, stack(0x000000019915c000,0x000000019925c000)]
  0x00007f9258811800 JavaThread "Finalizer" daemon [_thread_blocked, id=12547, stack(0x0000000198f0d000,0x000000019900d000)]
  0x00007f9259000800 JavaThread "Reference Handler" daemon [_thread_blocked, id=12035, stack(0x0000000198e0a000,0x0000000198f0a000)]

Other Threads:
  0x00007f925985f000 VMThread [stack: 0x0000000198d07000,0x0000000198e07000] [id=11523]
  0x00007f9259835000 WatcherThread [stack: 0x000000019966b000,0x000000019976b000] [id=20227]

VM state:not at safepoint (normal execution)

VM Mutex/Monitor currently owned by a thread: None

Heap:
 PSYoungGen      total 33280K, used 15406K [0x000000013f500000, 0x0000000142880000, 0x0000000154a00000)
  eden space 31232K, 43% used [0x000000013f500000,0x00000001402639d8,0x0000000141380000)
  from space 2048K, 82% used [0x0000000141480000,0x0000000141628040,0x0000000141680000)
  to   space 10752K, 0% used [0x0000000141e00000,0x0000000141e00000,0x0000000142880000)
 ParOldGen       total 44032K, used 19048K [0x0000000114a00000, 0x0000000117500000, 0x000000013f500000)
  object space 44032K, 43% used [0x0000000114a00000,0x0000000115c9a000,0x0000000117500000)
 Metaspace       used 20959K, capacity 21143K, committed 21296K, reserved 1069056K
  class space    used 2045K, capacity 2112K, committed 2176K, reserved 1048576K

Card table byte_map: [0x0000000154a00000,0x0000000154c01000] byte_map_base: 0x000000015415b000

Marking Bits: (ParMarkBitMap*) 0x0000000104af4e20
 Begin Bits: [0x0000000155060000, 0x0000000156060000)
 End Bits:   [0x0000000156060000, 0x0000000157060000)

Polling page: 0x00000001052e5000

CodeCache: size=245760Kb used=8625Kb max_used=8651Kb free=237134Kb
 bounds [0x00000001052f8000, 0x0000000105b78000, 0x00000001142f8000]
 total_blobs=3305 nmethods=2416 adapters=802
 compilation: enabled

Compilation events (10 events):
Event: 22.510 Thread 0x00007f925a00e000 nmethod 2601 0x0000000105b48e10 code [0x0000000105b48fa0, 0x0000000105b494b8]
Event: 22.511 Thread 0x00007f925a00e000 2602       3       java.awt.Rectangle::intersection (180 bytes)
Event: 22.512 Thread 0x00007f925a00e000 nmethod 2602 0x0000000105b452d0 code [0x0000000105b45460, 0x0000000105b45990]
Event: 22.531 Thread 0x00007f925a006000 nmethod 2600 0x0000000105b69c10 code [0x0000000105b6a500, 0x0000000105b6e760]
Event: 22.542 Thread 0x00007f925a00e000 2603       3       java.util.HashMap::putVal (300 bytes)
Event: 22.545 Thread 0x00007f925a00e000 nmethod 2603 0x0000000105b42650 code [0x0000000105b428c0, 0x0000000105b43b78]
Event: 22.585 Thread 0x00007f925a00b000 2604  s    4       sun.misc.URLClassPath::getNextLoader (88 bytes)
Event: 22.587 Thread 0x00007f925a00e000 2605       3       java.util.LinkedHashMap::afterNodeRemoval (65 bytes)
Event: 22.587 Thread 0x00007f925a00e000 nmethod 2605 0x0000000105b44c10 code [0x0000000105b44d80, 0x0000000105b45130]
Event: 22.594 Thread 0x00007f925a00b000 nmethod 2604 0x0000000105b65a90 code [0x0000000105b65c00, 0x0000000105b66378]

GC Heap History (10 events):
Event: 6.993 GC heap before
{Heap before GC invocations=3 (full 0):
 PSYoungGen      total 18944K, used 18928K [0x000000013f500000, 0x0000000140a00000, 0x0000000154a00000)
  eden space 16384K, 100% used [0x000000013f500000,0x0000000140500000,0x0000000140500000)
  from space 2560K, 99% used [0x0000000140780000,0x00000001409fc010,0x0000000140a00000)
  to   space 2560K, 0% used [0x0000000140500000,0x0000000140500000,0x0000000140780000)
 ParOldGen       total 44032K, used 2511K [0x0000000114a00000, 0x0000000117500000, 0x000000013f500000)
  object space 44032K, 5% used [0x0000000114a00000,0x0000000114c73f88,0x0000000117500000)
 Metaspace       used 17333K, capacity 17535K, committed 17792K, reserved 1064960K
  class space    used 1763K, capacity 1852K, committed 1920K, reserved 1048576K
Event: 7.003 GC heap after
Heap after GC invocations=3 (full 0):
 PSYoungGen      total 18944K, used 2544K [0x000000013f500000, 0x0000000140a00000, 0x0000000154a00000)
  eden space 16384K, 0% used [0x000000013f500000,0x000000013f500000,0x0000000140500000)
  from space 2560K, 99% used [0x0000000140500000,0x000000014077c050,0x0000000140780000)
  to   space 2560K, 0% used [0x0000000140780000,0x0000000140780000,0x0000000140a00000)
 ParOldGen       total 44032K, used 6546K [0x0000000114a00000, 0x0000000117500000, 0x000000013f500000)
  object space 44032K, 14% used [0x0000000114a00000,0x0000000115064a40,0x0000000117500000)
 Metaspace       used 17333K, capacity 17535K, committed 17792K, reserved 1064960K
  class space    used 1763K, capacity 1852K, committed 1920K, reserved 1048576K
}
Event: 7.533 GC heap before
{Heap before GC invocations=4 (full 0):
 PSYoungGen      total 18944K, used 18928K [0x000000013f500000, 0x0000000140a00000, 0x0000000154a00000)
  eden space 16384K, 100% used [0x000000013f500000,0x0000000140500000,0x0000000140500000)
  from space 2560K, 99% used [0x0000000140500000,0x000000014077c050,0x0000000140780000)
  to   space 2560K, 0% used [0x0000000140780000,0x0000000140780000,0x0000000140a00000)
 ParOldGen       total 44032K, used 6546K [0x0000000114a00000, 0x0000000117500000, 0x000000013f500000)
  object space 44032K, 14% used [0x0000000114a00000,0x0000000115064a40,0x0000000117500000)
 Metaspace       used 19689K, capacity 19947K, committed 20096K, reserved 1067008K
  class space    used 1995K, capacity 2078K, committed 2176K, reserved 1048576K
Event: 7.543 GC heap after
Heap after GC invocations=4 (full 0):
 PSYoungGen      total 18944K, used 2528K [0x000000013f500000, 0x0000000141a00000, 0x0000000154a00000)
  eden space 16384K, 0% used [0x000000013f500000,0x000000013f500000,0x0000000140500000)
  from space 2560K, 98% used [0x0000000140780000,0x00000001409f8050,0x0000000140a00000)
  to   space 2560K, 0% used [0x0000000140500000,0x0000000140500000,0x0000000140780000)
 ParOldGen       total 44032K, used 13748K [0x0000000114a00000, 0x0000000117500000, 0x000000013f500000)
  object space 44032K, 31% used [0x0000000114a00000,0x000000011576d330,0x0000000117500000)
 Metaspace       used 19689K, capacity 19947K, committed 20096K, reserved 1067008K
  class space    used 1995K, capacity 2078K, committed 2176K, reserved 1048576K
}
Event: 7.997 GC heap before
{Heap before GC invocations=5 (full 0):
 PSYoungGen      total 18944K, used 18912K [0x000000013f500000, 0x0000000141a00000, 0x0000000154a00000)
  eden space 16384K, 100% used [0x000000013f500000,0x0000000140500000,0x0000000140500000)
  from space 2560K, 98% used [0x0000000140780000,0x00000001409f8050,0x0000000140a00000)
  to   space 2560K, 0% used [0x0000000140500000,0x0000000140500000,0x0000000140780000)
 ParOldGen       total 44032K, used 13748K [0x0000000114a00000, 0x0000000117500000, 0x000000013f500000)
  object space 44032K, 31% used [0x0000000114a00000,0x000000011576d330,0x0000000117500000)
 Metaspace       used 20302K, capacity 20503K, committed 20608K, reserved 1067008K
  class space    used 2037K, capacity 2112K, committed 2176K, reserved 1048576K
Event: 8.008 GC heap after
Heap after GC invocations=5 (full 0):
 PSYoungGen      total 18944K, used 2528K [0x000000013f500000, 0x0000000142900000, 0x0000000154a00000)
  eden space 16384K, 0% used [0x000000013f500000,0x000000013f500000,0x0000000140500000)
  from space 2560K, 98% used [0x0000000140500000,0x0000000140778040,0x0000000140780000)
  to   space 10240K, 0% used [0x0000000141f00000,0x0000000141f00000,0x0000000142900000)
 ParOldGen       total 44032K, used 18079K [0x0000000114a00000, 0x0000000117500000, 0x000000013f500000)
  object space 44032K, 41% used [0x0000000114a00000,0x0000000115ba7fb0,0x0000000117500000)
 Metaspace       used 20302K, capacity 20503K, committed 20608K, reserved 1067008K
  class space    used 2037K, capacity 2112K, committed 2176K, reserved 1048576K
}
Event: 11.220 GC heap before
{Heap before GC invocations=6 (full 0):
 PSYoungGen      total 18944K, used 18912K [0x000000013f500000, 0x0000000142900000, 0x0000000154a00000)
  eden space 16384K, 100% used [0x000000013f500000,0x0000000140500000,0x0000000140500000)
  from space 2560K, 98% used [0x0000000140500000,0x0000000140778040,0x0000000140780000)
  to   space 10240K, 0% used [0x0000000141f00000,0x0000000141f00000,0x0000000142900000)
 ParOldGen       total 44032K, used 18079K [0x0000000114a00000, 0x0000000117500000, 0x000000013f500000)
  object space 44032K, 41% used [0x0000000114a00000,0x0000000115ba7fb0,0x0000000117500000)
 Metaspace       used 20652K, capacity 20887K, committed 21120K, reserved 1069056K
  class space    used 2037K, capacity 2112K, committed 2176K, reserved 1048576K
Event: 11.228 GC heap after
Heap after GC invocations=6 (full 0):
 PSYoungGen      total 42496K, used 2672K [0x000000013f500000, 0x0000000142a00000, 0x0000000154a00000)
  eden space 32256K, 0% used [0x000000013f500000,0x000000013f500000,0x0000000141480000)
  from space 10240K, 26% used [0x0000000141f00000,0x000000014219c050,0x0000000142900000)
  to   space 10752K, 0% used [0x0000000141480000,0x0000000141480000,0x0000000141f00000)
 ParOldGen       total 44032K, used 18079K [0x0000000114a00000, 0x0000000117500000, 0x000000013f500000)
  object space 44032K, 41% used [0x0000000114a00000,0x0000000115ba7fb0,0x0000000117500000)
 Metaspace       used 20652K, capacity 20887K, committed 21120K, reserved 1069056K
  class space    used 2037K, capacity 2112K, committed 2176K, reserved 1048576K
}
Event: 19.268 GC heap before
{Heap before GC invocations=7 (full 0):
 PSYoungGen      total 42496K, used 34928K [0x000000013f500000, 0x0000000142a00000, 0x0000000154a00000)
  eden space 32256K, 100% used [0x000000013f500000,0x0000000141480000,0x0000000141480000)
  from space 10240K, 26% used [0x0000000141f00000,0x000000014219c050,0x0000000142900000)
  to   space 10752K, 0% used [0x0000000141480000,0x0000000141480000,0x0000000141f00000)
 ParOldGen       total 44032K, used 18079K [0x0000000114a00000, 0x0000000117500000, 0x000000013f500000)
  object space 44032K, 41% used [0x0000000114a00000,0x0000000115ba7fb0,0x0000000117500000)
 Metaspace       used 20919K, capacity 21143K, committed 21296K, reserved 1069056K
  class space    used 2037K, capacity 2112K, committed 2176K, reserved 1048576K
Event: 19.276 GC heap after
Heap after GC invocations=7 (full 0):
 PSYoungGen      total 33280K, used 1696K [0x000000013f500000, 0x0000000142880000, 0x0000000154a00000)
  eden space 31232K, 0% used [0x000000013f500000,0x000000013f500000,0x0000000141380000)
  from space 2048K, 82% used [0x0000000141480000,0x0000000141628040,0x0000000141680000)
  to   space 10752K, 0% used [0x0000000141e00000,0x0000000141e00000,0x0000000142880000)
 ParOldGen       total 44032K, used 19048K [0x0000000114a00000, 0x0000000117500000, 0x000000013f500000)
  object space 44032K, 43% used [0x0000000114a00000,0x0000000115c9a000,0x0000000117500000)
 Metaspace       used 20919K, capacity 21143K, committed 21296K, reserved 1069056K
  class space    used 2037K, capacity 2112K, committed 2176K, reserved 1048576K
}

Deoptimization events (10 events):
Event: 7.458 Thread 0x00007f925a0d9800 Uncommon trap: reason=unstable_if action=reinterpret pc=0x0000000105797bfc method=com.jogamp.common.util.IntIntHashMap.get(I)I @ 28
Event: 7.482 Thread 0x00007f925a0d9800 Uncommon trap: reason=unstable_if action=reinterpret pc=0x00000001056d1b10 method=java.lang.String.trim()Ljava/lang/String; @ 23
Event: 7.610 Thread 0x00007f9259e62800 Uncommon trap: reason=unstable_if action=reinterpret pc=0x00000001056bc984 method=java.lang.String.regionMatches(ZILjava/lang/String;II)Z @ 123
Event: 7.642 Thread 0x00007f9259364000 Uncommon trap: reason=class_check action=maybe_recompile pc=0x00000001056ff950 method=java.util.Arrays.copyOf([Ljava/lang/Object;ILjava/lang/Class;)[Ljava/lang/Object; @ 24
Event: 7.851 Thread 0x00007f925a0d9800 Uncommon trap: reason=class_check action=maybe_recompile pc=0x00000001056ff950 method=java.util.Arrays.copyOf([Ljava/lang/Object;ILjava/lang/Class;)[Ljava/lang/Object; @ 24
Event: 22.511 Thread 0x00007f925a0d9800 Uncommon trap: reason=unstable_if action=reinterpret pc=0x00000001057011a8 method=com.jogamp.common.util.VersionNumber.compareTo(Lcom/jogamp/common/util/VersionNumber;)I @ 21
Event: 22.513 Thread 0x00007f92599d7000 Uncommon trap: reason=unstable_if action=reinterpret pc=0x00000001059649b8 method=java.awt.font.FontRenderContext.equals(Ljava/awt/font/FontRenderContext;)Z @ 2
Event: 22.513 Thread 0x00007f92599d7000 Uncommon trap: reason=unstable_if action=reinterpret pc=0x000000010599cecc method=java.awt.Font.equals(Ljava/lang/Object;)Z @ 2
Event: 22.542 Thread 0x00007f925a111800 Uncommon trap: reason=unstable_if action=reinterpret pc=0x0000000105763f38 method=java.util.HashMap.putVal(ILjava/lang/Object;Ljava/lang/Object;ZZ)Ljava/lang/Object; @ 81
Event: 22.542 Thread 0x00007f925a111800 Uncommon trap: reason=unstable_if action=reinterpret pc=0x0000000105755afc method=java.util.HashMap.putVal(ILjava/lang/Object;Ljava/lang/Object;ZZ)Ljava/lang/Object; @ 81

Internal exceptions (10 events):
Event: 0.645 Thread 0x00007f9259800800 Exception <a 'java/lang/NoSuchFieldError': method resolution failed> (0x000000013f753560) thrown at [/Users/java_re/workspace/8-2-build-macosx-x86_64/jdk8u65/4987/hotspot/src/share/vm/prims/methodHandles.cpp, line 1146]
Event: 0.647 Thread 0x00007f9259800800 Exception <a 'java/lang/NoSuchFieldError': method resolution failed> (0x000000013f760d30) thrown at [/Users/java_re/workspace/8-2-build-macosx-x86_64/jdk8u65/4987/hotspot/src/share/vm/prims/methodHandles.cpp, line 1146]
Event: 0.949 Thread 0x00007f9259800800 Exception <a 'java/io/FileNotFoundException'> (0x000000013f7dcb18) thrown at [/Users/java_re/workspace/8-2-build-macosx-x86_64/jdk8u65/4987/hotspot/src/share/vm/prims/jni.cpp, line 709]
Event: 0.950 Thread 0x00007f9259800800 Exception <a 'java/io/FileNotFoundException'> (0x000000013f7dd6a8) thrown at [/Users/java_re/workspace/8-2-build-macosx-x86_64/jdk8u65/4987/hotspot/src/share/vm/prims/jni.cpp, line 709]
Event: 1.221 Thread 0x00007f9259800800 Exception <a 'java/io/FileNotFoundException'> (0x000000013f8c9180) thrown at [/Users/java_re/workspace/8-2-build-macosx-x86_64/jdk8u65/4987/hotspot/src/share/vm/prims/jni.cpp, line 709]
Event: 5.886 Thread 0x00007f9258811800 Exception <a 'java/lang/NullPointerException'> (0x000000013f5aba68) thrown at [/Users/java_re/workspace/8-2-build-macosx-x86_64/jdk8u65/4987/hotspot/src/share/vm/interpreter/linkResolver.cpp, line 1178]
Event: 6.008 Thread 0x00007f925a56f000 Exception <a 'java/lang/UnsatisfiedLinkError': com.jogamp.common.util.JarUtil.fixNativeLibAttribs(Ljava/lang/String;)Z> (0x000000013fa20408) thrown at [/Users/java_re/workspace/8-2-build-macosx-x86_64/jdk8u65/4987/hotspot/src/share/vm/prims/nativeLookup.c
Event: 6.918 Thread 0x00007f925a0d9800 Exception <a 'java/io/FileNotFoundException'> (0x000000013fd58b58) thrown at [/Users/java_re/workspace/8-2-build-macosx-x86_64/jdk8u65/4987/hotspot/src/share/vm/prims/jni.cpp, line 709]
Event: 6.919 Thread 0x00007f925a0d9800 Exception <a 'java/io/FileNotFoundException'> (0x000000013fd605d8) thrown at [/Users/java_re/workspace/8-2-build-macosx-x86_64/jdk8u65/4987/hotspot/src/share/vm/prims/jni.cpp, line 709]
Event: 6.919 Thread 0x00007f925a0d9800 Implicit null exception at 0x00000001054a99f5 to 0x00000001054a9d59

Events (10 events):
Event: 22.588 loading class java/awt/event/AWTEventListenerProxy done
Event: 22.588 loading class java/awt/Toolkit$ToolkitEventMulticaster
Event: 22.588 loading class java/awt/Toolkit$ToolkitEventMulticaster done
Event: 22.589 Executing VM operation: RevokeBias
Event: 22.589 Executing VM operation: RevokeBias done
Event: 22.589 Thread 0x00007f925a111800 Thread exited: 0x00007f925a111800
Event: 22.589 loading class java/awt/Window$1DisposeAction
Event: 22.589 loading class java/awt/Window$1DisposeAction done
Event: 22.594 Thread 0x00007f925a00b000 flushing nmethod 0x00000001054e8350
Event: 22.594 Thread 0x00007f925a00b000 flushing nmethod 0x00000001054ef1d0


Dynamic libraries:
0x000000000930f000 	/System/Library/Frameworks/Cocoa.framework/Versions/A/Cocoa
0x000000000930f000 	/System/Library/Frameworks/Security.framework/Versions/A/Security
0x000000000930f000 	/System/Library/Frameworks/ApplicationServices.framework/Versions/A/ApplicationServices
0x000000000930f000 	/usr/lib/libz.1.dylib
0x000000000930f000 	/usr/lib/libSystem.B.dylib
0x000000000930f000 	/usr/lib/libobjc.A.dylib
0x000000000930f000 	/System/Library/Frameworks/CoreFoundation.framework/Versions/A/CoreFoundation
0x000000000930f000 	/System/Library/Frameworks/Foundation.framework/Versions/C/Foundation
0x000000000930f000 	/System/Library/Frameworks/AppKit.framework/Versions/C/AppKit
0x000000000930f000 	/System/Library/Frameworks/CoreData.framework/Versions/A/CoreData
0x000000000930f000 	/System/Library/PrivateFrameworks/RemoteViewServices.framework/Versions/A/RemoteViewServices
0x000000000930f000 	/System/Library/Frameworks/AudioToolbox.framework/Versions/A/AudioToolbox
0x000000000930f000 	/System/Library/Frameworks/AudioUnit.framework/Versions/A/AudioUnit
0x000000000930f000 	/System/Library/PrivateFrameworks/DataDetectorsCore.framework/Versions/A/DataDetectorsCore
0x000000000930f000 	/System/Library/PrivateFrameworks/DesktopServicesPriv.framework/Versions/A/DesktopServicesPriv
0x000000000930f000 	/System/Library/Frameworks/Carbon.framework/Versions/A/Frameworks/HIToolbox.framework/Versions/A/HIToolbox
0x000000000930f000 	/System/Library/Frameworks/QuartzCore.framework/Versions/A/QuartzCore
0x000000000930f000 	/System/Library/Frameworks/Carbon.framework/Versions/A/Frameworks/SpeechRecognition.framework/Versions/A/SpeechRecognition
0x000000000930f000 	/usr/lib/libauto.dylib
0x000000000930f000 	/usr/lib/libicucore.A.dylib
0x000000000930f000 	/usr/lib/libxml2.2.dylib
0x000000000930f000 	/System/Library/PrivateFrameworks/CoreUI.framework/Versions/A/CoreUI
0x000000000930f000 	/System/Library/Frameworks/CoreAudio.framework/Versions/A/CoreAudio
0x000000000930f000 	/System/Library/Frameworks/DiskArbitration.framework/Versions/A/DiskArbitration
0x000000000930f000 	/usr/lib/liblangid.dylib
0x000000000930f000 	/System/Library/PrivateFrameworks/MultitouchSupport.framework/Versions/A/MultitouchSupport
0x000000000930f000 	/System/Library/Frameworks/IOKit.framework/Versions/A/IOKit
0x000000000930f000 	/usr/lib/libDiagnosticMessagesClient.dylib
0x000000000930f000 	/System/Library/Frameworks/CoreServices.framework/Versions/A/CoreServices
0x000000000930f000 	/System/Library/PrivateFrameworks/PerformanceAnalysis.framework/Versions/A/PerformanceAnalysis
0x000000000930f000 	/System/Library/PrivateFrameworks/GenerationalStorage.framework/Versions/A/GenerationalStorage
0x000000000930f000 	/System/Library/Frameworks/OpenGL.framework/Versions/A/OpenGL
0x000000000930f000 	/System/Library/PrivateFrameworks/Sharing.framework/Versions/A/Sharing
0x000000000930f000 	/System/Library/Frameworks/ImageIO.framework/Versions/A/ImageIO
0x000000000930f000 	/System/Library/Frameworks/CoreText.framework/Versions/A/CoreText
0x000000000930f000 	/System/Library/Frameworks/CoreGraphics.framework/Versions/A/CoreGraphics
0x000000000930f000 	/System/Library/PrivateFrameworks/Backup.framework/Versions/A/Backup
0x000000000930f000 	/System/Library/Frameworks/CFNetwork.framework/Versions/A/CFNetwork
0x000000000930f000 	/System/Library/Frameworks/SystemConfiguration.framework/Versions/A/SystemConfiguration
0x000000000930f000 	/usr/lib/libCRFSuite.dylib
0x000000000930f000 	/usr/lib/libc++.1.dylib
0x000000000930f000 	/usr/lib/libc++abi.dylib
0x000000000930f000 	/usr/lib/system/libcache.dylib
0x000000000930f000 	/usr/lib/system/libcommonCrypto.dylib
0x000000000930f000 	/usr/lib/system/libcompiler_rt.dylib
0x000000000930f000 	/usr/lib/system/libcopyfile.dylib
0x000000000930f000 	/usr/lib/system/libcorecrypto.dylib
0x000000000930f000 	/usr/lib/system/libdispatch.dylib
0x000000000930f000 	/usr/lib/system/libdyld.dylib
0x000000000930f000 	/usr/lib/system/libkeymgr.dylib
0x000000000930f000 	/usr/lib/system/liblaunch.dylib
0x000000000930f000 	/usr/lib/system/libmacho.dylib
0x000000000930f000 	/usr/lib/system/libquarantine.dylib
0x000000000930f000 	/usr/lib/system/libremovefile.dylib
0x000000000930f000 	/usr/lib/system/libsystem_asl.dylib
0x000000000930f000 	/usr/lib/system/libsystem_blocks.dylib
0x000000000930f000 	/usr/lib/system/libsystem_c.dylib
0x000000000930f000 	/usr/lib/system/libsystem_configuration.dylib
0x000000000930f000 	/usr/lib/system/libsystem_dnssd.dylib
0x000000000930f000 	/usr/lib/system/libsystem_info.dylib
0x000000000930f000 	/usr/lib/system/libsystem_kernel.dylib
0x000000000930f000 	/usr/lib/system/libsystem_m.dylib
0x000000000930f000 	/usr/lib/system/libsystem_malloc.dylib
0x000000000930f000 	/usr/lib/system/libsystem_network.dylib
0x000000000930f000 	/usr/lib/system/libsystem_notify.dylib
0x000000000930f000 	/usr/lib/system/libsystem_platform.dylib
0x000000000930f000 	/usr/lib/system/libsystem_pthread.dylib
0x000000000930f000 	/usr/lib/system/libsystem_sandbox.dylib
0x000000000930f000 	/usr/lib/system/libsystem_stats.dylib
0x000000000930f000 	/usr/lib/system/libunc.dylib
0x000000000930f000 	/usr/lib/system/libunwind.dylib
0x000000000930f000 	/usr/lib/system/libxpc.dylib
0x000000000930f000 	/usr/lib/libbsm.0.dylib
0x000000000930f000 	/usr/lib/libsqlite3.dylib
0x000000000930f000 	/usr/lib/libxar.1.dylib
0x000000000930f000 	/usr/lib/libpam.2.dylib
0x000000000930f000 	/usr/lib/libOpenScriptingUtil.dylib
0x000000000930f000 	/usr/lib/libbz2.1.0.dylib
0x000000000930f000 	/System/Library/Frameworks/CoreServices.framework/Versions/A/Frameworks/CarbonCore.framework/Versions/A/CarbonCore
0x000000000930f000 	/System/Library/Frameworks/CoreServices.framework/Versions/A/Frameworks/Metadata.framework/Versions/A/Metadata
0x000000000930f000 	/System/Library/Frameworks/CoreServices.framework/Versions/A/Frameworks/OSServices.framework/Versions/A/OSServices
0x000000000930f000 	/System/Library/Frameworks/CoreServices.framework/Versions/A/Frameworks/SearchKit.framework/Versions/A/SearchKit
0x000000000930f000 	/System/Library/Frameworks/CoreServices.framework/Versions/A/Frameworks/AE.framework/Versions/A/AE
0x000000000930f000 	/System/Library/Frameworks/CoreServices.framework/Versions/A/Frameworks/LaunchServices.framework/Versions/A/LaunchServices
0x000000000930f000 	/System/Library/Frameworks/CoreServices.framework/Versions/A/Frameworks/DictionaryServices.framework/Versions/A/DictionaryServices
0x000000000930f000 	/System/Library/Frameworks/NetFS.framework/Versions/A/NetFS
0x000000000930f000 	/usr/lib/system/libkxld.dylib
0x000000000930f000 	/System/Library/PrivateFrameworks/NetAuth.framework/Versions/A/NetAuth
0x000000000930f000 	/System/Library/PrivateFrameworks/TCC.framework/Versions/A/TCC
0x000000000930f000 	/System/Library/Frameworks/OpenDirectory.framework/Versions/A/Frameworks/CFOpenDirectory.framework/Versions/A/CFOpenDirectory
0x000000000930f000 	/System/Library/Frameworks/ServiceManagement.framework/Versions/A/ServiceManagement
0x000000000930f000 	/usr/lib/libxslt.1.dylib
0x000000000930f000 	/System/Library/Frameworks/Carbon.framework/Versions/A/Frameworks/Ink.framework/Versions/A/Ink
0x000000000930f000 	/System/Library/Frameworks/ApplicationServices.framework/Versions/A/Frameworks/ATS.framework/Versions/A/ATS
0x000000000930f000 	/System/Library/Frameworks/ApplicationServices.framework/Versions/A/Frameworks/ColorSync.framework/Versions/A/ColorSync
0x000000000930f000 	/System/Library/Frameworks/ApplicationServices.framework/Versions/A/Frameworks/HIServices.framework/Versions/A/HIServices
0x000000000930f000 	/System/Library/Frameworks/ApplicationServices.framework/Versions/A/Frameworks/LangAnalysis.framework/Versions/A/LangAnalysis
0x000000000930f000 	/System/Library/Frameworks/ApplicationServices.framework/Versions/A/Frameworks/PrintCore.framework/Versions/A/PrintCore
0x000000000930f000 	/System/Library/Frameworks/ApplicationServices.framework/Versions/A/Frameworks/QD.framework/Versions/A/QD
0x000000000930f000 	/System/Library/Frameworks/ApplicationServices.framework/Versions/A/Frameworks/SpeechSynthesis.framework/Versions/A/SpeechSynthesis
0x000000000930f000 	/System/Library/Frameworks/IOSurface.framework/Versions/A/IOSurface
0x000000000930f000 	/System/Library/Frameworks/Accelerate.framework/Versions/A/Accelerate
0x000000000930f000 	/System/Library/Frameworks/Accelerate.framework/Versions/A/Frameworks/vImage.framework/Versions/A/vImage
0x000000000930f000 	/System/Library/Frameworks/Accelerate.framework/Versions/A/Frameworks/vecLib.framework/Versions/A/vecLib
0x000000000930f000 	/System/Library/Frameworks/Accelerate.framework/Versions/A/Frameworks/vecLib.framework/Versions/A/libvDSP.dylib
0x000000000930f000 	/System/Library/Frameworks/Accelerate.framework/Versions/A/Frameworks/vecLib.framework/Versions/A/libvMisc.dylib
0x000000000930f000 	/System/Library/Frameworks/Accelerate.framework/Versions/A/Frameworks/vecLib.framework/Versions/A/libLAPACK.dylib
0x000000000930f000 	/System/Library/Frameworks/Accelerate.framework/Versions/A/Frameworks/vecLib.framework/Versions/A/libBLAS.dylib
0x000000000930f000 	/System/Library/Frameworks/ApplicationServices.framework/Versions/A/Frameworks/ATS.framework/Versions/A/Resources/libFontParser.dylib
0x000000000930f000 	/System/Library/Frameworks/ApplicationServices.framework/Versions/A/Frameworks/ATS.framework/Versions/A/Resources/libFontRegistry.dylib
0x000000000930f000 	/System/Library/Frameworks/ImageIO.framework/Versions/A/Resources/libJPEG.dylib
0x000000000930f000 	/System/Library/Frameworks/ImageIO.framework/Versions/A/Resources/libTIFF.dylib
0x000000000930f000 	/System/Library/Frameworks/ImageIO.framework/Versions/A/Resources/libPng.dylib
0x000000000930f000 	/System/Library/Frameworks/ImageIO.framework/Versions/A/Resources/libGIF.dylib
0x000000000930f000 	/System/Library/Frameworks/ImageIO.framework/Versions/A/Resources/libJP2.dylib
0x000000000930f000 	/System/Library/Frameworks/ImageIO.framework/Versions/A/Resources/libRadiance.dylib
0x000000000930f000 	/usr/lib/libcups.2.dylib
0x000000000930f000 	/System/Library/Frameworks/Kerberos.framework/Versions/A/Kerberos
0x000000000930f000 	/System/Library/Frameworks/GSS.framework/Versions/A/GSS
0x000000000930f000 	/usr/lib/libresolv.9.dylib
0x000000000930f000 	/usr/lib/libiconv.2.dylib
0x000000000930f000 	/System/Library/PrivateFrameworks/Heimdal.framework/Versions/A/Heimdal
0x000000000930f000 	/System/Library/PrivateFrameworks/TrustEvaluationAgent.framework/Versions/A/TrustEvaluationAgent
0x000000000930f000 	/usr/lib/libheimdal-asn1.dylib
0x000000000930f000 	/System/Library/Frameworks/OpenDirectory.framework/Versions/A/OpenDirectory
0x000000000930f000 	/System/Library/PrivateFrameworks/CommonAuth.framework/Versions/A/CommonAuth
0x000000000930f000 	/System/Library/Frameworks/SecurityFoundation.framework/Versions/A/SecurityFoundation
0x000000000930f000 	/System/Library/PrivateFrameworks/Bom.framework/Versions/A/Bom
0x000000000930f000 	/System/Library/Frameworks/CoreVideo.framework/Versions/A/CoreVideo
0x000000000930f000 	/System/Library/Frameworks/QuartzCore.framework/Versions/A/Frameworks/CoreImage.framework/Versions/A/CoreImage
0x000000000930f000 	/System/Library/Frameworks/QuartzCore.framework/Versions/A/Frameworks/ScalableUserInterface.framework/Versions/A/ScalableUserInterface
0x000000000930f000 	/System/Library/Frameworks/OpenGL.framework/Versions/A/Libraries/libGLU.dylib
0x000000000930f000 	/System/Library/Frameworks/OpenGL.framework/Versions/A/Libraries/libGFXShared.dylib
0x000000000930f000 	/System/Library/Frameworks/OpenGL.framework/Versions/A/Libraries/libGL.dylib
0x000000000930f000 	/System/Library/Frameworks/OpenGL.framework/Versions/A/Libraries/libGLImage.dylib
0x000000000930f000 	/System/Library/Frameworks/OpenGL.framework/Versions/A/Libraries/libCVMSPluginSupport.dylib
0x000000000930f000 	/System/Library/Frameworks/OpenGL.framework/Versions/A/Libraries/libCoreVMClient.dylib
0x000000000930f000 	/System/Library/PrivateFrameworks/FaceCore.framework/Versions/A/FaceCore
0x000000000930f000 	/System/Library/PrivateFrameworks/CrashReporterSupport.framework/Versions/A/CrashReporterSupport
0x000000000930f000 	/System/Library/Frameworks/OpenCL.framework/Versions/A/OpenCL
0x000000000930f000 	/System/Library/PrivateFrameworks/AppleFSCompression.framework/Versions/A/AppleFSCompression
0x000000000930f000 	/System/Library/PrivateFrameworks/Ubiquity.framework/Versions/A/Ubiquity
0x000000000930f000 	/System/Library/PrivateFrameworks/IconServices.framework/Versions/A/IconServices
0x000000000930f000 	/System/Library/PrivateFrameworks/ChunkingLibrary.framework/Versions/A/ChunkingLibrary
0x000000000930f000 	/System/Library/PrivateFrameworks/CoreSymbolication.framework/Versions/A/CoreSymbolication
0x000000000930f000 	/System/Library/PrivateFrameworks/Symbolication.framework/Versions/A/Symbolication
0x000000000930f000 	/System/Library/PrivateFrameworks/DebugSymbols.framework/Versions/A/DebugSymbols
0x0000000104216000 	/Library/Java/JavaVirtualMachines/jdk1.8.0_65.jdk/Contents/Home/jre/lib/server/libjvm.dylib
0x000000000930f000 	/usr/lib/libstdc++.6.dylib
0x00000001052a2000 	/Library/Java/JavaVirtualMachines/jdk1.8.0_65.jdk/Contents/Home/jre/lib/libverify.dylib
0x00000001052b0000 	/Library/Java/JavaVirtualMachines/jdk1.8.0_65.jdk/Contents/Home/jre/lib/libjava.dylib
0x00000001052ef000 	/Library/Java/JavaVirtualMachines/jdk1.8.0_65.jdk/Contents/Home/jre/lib/libzip.dylib
0x000000019900f000 	/System/Library/Frameworks/JavaVM.framework/Frameworks/JavaRuntimeSupport.framework/JavaRuntimeSupport
0x0000000199027000 	/System/Library/Frameworks/JavaVM.framework/Versions/A/Frameworks/JavaNativeFoundation.framework/Versions/A/JavaNativeFoundation
0x000000019903c000 	/System/Library/Frameworks/JavaVM.framework/Versions/A/JavaVM
0x000000000930f000 	/System/Library/Frameworks/Carbon.framework/Versions/A/Carbon
0x0000000199049000 	/System/Library/PrivateFrameworks/JavaLaunching.framework/Versions/A/JavaLaunching
0x000000000930f000 	/System/Library/Frameworks/Carbon.framework/Versions/A/Frameworks/CommonPanels.framework/Versions/A/CommonPanels
0x000000000930f000 	/System/Library/Frameworks/Carbon.framework/Versions/A/Frameworks/Help.framework/Versions/A/Help
0x000000000930f000 	/System/Library/Frameworks/Carbon.framework/Versions/A/Frameworks/ImageCapture.framework/Versions/A/ImageCapture
0x000000000930f000 	/System/Library/Frameworks/Carbon.framework/Versions/A/Frameworks/OpenScripting.framework/Versions/A/OpenScripting
0x000000000930f000 	/System/Library/Frameworks/Carbon.framework/Versions/A/Frameworks/Print.framework/Versions/A/Print
0x000000000930f000 	/System/Library/Frameworks/Carbon.framework/Versions/A/Frameworks/SecurityHI.framework/Versions/A/SecurityHI
0x00000001997b2000 	/Library/Java/JavaVirtualMachines/jdk1.8.0_65.jdk/Contents/Home/jre/lib/libawt.dylib
0x000000019985a000 	/Library/Java/JavaVirtualMachines/jdk1.8.0_65.jdk/Contents/Home/jre/lib/./libmlib_image.dylib
0x0000000199926000 	/Library/Java/JavaVirtualMachines/jdk1.8.0_65.jdk/Contents/Home/jre/lib/libawt_lwawt.dylib
0x00000001999db000 	/Library/Java/JavaVirtualMachines/jdk1.8.0_65.jdk/Contents/Home/jre/lib/./libosxapp.dylib
0x000000000930f000 	/System/Library/Frameworks/ExceptionHandling.framework/Versions/A/ExceptionHandling
0x000000000930f000 	/System/Library/PrivateFrameworks/CoreServicesInternal.framework/Versions/A/CoreServicesInternal
0x000000000930f000 	/System/Library/PrivateFrameworks/Librarian.framework/Versions/A/Librarian
0x000000019b23f000 	/System/Library/Frameworks/CoreGraphics.framework/Versions/A/Resources/libCGCMS.A.dylib
0x000000019bee4000 	/System/Library/Frameworks/CoreGraphics.framework/Versions/A/Resources/libRIP.A.dylib
0x000000019c132000 	/System/Library/Frameworks/CoreGraphics.framework/Versions/A/Resources/libCGXType.A.dylib
0x000000000930f000 	/System/Library/PrivateFrameworks/FamilyControls.framework/Versions/A/FamilyControls
0x000000000930f000 	/System/Library/PrivateFrameworks/CommerceKit.framework/Versions/A/Frameworks/CommerceCore.framework/Versions/A/CommerceCore
0x000000000930f000 	/System/Library/PrivateFrameworks/SystemAdministration.framework/Versions/A/SystemAdministration
0x000000000930f000 	/System/Library/Frameworks/DirectoryService.framework/Versions/A/DirectoryService
0x000000000930f000 	/System/Library/PrivateFrameworks/DiskImages.framework/Versions/A/DiskImages
0x000000000930f000 	/System/Library/PrivateFrameworks/LoginUIKit.framework/Versions/A/Frameworks/LoginUICore.framework/Versions/A/LoginUICore
0x000000000930f000 	/usr/lib/libCoreStorage.dylib
0x000000000930f000 	/usr/lib/libcsfde.dylib
0x000000000930f000 	/usr/lib/libodfde.dylib
0x000000000930f000 	/System/Library/Frameworks/DiscRecording.framework/Versions/A/DiscRecording
0x000000000930f000 	/usr/lib/libcurl.4.dylib
0x000000000930f000 	/System/Library/PrivateFrameworks/MediaKit.framework/Versions/A/MediaKit
0x000000000930f000 	/System/Library/PrivateFrameworks/EFILogin.framework/Versions/A/EFILogin
0x000000000930f000 	/usr/lib/libutil.dylib
0x000000000930f000 	/System/Library/PrivateFrameworks/AOSNotification.framework/Versions/A/AOSNotification
0x000000000930f000 	/System/Library/Frameworks/LDAP.framework/Versions/A/LDAP
0x000000000930f000 	/usr/lib/libsasl2.2.dylib
0x000000000930f000 	/usr/lib/libcrypto.0.9.8.dylib
0x000000000930f000 	/usr/lib/libssl.0.9.8.dylib
0x000000019dc29000 	/System/Library/Frameworks/OpenGL.framework/Resources/GLEngine.bundle/GLEngine
0x000000000930f000 	/System/Library/Frameworks/OpenGL.framework/Versions/A/Libraries/libGLProgrammability.dylib
0x000000019de05000 	/System/Library/Extensions/AppleIntelHD4000GraphicsGLDriver.bundle/Contents/MacOS/AppleIntelHD4000GraphicsGLDriver
0x000000000930f000 	/System/Library/PrivateFrameworks/IOAccelerator.framework/Versions/A/IOAccelerator
0x000000000930f000 	/System/Library/PrivateFrameworks/GPUSupport.framework/Versions/A/Libraries/libGPUSupportMercury.dylib
0x000000019e837000 	/System/Library/Frameworks/OpenGL.framework/Resources//GLRendererFloat.bundle/GLRendererFloat
0x000000000930f000 	/System/Library/Frameworks/OpenCL.framework/Versions/A/Libraries/libcldcpuengine.dylib
0x000000019f1ee000 	/Library/Java/JavaVirtualMachines/jdk1.8.0_65.jdk/Contents/Home/jre/lib/libfontmanager.dylib
0x00000001a02d1000 	/Library/Java/JavaVirtualMachines/jdk1.8.0_65.jdk/Contents/Home/jre/lib/libosxui.dylib
0x00000001a0c9c000 	/Library/Java/JavaVirtualMachines/jdk1.8.0_65.jdk/Contents/Home/jre/lib/libnet.dylib
0x00000001a0cfb000 	/Library/Java/JavaVirtualMachines/jdk1.8.0_65.jdk/Contents/Home/jre/lib/libnio.dylib
0x000000000930f000 	/System/Library/Frameworks/ApplicationServices.framework/Versions/A/Frameworks/ATS.framework/Versions/A/Resources/libTrueTypeScaler.dylib
0x000000020eaba000 	/private/var/folders/bd/jbd34hlj5lqbvms35s4_k5w40000gn/T/jogamp_0000/file_cache/jln3318062768933913908/jln2095302137497386829/libgluegen-rt.jnilib
0x00000001a2a09000 	/private/var/folders/bd/jbd34hlj5lqbvms35s4_k5w40000gn/T/jogamp_0000/file_cache/jln3318062768933913908/jln2095302137497386829/libnativewindow_awt.jnilib
0x000000020eabe000 	/Library/Java/JavaVirtualMachines/jdk1.8.0_65.jdk/Contents/Home/jre/lib/libjawt.dylib
0x000000020ecd5000 	/private/var/folders/bd/jbd34hlj5lqbvms35s4_k5w40000gn/T/jogamp_0000/file_cache/jln3318062768933913908/jln2095302137497386829/libnativewindow_macosx.jnilib
0x0000000210899000 	/private/var/folders/bd/jbd34hlj5lqbvms35s4_k5w40000gn/T/jogamp_0000/file_cache/jln3318062768933913908/jln2095302137497386829/libjogl_desktop.jnilib
0x0000000212bef000 	/Library/Java/JavaVirtualMachines/jdk1.8.0_65.jdk/Contents/Home/jre/lib/libt2k.dylib

VM Arguments:
jvm_args: -Djava.security.policy=java.policy.applet -Dfile.encoding=UTF-8 
java_command: sun.applet.AppletViewer module4.EarthquakeCityMap1450023005595.html
java_class_path (initial): /Users/reallifejasmine/Documents/workspace/UCSDUnfoldingMaps/build:/Users/reallifejasmine/Documents/workspace/UCSDUnfoldingMaps/lib/core.jar:/Users/reallifejasmine/Documents/workspace/UCSDUnfoldingMaps/lib/gluegen-rt.jar:/Users/reallifejasmine/Documents/workspace/UCSDUnfoldingMaps/lib/jogl-all.jar:/Users/reallifejasmine/Documents/workspace/UCSDUnfoldingMaps/lib/log4j-1.2.15.jar:/Users/reallifejasmine/Documents/workspace/UCSDUnfoldingMaps/lib/sqlite-jdbc-3.7.2.jar:/Users/reallifejasmine/Documents/workspace/UCSDUnfoldingMaps/lib/json4processing.jar:/Users/reallifejasmine/Documents/workspace/UCSDUnfoldingMaps/lib/libTUIO.jar:/Users/reallifejasmine/Documents/workspace/UCSDUnfoldingMaps/lib/unfolding.0.9.7-uscd.jar
Launcher Type: SUN_STANDARD

Environment Variables:
PATH=/usr/bin:/bin:/usr/sbin:/sbin
SHELL=/bin/bash
DISPLAY=/tmp/launch-qMDjT5/org.macosforge.xquartz:0

Signal Handlers:
SIGSEGV: [libjvm.dylib+0x5a6d31], sa_mask[0]=11111111011111110111111111111111, sa_flags=SA_ONSTACK|SA_RESTART|SA_SIGINFO
SIGBUS: [libjvm.dylib+0x5a6d31], sa_mask[0]=11111111011111110111111111111111, sa_flags=SA_RESTART|SA_SIGINFO
SIGFPE: [libjvm.dylib+0x480a40], sa_mask[0]=11111111011111110111111111111111, sa_flags=SA_RESTART|SA_SIGINFO
SIGPIPE: [libjvm.dylib+0x480a40], sa_mask[0]=11111111011111110111111111111111, sa_flags=SA_RESTART|SA_SIGINFO
SIGXFSZ: [libjvm.dylib+0x480a40], sa_mask[0]=11111111011111110111111111111111, sa_flags=SA_RESTART|SA_SIGINFO
SIGILL: [libjvm.dylib+0x480a40], sa_mask[0]=11111111011111110111111111111111, sa_flags=SA_RESTART|SA_SIGINFO
SIGUSR1: SIG_DFL, sa_mask[0]=00000000000000000000000000000000, sa_flags=SA_RESTART
SIGUSR2: [libjvm.dylib+0x48055e], sa_mask[0]=00100000000000000000000000000000, sa_flags=SA_RESTART|SA_SIGINFO
SIGHUP: [libjvm.dylib+0x47eb35], sa_mask[0]=11111111011111110111111111111111, sa_flags=SA_RESTART|SA_SIGINFO
SIGINT: [libjvm.dylib+0x47eb35], sa_mask[0]=11111111011111110111111111111111, sa_flags=SA_RESTART|SA_SIGINFO
SIGTERM: [libjvm.dylib+0x47eb35], sa_mask[0]=11111111011111110111111111111111, sa_flags=SA_RESTART|SA_SIGINFO
SIGQUIT: [libjvm.dylib+0x47eb35], sa_mask[0]=11111111011111110111111111111111, sa_flags=SA_RESTART|SA_SIGINFO


---------------  S Y S T E M  ---------------

OS:Bsduname:Darwin 13.4.0 Darwin Kernel Version 13.4.0: Wed Mar 18 16:20:14 PDT 2015; root:xnu-2422.115.14~1/RELEASE_X86_64 x86_64
rlimit: STACK 8192k, CORE 0k, NPROC 709, NOFILE 10240, AS infinity
load average:1.22 1.29 1.32

CPU:total 4 (2 cores per cpu, 2 threads per core) family 6 model 58 stepping 9, cmov, cx8, fxsr, mmx, sse, sse2, sse3, ssse3, sse4.1, sse4.2, popcnt, avx, aes, clmul, erms, ht, tsc, tscinvbit, tscinv

Memory: 4k page, physical 4194304k(149060k free)

/proc/meminfo:


vm_info: Java HotSpot(TM) 64-Bit Server VM (25.65-b01) for bsd-amd64 JRE (1.8.0_65-b17), built on Oct  6 2015 15:36:46 by "java_re" with gcc 4.2.1 (Based on Apple Inc. build 5658) (LLVM build 2336.11.00)

time: Sun Dec 13 11:10:28 2015
elapsed time: 22 seconds (0d 0h 0m 22s)

