#
# A fatal error has been detected by the Java Runtime Environment:
#
#  SIGSEGV (0xb) at pc=0x00007fff8ecb6097, pid=2817, tid=3335
#
# JRE version: Java(TM) SE Runtime Environment (8.0_65-b17) (build 1.8.0_65-b17)
# Java VM: Java HotSpot(TM) 64-Bit Server VM (25.65-b01 mixed mode bsd-amd64 compressed oops)
# Problematic frame:
# C  [libobjc.A.dylib+0x5097]  objc_msgSend+0x17
#
# Failed to write core dump. Core dumps have been disabled. To enable core dumping, try "ulimit -c unlimited" before starting Java again
#
# If you would like to submit a bug report, please visit:
#   http://bugreport.java.com/bugreport/crash.jsp
# The crash happened outside the Java Virtual Machine in native code.
# See problematic frame for where to report the bug.
#

---------------  T H R E A D  ---------------

Current thread (0x00007fa5148b4000):  JavaThread "AWT-AppKit" daemon [_thread_in_native, id=3335, stack(0x00007fff533ab000,0x00007fff53bab000)]

siginfo: si_signo: 11 (SIGSEGV), si_code: 0 (unknown), si_addr: 0x0000000000000000

Registers:
RAX=0x00007fa518827ef0, RBX=0x0000000196d56450, RCX=0x00000001285576c0, RDX=0x0000000128557580
RSP=0x00007fff53ba6308, RBP=0x00007fff53ba63c0, RSI=0x00007fff8e4124c6, RDI=0x00007fa5186c51e0
R8 =0x0000000000000000, R9 =0x00000000000006d0, R10=0x00007fff8e4124c6, R11=0x3000000000000000
R12=0x0000000000000000, R13=0x0000000198a694f0, R14=0x0000000196d56440, R15=0x00007fa5148b4000
RIP=0x00007fff8ecb6097, EFLAGS=0x0000000000010246, ERR=0x0000000000000000
  TRAPNO=0x000000000000000d

Top of Stack: (sp=0x00007fff53ba6308)
0x00007fff53ba6308:   0000000196d54157 00007fff53ba6360
0x00007fff53ba6318:   0000000000000003 00007fff53ba6340
0x00007fff53ba6328:   000000010cbf19a6 0000000198a694f0
0x00007fff53ba6338:   0000000198a694f0 00007fa518827ef0
0x00007fff53ba6348:   0000000196d566a0 0000000196d56710
0x00007fff53ba6358:   00007fff7b9cffb0 00007fff7bdc2420
0x00007fff53ba6368:   0000000196d56450 0000000196d56690
0x00007fff53ba6378:   00007fa518827ef0 00007fa5186c51e0
0x00007fff53ba6388:   00007fa5187a13f0 00007fa518827ef0
0x00007fff53ba6398:   00007fa5186c51e0 00007fff53ba6448
0x00007fff53ba63a8:   00007fa5148b41f8 0000000198a694f0
0x00007fff53ba63b8:   00007fff53ba6470 00007fff53ba6438
0x00007fff53ba63c8:   000000010daa1954 0000000198a694f0
0x00007fff53ba63d8:   00007fff53ba6470 00007fff53ba6438
0x00007fff53ba63e8:   000000010daa16e7 000000010daa16a2
0x00007fff53ba63f8:   00007fff53ba63f8 0000000198a694f0
0x00007fff53ba6408:   00007fff53ba6470 0000000198a6c128
0x00007fff53ba6418:   0000000000000000 0000000198a694f0
0x00007fff53ba6428:   0000000000000000 00007fff53ba6458
0x00007fff53ba6438:   00007fff53ba64b8 000000010da93c4d
0x00007fff53ba6448:   0000000780d72938 000000010da9b578
0x00007fff53ba6458:   00007fa518827ef0 00007fff53ba64b8
0x00007fff53ba6468:   00007fa5186c51e0 000000010da9cd82
0x00007fff53ba6478:   00007fff53ba6478 0000000198a696ba
0x00007fff53ba6488:   00007fff53ba64e0 0000000198a6c128
0x00007fff53ba6498:   0000000000000000 0000000198a696c8
0x00007fff53ba64a8:   00007fff53ba6458 00007fff53ba64c8
0x00007fff53ba64b8:   00007fff53ba6528 000000010da93c4d
0x00007fff53ba64c8:   00007fa518827ef0 0000000780bed230
0x00007fff53ba64d8:   00007fa5186c51e0 0000000780bed230
0x00007fff53ba64e8:   00007fff53ba64e8 000000019c281626
0x00007fff53ba64f8:   00007fff53ba6538 000000019c2816e0 

Instructions: (pc=0x00007fff8ecb6097)
0x00007fff8ecb6077:   90 90 90 90 90 90 90 90 90 48 85 ff 2e 74 72 40
0x00007fff8ecb6087:   f6 c7 01 2e 0f 85 7e 00 00 00 4c 8b 1f 49 89 f2
0x00007fff8ecb6097:   45 23 53 18 49 c1 e2 04 4d 03 53 10 49 3b 32 75
0x00007fff8ecb60a7:   04 41 ff 62 08 49 83 3a 00 74 74 4d 3b 53 10 74 

Register to memory mapping:

RAX=0x00007fa518827ef0 is an unknown value
RBX=0x0000000196d56450: Java_jogamp_nativewindow_macosx_OSXUtil_GetScreenRefreshRate0+0x1cf0 in /private/var/folders/bd/jbd34hlj5lqbvms35s4_k5w40000gn/T/jogamp_0000/file_cache/jln3934647808829098132/jln7003222339131677967/libnativewindow_macosx.jnilib at 0x0000000196d4f000
RCX=0x00000001285576c0 is an unknown value
RDX=0x0000000128557580 is an unknown value
RSP=0x00007fff53ba6308 is pointing into the stack for thread: 0x00007fa5148b4000
RBP=0x00007fff53ba63c0 is pointing into the stack for thread: 0x00007fa5148b4000
RSI=0x00007fff8e4124c6: NSAppKitVersionNumber+0x12eb6 in /System/Library/Frameworks/AppKit.framework/Versions/C/AppKit at 0x00007fff8d9af000
RDI=0x00007fa5186c51e0 is an unknown value
R8 =0x0000000000000000 is an unknown value
R9 =0x00000000000006d0 is an unknown value
R10=0x00007fff8e4124c6: NSAppKitVersionNumber+0x12eb6 in /System/Library/Frameworks/AppKit.framework/Versions/C/AppKit at 0x00007fff8d9af000
R11=0x3000000000000000 is an unknown value
R12=0x0000000000000000 is an unknown value
R13={method} {0x0000000198a694f0} 'UnsetJAWTRootSurfaceLayer0' '(JJ)V' in 'jogamp/nativewindow/jawt/macosx/MacOSXJAWTWindow'
R14=0x0000000196d56440: Java_jogamp_nativewindow_macosx_OSXUtil_GetScreenRefreshRate0+0x1ce0 in /private/var/folders/bd/jbd34hlj5lqbvms35s4_k5w40000gn/T/jogamp_0000/file_cache/jln3934647808829098132/jln7003222339131677967/libnativewindow_macosx.jnilib at 0x0000000196d4f000
R15=0x00007fa5148b4000 is a thread


Stack: [0x00007fff533ab000,0x00007fff53bab000],  sp=0x00007fff53ba6308,  free space=8172k
Native frames: (J=compiled Java code, j=interpreted, Vv=VM code, C=native code)
C  [libobjc.A.dylib+0x5097]  objc_msgSend+0x17
j  jogamp.nativewindow.jawt.macosx.MacOSXJAWTWindow.UnsetJAWTRootSurfaceLayer0(JJ)V+0
j  jogamp.nativewindow.jawt.macosx.MacOSXJAWTWindow.access$200(JJ)V+2
j  jogamp.nativewindow.jawt.macosx.MacOSXJAWTWindow$1.run()V+38
j  com.jogamp.common.util.RunnableTask.run()V+24
v  ~StubRoutines::call_stub
V  [libjvm.dylib+0x2eab02]
V  [libjvm.dylib+0x321bab]
V  [libjvm.dylib+0x31437f]
C  [libnativewindow_macosx.jnilib+0x5326]  Java_jogamp_nativewindow_jawt_macosx_MacOSXJAWTWindow_UnsetJAWTRootSurfaceLayer0+0x2b6
C  [Foundation+0x6375e]  __NSThreadPerformPerform+0xe5
C  [CoreFoundation+0x7f5b1]  __CFRUNLOOP_IS_CALLING_OUT_TO_A_SOURCE0_PERFORM_FUNCTION__+0x11
C  [CoreFoundation+0x70d29]  __CFRunLoopDoSources0+0x1b9
C  [CoreFoundation+0x703ef]  __CFRunLoopRun+0x33f
C  [CoreFoundation+0x6fe75]  CFRunLoopRunSpecific+0x135
C  [HIToolbox+0x2ea0d]  RunCurrentEventLoopInMode+0xe2
C  [HIToolbox+0x2e685]  ReceiveNextEventCommon+0xad
C  [HIToolbox+0x2e5bc]  _BlockUntilNextEventMatchingListInModeWithFilter+0x41
C  [AppKit+0x2424e]  _DPSNextEvent+0x59a
C  [AppKit+0x2389b]  -[NSApplication nextEventMatchingMask:untilDate:inMode:dequeue:]+0x7a
C  [libosxapp.dylib+0x23aa]  -[NSApplicationAWT nextEventMatchingMask:untilDate:inMode:dequeue:]+0x7c
C  [AppKit+0x1799c]  -[NSApplication run]+0x229
C  [libosxapp.dylib+0x214d]  +[NSApplicationAWT runAWTLoopWithApp:]+0x9c
C  [libawt_lwawt.dylib+0x44517]  -[AWTStarter starter:]+0x389
C  [Foundation+0x6375e]  __NSThreadPerformPerform+0xe5
C  [CoreFoundation+0x7f5b1]  __CFRUNLOOP_IS_CALLING_OUT_TO_A_SOURCE0_PERFORM_FUNCTION__+0x11
C  [CoreFoundation+0x70c62]  __CFRunLoopDoSources0+0xf2
C  [CoreFoundation+0x703ef]  __CFRunLoopRun+0x33f
C  [CoreFoundation+0x6fe75]  CFRunLoopRunSpecific+0x135
C  [java+0x6463]  CreateExecutionEnvironment+0x367
C  [java+0x21ac]  JLI_Launch+0x7a0
C  [java+0x84c0]  main+0x65
C  [java+0x1a04]  start+0x34
C  0x0000000000000007

Java frames: (J=compiled Java code, j=interpreted, Vv=VM code)
j  jogamp.nativewindow.jawt.macosx.MacOSXJAWTWindow.UnsetJAWTRootSurfaceLayer0(JJ)V+0
j  jogamp.nativewindow.jawt.macosx.MacOSXJAWTWindow.access$200(JJ)V+2
j  jogamp.nativewindow.jawt.macosx.MacOSXJAWTWindow$1.run()V+38
j  com.jogamp.common.util.RunnableTask.run()V+24
v  ~StubRoutines::call_stub

---------------  P R O C E S S  ---------------

Java Threads: ( => current thread )
  0x00007fa508bfb000 JavaThread "Thread-20" [_thread_blocked, id=34823, stack(0x000000019a6f3000,0x000000019a7f3000)]
  0x00007fa5143fb800 JavaThread "AWT-EventQueue-1" [_thread_in_native, id=56591, stack(0x00000001972c4000,0x00000001973c4000)]
  0x00007fa514cbf000 JavaThread "DestroyJavaVM" [_thread_blocked, id=6915, stack(0x000000010d98a000,0x000000010da8a000)]
  0x00007fa51496e800 JavaThread "AWT-EventQueue-0" [_thread_blocked, id=54279, stack(0x00000001287a9000,0x00000001288a9000)]
  0x00007fa5148fc800 JavaThread "Java2D Disposer" daemon [_thread_blocked, id=49715, stack(0x00000001273df000,0x00000001274df000)]
  0x00007fa5148f5800 JavaThread "Java2D Queue Flusher" daemon [_thread_blocked, id=47375, stack(0x000000012602b000,0x000000012612b000)]
  0x00007fa5140fd000 JavaThread "AWT-Shutdown" [_thread_blocked, id=28683, stack(0x0000000123690000,0x0000000123790000)]
=>0x00007fa5148b4000 JavaThread "AWT-AppKit" daemon [_thread_in_native, id=3335, stack(0x00007fff533ab000,0x00007fff53bab000)]
  0x00007fa51482a800 JavaThread "Service Thread" daemon [_thread_blocked, id=19971, stack(0x0000000121ab7000,0x0000000121bb7000)]
  0x00007fa51402d800 JavaThread "C1 CompilerThread2" daemon [_thread_blocked, id=19459, stack(0x00000001219b4000,0x0000000121ab4000)]
  0x00007fa51402c800 JavaThread "C2 CompilerThread1" daemon [_thread_blocked, id=18947, stack(0x00000001218b1000,0x00000001219b1000)]
  0x00007fa514000800 JavaThread "C2 CompilerThread0" daemon [_thread_blocked, id=18435, stack(0x00000001217ae000,0x00000001218ae000)]
  0x00007fa515017800 JavaThread "Signal Dispatcher" daemon [_thread_blocked, id=17923, stack(0x00000001216ab000,0x00000001217ab000)]
  0x00007fa514013000 JavaThread "Finalizer" daemon [_thread_blocked, id=13059, stack(0x000000012145c000,0x000000012155c000)]
  0x00007fa514012800 JavaThread "Reference Handler" daemon [_thread_blocked, id=12547, stack(0x0000000121359000,0x0000000121459000)]

Other Threads:
  0x00007fa515016000 VMThread [stack: 0x0000000121256000,0x0000000121356000] [id=12035]
  0x00007fa51482b800 WatcherThread [stack: 0x0000000121bba000,0x0000000121cba000] [id=20483]

VM state:not at safepoint (normal execution)

VM Mutex/Monitor currently owned by a thread: None

Heap:
 PSYoungGen      total 215552K, used 80738K [0x00000007aab00000, 0x00000007bf180000, 0x00000007c0000000)
  eden space 201728K, 40% used [0x00000007aab00000,0x00000007af9d0920,0x00000007b7000000)
  from space 13824K, 0% used [0x00000007bd680000,0x00000007bd688000,0x00000007be400000)
  to   space 13312K, 0% used [0x00000007be480000,0x00000007be480000,0x00000007bf180000)
 ParOldGen       total 43008K, used 29044K [0x0000000780000000, 0x0000000782a00000, 0x00000007aab00000)
  object space 43008K, 67% used [0x0000000780000000,0x0000000781c5d300,0x0000000782a00000)
 Metaspace       used 27436K, capacity 27645K, committed 27904K, reserved 1075200K
  class space    used 2150K, capacity 2240K, committed 2304K, reserved 1048576K

Card table byte_map: [0x000000011ce4c000,0x000000011d04d000] byte_map_base: 0x000000011924c000

Marking Bits: (ParMarkBitMap*) 0x000000010d2dee20
 Begin Bits: [0x000000011d5af000, 0x000000011e5af000)
 End Bits:   [0x000000011e5af000, 0x000000011f5af000)

Polling page: 0x000000010c1ad000

CodeCache: size=245760Kb used=11693Kb max_used=11912Kb free=234066Kb
 bounds [0x000000010da8c000, 0x000000010e67c000, 0x000000011ca8c000]
 total_blobs=3783 nmethods=2885 adapters=811
 compilation: enabled

Compilation events (10 events):
Event: 162.248 Thread 0x00007fa51402d800 3288       3       java.awt.Component::eventEnabled (9 bytes)
Event: 162.248 Thread 0x00007fa51402d800 nmethod 3288 0x000000010e2616d0 code [0x000000010e261840, 0x000000010e261a68]
Event: 162.248 Thread 0x00007fa51402d800 3289       3       java.awt.Component::eventTypeEnabled (487 bytes)
Event: 162.248 Thread 0x00007fa514000800 3291       4       sun.java2d.SurfaceData::pixelFor (13 bytes)
Event: 162.249 Thread 0x00007fa51402d800 nmethod 3289 0x000000010e3b74d0 code [0x000000010e3b7680, 0x000000010e3b80f0]
Event: 162.249 Thread 0x00007fa51402d800 3290       3       sun.java2d.SunGraphics2D::setColor (108 bytes)
Event: 162.249 Thread 0x00007fa514000800 nmethod 3291 0x000000010e22abd0 code [0x000000010e22ad20, 0x000000010e22ae18]
Event: 162.250 Thread 0x00007fa51402d800 nmethod 3290 0x000000010e041a50 code [0x000000010e041be0, 0x000000010e042118]
Event: 162.298 Thread 0x00007fa51402c800 3292       4       java.beans.WeakIdentityMap$Entry::isMatched (22 bytes)
Event: 162.299 Thread 0x00007fa51402c800 nmethod 3292 0x000000010e060bd0 code [0x000000010e060d20, 0x000000010e060dd8]

GC Heap History (10 events):
Event: 66.600 GC heap before
{Heap before GC invocations=14 (full 1):
 PSYoungGen      total 163328K, used 150624K [0x00000007aab00000, 0x00000007b5a00000, 0x00000007c0000000)
  eden space 150528K, 100% used [0x00000007aab00000,0x00000007b3e00000,0x00000007b3e00000)
  from space 12800K, 0% used [0x00000007b4d80000,0x00000007b4d98000,0x00000007b5a00000)
  to   space 14336K, 0% used [0x00000007b3e00000,0x00000007b3e00000,0x00000007b4c00000)
 ParOldGen       total 43008K, used 28940K [0x0000000780000000, 0x0000000782a00000, 0x00000007aab00000)
  object space 43008K, 67% used [0x0000000780000000,0x0000000781c43300,0x0000000782a00000)
 Metaspace       used 27317K, capacity 27581K, committed 27904K, reserved 1075200K
  class space    used 2140K, capacity 2240K, committed 2304K, reserved 1048576K
Event: 66.601 GC heap after
Heap after GC invocations=14 (full 1):
 PSYoungGen      total 164864K, used 96K [0x00000007aab00000, 0x00000007ba380000, 0x00000007c0000000)
  eden space 150528K, 0% used [0x00000007aab00000,0x00000007aab00000,0x00000007b3e00000)
  from space 14336K, 0% used [0x00000007b3e00000,0x00000007b3e18000,0x00000007b4c00000)
  to   space 14336K, 0% used [0x00000007b9580000,0x00000007b9580000,0x00000007ba380000)
 ParOldGen       total 43008K, used 28972K [0x0000000780000000, 0x0000000782a00000, 0x00000007aab00000)
  object space 43008K, 67% used [0x0000000780000000,0x0000000781c4b300,0x0000000782a00000)
 Metaspace       used 27317K, capacity 27581K, committed 27904K, reserved 1075200K
  class space    used 2140K, capacity 2240K, committed 2304K, reserved 1048576K
}
Event: 81.773 GC heap before
{Heap before GC invocations=15 (full 1):
 PSYoungGen      total 164864K, used 150624K [0x00000007aab00000, 0x00000007ba380000, 0x00000007c0000000)
  eden space 150528K, 100% used [0x00000007aab00000,0x00000007b3e00000,0x00000007b3e00000)
  from space 14336K, 0% used [0x00000007b3e00000,0x00000007b3e18000,0x00000007b4c00000)
  to   space 14336K, 0% used [0x00000007b9580000,0x00000007b9580000,0x00000007ba380000)
 ParOldGen       total 43008K, used 28972K [0x0000000780000000, 0x0000000782a00000, 0x00000007aab00000)
  object space 43008K, 67% used [0x0000000780000000,0x0000000781c4b300,0x0000000782a00000)
 Metaspace       used 27317K, capacity 27581K, committed 27904K, reserved 1075200K
  class space    used 2140K, capacity 2240K, committed 2304K, reserved 1048576K
Event: 81.775 GC heap after
Heap after GC invocations=15 (full 1):
 PSYoungGen      total 231936K, used 96K [0x00000007aab00000, 0x00000007b9f80000, 0x00000007c0000000)
  eden space 221696K, 0% used [0x00000007aab00000,0x00000007aab00000,0x00000007b8380000)
  from space 10240K, 0% used [0x00000007b9580000,0x00000007b9598000,0x00000007b9f80000)
  to   space 14336K, 0% used [0x00000007b8380000,0x00000007b8380000,0x00000007b9180000)
 ParOldGen       total 43008K, used 28980K [0x0000000780000000, 0x0000000782a00000, 0x00000007aab00000)
  object space 43008K, 67% used [0x0000000780000000,0x0000000781c4d300,0x0000000782a00000)
 Metaspace       used 27317K, capacity 27581K, committed 27904K, reserved 1075200K
  class space    used 2140K, capacity 2240K, committed 2304K, reserved 1048576K
}
Event: 103.594 GC heap before
{Heap before GC invocations=16 (full 1):
 PSYoungGen      total 231936K, used 221792K [0x00000007aab00000, 0x00000007b9f80000, 0x00000007c0000000)
  eden space 221696K, 100% used [0x00000007aab00000,0x00000007b8380000,0x00000007b8380000)
  from space 10240K, 0% used [0x00000007b9580000,0x00000007b9598000,0x00000007b9f80000)
  to   space 14336K, 0% used [0x00000007b8380000,0x00000007b8380000,0x00000007b9180000)
 ParOldGen       total 43008K, used 28980K [0x0000000780000000, 0x0000000782a00000, 0x00000007aab00000)
  object space 43008K, 67% used [0x0000000780000000,0x0000000781c4d300,0x0000000782a00000)
 Metaspace       used 27317K, capacity 27581K, committed 27904K, reserved 1075200K
  class space    used 2140K, capacity 2240K, committed 2304K, reserved 1048576K
Event: 103.595 GC heap after
Heap after GC invocations=16 (full 1):
 PSYoungGen      total 236032K, used 96K [0x00000007aab00000, 0x00000007bff00000, 0x00000007c0000000)
  eden space 221696K, 0% used [0x00000007aab00000,0x00000007aab00000,0x00000007b8380000)
  from space 14336K, 0% used [0x00000007b8380000,0x00000007b8398000,0x00000007b9180000)
  to   space 14336K, 0% used [0x00000007bf100000,0x00000007bf100000,0x00000007bff00000)
 ParOldGen       total 43008K, used 28996K [0x0000000780000000, 0x0000000782a00000, 0x00000007aab00000)
  object space 43008K, 67% used [0x0000000780000000,0x0000000781c51300,0x0000000782a00000)
 Metaspace       used 27317K, capacity 27581K, committed 27904K, reserved 1075200K
  class space    used 2140K, capacity 2240K, committed 2304K, reserved 1048576K
}
Event: 130.343 GC heap before
{Heap before GC invocations=17 (full 1):
 PSYoungGen      total 236032K, used 221792K [0x00000007aab00000, 0x00000007bff00000, 0x00000007c0000000)
  eden space 221696K, 100% used [0x00000007aab00000,0x00000007b8380000,0x00000007b8380000)
  from space 14336K, 0% used [0x00000007b8380000,0x00000007b8398000,0x00000007b9180000)
  to   space 14336K, 0% used [0x00000007bf100000,0x00000007bf100000,0x00000007bff00000)
 ParOldGen       total 43008K, used 28996K [0x0000000780000000, 0x0000000782a00000, 0x00000007aab00000)
  object space 43008K, 67% used [0x0000000780000000,0x0000000781c51300,0x0000000782a00000)
 Metaspace       used 27319K, capacity 27581K, committed 27904K, reserved 1075200K
  class space    used 2141K, capacity 2240K, committed 2304K, reserved 1048576K
Event: 130.348 GC heap after
Heap after GC invocations=17 (full 1):
 PSYoungGen      total 211968K, used 64K [0x00000007aab00000, 0x00000007bf180000, 0x00000007c0000000)
  eden space 211456K, 0% used [0x00000007aab00000,0x00000007aab00000,0x00000007b7980000)
  from space 512K, 12% used [0x00000007bf100000,0x00000007bf110000,0x00000007bf180000)
  to   space 13824K, 0% used [0x00000007bd680000,0x00000007bd680000,0x00000007be400000)
 ParOldGen       total 43008K, used 29004K [0x0000000780000000, 0x0000000782a00000, 0x00000007aab00000)
  object space 43008K, 67% used [0x0000000780000000,0x0000000781c53300,0x0000000782a00000)
 Metaspace       used 27319K, capacity 27581K, committed 27904K, reserved 1075200K
  class space    used 2141K, capacity 2240K, committed 2304K, reserved 1048576K
}
Event: 154.865 GC heap before
{Heap before GC invocations=18 (full 1):
 PSYoungGen      total 211968K, used 211520K [0x00000007aab00000, 0x00000007bf180000, 0x00000007c0000000)
  eden space 211456K, 100% used [0x00000007aab00000,0x00000007b7980000,0x00000007b7980000)
  from space 512K, 12% used [0x00000007bf100000,0x00000007bf110000,0x00000007bf180000)
  to   space 13824K, 0% used [0x00000007bd680000,0x00000007bd680000,0x00000007be400000)
 ParOldGen       total 43008K, used 29004K [0x0000000780000000, 0x0000000782a00000, 0x00000007aab00000)
  object space 43008K, 67% used [0x0000000780000000,0x0000000781c53300,0x0000000782a00000)
 Metaspace       used 27319K, capacity 27581K, committed 27904K, reserved 1075200K
  class space    used 2141K, capacity 2240K, committed 2304K, reserved 1048576K
Event: 154.867 GC heap after
Heap after GC invocations=18 (full 1):
 PSYoungGen      total 215552K, used 32K [0x00000007aab00000, 0x00000007bf180000, 0x00000007c0000000)
  eden space 201728K, 0% used [0x00000007aab00000,0x00000007aab00000,0x00000007b7000000)
  from space 13824K, 0% used [0x00000007bd680000,0x00000007bd688000,0x00000007be400000)
  to   space 13312K, 0% used [0x00000007be480000,0x00000007be480000,0x00000007bf180000)
 ParOldGen       total 43008K, used 29044K [0x0000000780000000, 0x0000000782a00000, 0x00000007aab00000)
  object space 43008K, 67% used [0x0000000780000000,0x0000000781c5d300,0x0000000782a00000)
 Metaspace       used 27319K, capacity 27581K, committed 27904K, reserved 1075200K
  class space    used 2141K, capacity 2240K, committed 2304K, reserved 1048576K
}

Deoptimization events (10 events):
Event: 162.297 Thread 0x00007fa51496e800 Uncommon trap: reason=class_check action=maybe_recompile pc=0x000000010e027cb8 method=java.awt.Component.getGraphics()Ljava/awt/Graphics; @ 114
Event: 162.297 Thread 0x00007fa51496e800 Uncommon trap: reason=unstable_if action=reinterpret pc=0x000000010e0382e8 method=sun.java2d.pipe.Region.isEmpty()Z @ 19
Event: 162.297 Thread 0x00007fa5143fb800 Uncommon trap: reason=class_check action=maybe_recompile pc=0x000000010df47be4 method=java.awt.event.InvocationEvent.dispatch()V @ 11
Event: 162.299 Thread 0x00007fa5148b4000 Uncommon trap: reason=class_check action=maybe_recompile pc=0x000000010df9b4c0 method=com.jogamp.common.util.RunnableTask.run()V @ 24
Event: 162.338 Thread 0x00007fa5143fb800 Uncommon trap: reason=unstable_if action=reinterpret pc=0x000000010df6f718 method=jogamp.opengl.GLContextImpl.release(Z)V @ 161
Event: 162.342 Thread 0x00007fa5143fb800 Uncommon trap: reason=unstable_if action=reinterpret pc=0x000000010e5e1c58 method=java.util.LinkedList$ListItr.<init>(Ljava/util/LinkedList;I)V @ 26
Event: 162.342 Thread 0x00007fa5143fb800 Uncommon trap: reason=unstable_if action=reinterpret pc=0x000000010db9d628 method=java.security.AccessControlContext.combine([Ljava/security/ProtectionDomain;[Ljava/security/ProtectionDomain;)[Ljava/security/ProtectionDomain; @ 151
Event: 162.344 Thread 0x00007fa508bfb000 Uncommon trap: reason=predicate action=maybe_recompile pc=0x000000010e2a13f8 method=java.util.Vector.indexOf(Ljava/lang/Object;I)I @ 44
Event: 162.345 Thread 0x00007fa5143fb800 Uncommon trap: reason=class_check action=maybe_recompile pc=0x000000010df47be4 method=java.awt.event.InvocationEvent.dispatch()V @ 11
Event: 162.356 Thread 0x00007fa5148b4000 Uncommon trap: reason=class_check action=maybe_recompile pc=0x000000010df9b4c0 method=com.jogamp.common.util.RunnableTask.run()V @ 24

Internal exceptions (10 events):
Event: 2.837 Thread 0x00007fa514003800 Exception <a 'java/io/FileNotFoundException'> (0x00000007aaddcb18) thrown at [/Users/java_re/workspace/8-2-build-macosx-x86_64/jdk8u65/4987/hotspot/src/share/vm/prims/jni.cpp, line 709]
Event: 2.837 Thread 0x00007fa514003800 Exception <a 'java/io/FileNotFoundException'> (0x00000007aaddd6a8) thrown at [/Users/java_re/workspace/8-2-build-macosx-x86_64/jdk8u65/4987/hotspot/src/share/vm/prims/jni.cpp, line 709]
Event: 4.012 Thread 0x00007fa514003800 Exception <a 'java/io/FileNotFoundException'> (0x00000007aaec9180) thrown at [/Users/java_re/workspace/8-2-build-macosx-x86_64/jdk8u65/4987/hotspot/src/share/vm/prims/jni.cpp, line 709]
Event: 13.542 Thread 0x00007fa514013000 Exception <a 'java/lang/NullPointerException'> (0x00000007aab38fd0) thrown at [/Users/java_re/workspace/8-2-build-macosx-x86_64/jdk8u65/4987/hotspot/src/share/vm/interpreter/linkResolver.cpp, line 1178]
Event: 13.827 Thread 0x00007fa514e17000 Exception <a 'java/lang/UnsatisfiedLinkError': com.jogamp.common.util.JarUtil.fixNativeLibAttribs(Ljava/lang/String;)Z> (0x00000007aafd8d20) thrown at [/Users/java_re/workspace/8-2-build-macosx-x86_64/jdk8u65/4987/hotspot/src/share/vm/prims/nativeLookup.c
Event: 15.272 Thread 0x00007fa5143fb800 Exception <a 'java/io/FileNotFoundException'> (0x00000007ab35dae8) thrown at [/Users/java_re/workspace/8-2-build-macosx-x86_64/jdk8u65/4987/hotspot/src/share/vm/prims/jni.cpp, line 709]
Event: 15.272 Thread 0x00007fa5143fb800 Exception <a 'java/io/FileNotFoundException'> (0x00000007ab365578) thrown at [/Users/java_re/workspace/8-2-build-macosx-x86_64/jdk8u65/4987/hotspot/src/share/vm/prims/jni.cpp, line 709]
Event: 15.273 Thread 0x00007fa5143fb800 Implicit null exception at 0x000000010dc3ecb5 to 0x000000010dc3f041
Event: 16.554 Thread 0x00007fa5155d7800 Implicit null exception at 0x000000010dc3dcf3 to 0x000000010dc3e079
Event: 16.912 Thread 0x00007fa5143fb800 Implicit null exception at 0x000000010df72d6a to 0x000000010df72dd5

Events (10 events):
Event: 162.344 Thread 0x00007fa508bfb000 DEOPT PACKING pc=0x000000010e2a13f8 sp=0x000000019a7f27e0
Event: 162.344 Thread 0x00007fa508bfb000 DEOPT UNPACKING pc=0x000000010da91229 sp=0x000000019a7f27a0 mode 2
Event: 162.344 loading class java/awt/Window$1DisposeAction
Event: 162.345 loading class java/awt/Window$1DisposeAction done
Event: 162.345 Thread 0x00007fa5143fb800 Uncommon trap: trap_request=0xffffffde fr.pc=0x000000010df47be4
Event: 162.345 Thread 0x00007fa5143fb800 DEOPT PACKING pc=0x000000010df47be4 sp=0x00000001973c1f70
Event: 162.345 Thread 0x00007fa5143fb800 DEOPT UNPACKING pc=0x000000010da91229 sp=0x00000001973c1df8 mode 2
Event: 162.356 Thread 0x00007fa5148b4000 Uncommon trap: trap_request=0xffffffde fr.pc=0x000000010df9b4c0
Event: 162.356 Thread 0x00007fa5148b4000 DEOPT PACKING pc=0x000000010df9b4c0 sp=0x00007fff53ba6580
Event: 162.356 Thread 0x00007fa5148b4000 DEOPT UNPACKING pc=0x000000010da91229 sp=0x00007fff53ba6528 mode 2


Dynamic libraries:
0x0000000009d18000 	/System/Library/Frameworks/Cocoa.framework/Versions/A/Cocoa
0x0000000009d18000 	/System/Library/Frameworks/Security.framework/Versions/A/Security
0x0000000009d18000 	/System/Library/Frameworks/ApplicationServices.framework/Versions/A/ApplicationServices
0x0000000009d18000 	/usr/lib/libz.1.dylib
0x0000000009d18000 	/usr/lib/libSystem.B.dylib
0x0000000009d18000 	/usr/lib/libobjc.A.dylib
0x0000000009d18000 	/System/Library/Frameworks/CoreFoundation.framework/Versions/A/CoreFoundation
0x0000000009d18000 	/System/Library/Frameworks/Foundation.framework/Versions/C/Foundation
0x0000000009d18000 	/System/Library/Frameworks/AppKit.framework/Versions/C/AppKit
0x0000000009d18000 	/System/Library/Frameworks/CoreData.framework/Versions/A/CoreData
0x0000000009d18000 	/System/Library/PrivateFrameworks/RemoteViewServices.framework/Versions/A/RemoteViewServices
0x0000000009d18000 	/System/Library/Frameworks/AudioToolbox.framework/Versions/A/AudioToolbox
0x0000000009d18000 	/System/Library/Frameworks/AudioUnit.framework/Versions/A/AudioUnit
0x0000000009d18000 	/System/Library/PrivateFrameworks/DataDetectorsCore.framework/Versions/A/DataDetectorsCore
0x0000000009d18000 	/System/Library/PrivateFrameworks/DesktopServicesPriv.framework/Versions/A/DesktopServicesPriv
0x0000000009d18000 	/System/Library/Frameworks/Carbon.framework/Versions/A/Frameworks/HIToolbox.framework/Versions/A/HIToolbox
0x0000000009d18000 	/System/Library/Frameworks/QuartzCore.framework/Versions/A/QuartzCore
0x0000000009d18000 	/System/Library/Frameworks/Carbon.framework/Versions/A/Frameworks/SpeechRecognition.framework/Versions/A/SpeechRecognition
0x0000000009d18000 	/usr/lib/libauto.dylib
0x0000000009d18000 	/usr/lib/libicucore.A.dylib
0x0000000009d18000 	/usr/lib/libxml2.2.dylib
0x0000000009d18000 	/System/Library/PrivateFrameworks/CoreUI.framework/Versions/A/CoreUI
0x0000000009d18000 	/System/Library/Frameworks/CoreAudio.framework/Versions/A/CoreAudio
0x0000000009d18000 	/System/Library/Frameworks/DiskArbitration.framework/Versions/A/DiskArbitration
0x0000000009d18000 	/usr/lib/liblangid.dylib
0x0000000009d18000 	/System/Library/PrivateFrameworks/MultitouchSupport.framework/Versions/A/MultitouchSupport
0x0000000009d18000 	/System/Library/Frameworks/IOKit.framework/Versions/A/IOKit
0x0000000009d18000 	/usr/lib/libDiagnosticMessagesClient.dylib
0x0000000009d18000 	/System/Library/Frameworks/CoreServices.framework/Versions/A/CoreServices
0x0000000009d18000 	/System/Library/PrivateFrameworks/PerformanceAnalysis.framework/Versions/A/PerformanceAnalysis
0x0000000009d18000 	/System/Library/PrivateFrameworks/GenerationalStorage.framework/Versions/A/GenerationalStorage
0x0000000009d18000 	/System/Library/Frameworks/OpenGL.framework/Versions/A/OpenGL
0x0000000009d18000 	/System/Library/PrivateFrameworks/Sharing.framework/Versions/A/Sharing
0x0000000009d18000 	/System/Library/Frameworks/ImageIO.framework/Versions/A/ImageIO
0x0000000009d18000 	/System/Library/Frameworks/CoreText.framework/Versions/A/CoreText
0x0000000009d18000 	/System/Library/Frameworks/CoreGraphics.framework/Versions/A/CoreGraphics
0x0000000009d18000 	/System/Library/PrivateFrameworks/Backup.framework/Versions/A/Backup
0x0000000009d18000 	/System/Library/Frameworks/CFNetwork.framework/Versions/A/CFNetwork
0x0000000009d18000 	/System/Library/Frameworks/SystemConfiguration.framework/Versions/A/SystemConfiguration
0x0000000009d18000 	/usr/lib/libCRFSuite.dylib
0x0000000009d18000 	/usr/lib/libc++.1.dylib
0x0000000009d18000 	/usr/lib/libc++abi.dylib
0x0000000009d18000 	/usr/lib/system/libcache.dylib
0x0000000009d18000 	/usr/lib/system/libcommonCrypto.dylib
0x0000000009d18000 	/usr/lib/system/libcompiler_rt.dylib
0x0000000009d18000 	/usr/lib/system/libcopyfile.dylib
0x0000000009d18000 	/usr/lib/system/libcorecrypto.dylib
0x0000000009d18000 	/usr/lib/system/libdispatch.dylib
0x0000000009d18000 	/usr/lib/system/libdyld.dylib
0x0000000009d18000 	/usr/lib/system/libkeymgr.dylib
0x0000000009d18000 	/usr/lib/system/liblaunch.dylib
0x0000000009d18000 	/usr/lib/system/libmacho.dylib
0x0000000009d18000 	/usr/lib/system/libquarantine.dylib
0x0000000009d18000 	/usr/lib/system/libremovefile.dylib
0x0000000009d18000 	/usr/lib/system/libsystem_asl.dylib
0x0000000009d18000 	/usr/lib/system/libsystem_blocks.dylib
0x0000000009d18000 	/usr/lib/system/libsystem_c.dylib
0x0000000009d18000 	/usr/lib/system/libsystem_configuration.dylib
0x0000000009d18000 	/usr/lib/system/libsystem_dnssd.dylib
0x0000000009d18000 	/usr/lib/system/libsystem_info.dylib
0x0000000009d18000 	/usr/lib/system/libsystem_kernel.dylib
0x0000000009d18000 	/usr/lib/system/libsystem_m.dylib
0x0000000009d18000 	/usr/lib/system/libsystem_malloc.dylib
0x0000000009d18000 	/usr/lib/system/libsystem_network.dylib
0x0000000009d18000 	/usr/lib/system/libsystem_notify.dylib
0x0000000009d18000 	/usr/lib/system/libsystem_platform.dylib
0x0000000009d18000 	/usr/lib/system/libsystem_pthread.dylib
0x0000000009d18000 	/usr/lib/system/libsystem_sandbox.dylib
0x0000000009d18000 	/usr/lib/system/libsystem_stats.dylib
0x0000000009d18000 	/usr/lib/system/libunc.dylib
0x0000000009d18000 	/usr/lib/system/libunwind.dylib
0x0000000009d18000 	/usr/lib/system/libxpc.dylib
0x0000000009d18000 	/usr/lib/libbsm.0.dylib
0x0000000009d18000 	/usr/lib/libsqlite3.dylib
0x0000000009d18000 	/usr/lib/libxar.1.dylib
0x0000000009d18000 	/usr/lib/libpam.2.dylib
0x0000000009d18000 	/usr/lib/libOpenScriptingUtil.dylib
0x0000000009d18000 	/usr/lib/libbz2.1.0.dylib
0x0000000009d18000 	/System/Library/Frameworks/CoreServices.framework/Versions/A/Frameworks/CarbonCore.framework/Versions/A/CarbonCore
0x0000000009d18000 	/System/Library/Frameworks/CoreServices.framework/Versions/A/Frameworks/Metadata.framework/Versions/A/Metadata
0x0000000009d18000 	/System/Library/Frameworks/CoreServices.framework/Versions/A/Frameworks/OSServices.framework/Versions/A/OSServices
0x0000000009d18000 	/System/Library/Frameworks/CoreServices.framework/Versions/A/Frameworks/SearchKit.framework/Versions/A/SearchKit
0x0000000009d18000 	/System/Library/Frameworks/CoreServices.framework/Versions/A/Frameworks/AE.framework/Versions/A/AE
0x0000000009d18000 	/System/Library/Frameworks/CoreServices.framework/Versions/A/Frameworks/LaunchServices.framework/Versions/A/LaunchServices
0x0000000009d18000 	/System/Library/Frameworks/CoreServices.framework/Versions/A/Frameworks/DictionaryServices.framework/Versions/A/DictionaryServices
0x0000000009d18000 	/System/Library/Frameworks/NetFS.framework/Versions/A/NetFS
0x0000000009d18000 	/usr/lib/system/libkxld.dylib
0x0000000009d18000 	/System/Library/PrivateFrameworks/NetAuth.framework/Versions/A/NetAuth
0x0000000009d18000 	/System/Library/PrivateFrameworks/TCC.framework/Versions/A/TCC
0x0000000009d18000 	/System/Library/Frameworks/OpenDirectory.framework/Versions/A/Frameworks/CFOpenDirectory.framework/Versions/A/CFOpenDirectory
0x0000000009d18000 	/System/Library/Frameworks/ServiceManagement.framework/Versions/A/ServiceManagement
0x0000000009d18000 	/usr/lib/libxslt.1.dylib
0x0000000009d18000 	/System/Library/Frameworks/Carbon.framework/Versions/A/Frameworks/Ink.framework/Versions/A/Ink
0x0000000009d18000 	/System/Library/Frameworks/ApplicationServices.framework/Versions/A/Frameworks/ATS.framework/Versions/A/ATS
0x0000000009d18000 	/System/Library/Frameworks/ApplicationServices.framework/Versions/A/Frameworks/ColorSync.framework/Versions/A/ColorSync
0x0000000009d18000 	/System/Library/Frameworks/ApplicationServices.framework/Versions/A/Frameworks/HIServices.framework/Versions/A/HIServices
0x0000000009d18000 	/System/Library/Frameworks/ApplicationServices.framework/Versions/A/Frameworks/LangAnalysis.framework/Versions/A/LangAnalysis
0x0000000009d18000 	/System/Library/Frameworks/ApplicationServices.framework/Versions/A/Frameworks/PrintCore.framework/Versions/A/PrintCore
0x0000000009d18000 	/System/Library/Frameworks/ApplicationServices.framework/Versions/A/Frameworks/QD.framework/Versions/A/QD
0x0000000009d18000 	/System/Library/Frameworks/ApplicationServices.framework/Versions/A/Frameworks/SpeechSynthesis.framework/Versions/A/SpeechSynthesis
0x0000000009d18000 	/System/Library/Frameworks/IOSurface.framework/Versions/A/IOSurface
0x0000000009d18000 	/System/Library/Frameworks/Accelerate.framework/Versions/A/Accelerate
0x0000000009d18000 	/System/Library/Frameworks/Accelerate.framework/Versions/A/Frameworks/vImage.framework/Versions/A/vImage
0x0000000009d18000 	/System/Library/Frameworks/Accelerate.framework/Versions/A/Frameworks/vecLib.framework/Versions/A/vecLib
0x0000000009d18000 	/System/Library/Frameworks/Accelerate.framework/Versions/A/Frameworks/vecLib.framework/Versions/A/libvDSP.dylib
0x0000000009d18000 	/System/Library/Frameworks/Accelerate.framework/Versions/A/Frameworks/vecLib.framework/Versions/A/libvMisc.dylib
0x0000000009d18000 	/System/Library/Frameworks/Accelerate.framework/Versions/A/Frameworks/vecLib.framework/Versions/A/libLAPACK.dylib
0x0000000009d18000 	/System/Library/Frameworks/Accelerate.framework/Versions/A/Frameworks/vecLib.framework/Versions/A/libBLAS.dylib
0x0000000009d18000 	/System/Library/Frameworks/ApplicationServices.framework/Versions/A/Frameworks/ATS.framework/Versions/A/Resources/libFontParser.dylib
0x0000000009d18000 	/System/Library/Frameworks/ApplicationServices.framework/Versions/A/Frameworks/ATS.framework/Versions/A/Resources/libFontRegistry.dylib
0x0000000009d18000 	/System/Library/Frameworks/ImageIO.framework/Versions/A/Resources/libJPEG.dylib
0x0000000009d18000 	/System/Library/Frameworks/ImageIO.framework/Versions/A/Resources/libTIFF.dylib
0x0000000009d18000 	/System/Library/Frameworks/ImageIO.framework/Versions/A/Resources/libPng.dylib
0x0000000009d18000 	/System/Library/Frameworks/ImageIO.framework/Versions/A/Resources/libGIF.dylib
0x0000000009d18000 	/System/Library/Frameworks/ImageIO.framework/Versions/A/Resources/libJP2.dylib
0x0000000009d18000 	/System/Library/Frameworks/ImageIO.framework/Versions/A/Resources/libRadiance.dylib
0x0000000009d18000 	/usr/lib/libcups.2.dylib
0x0000000009d18000 	/System/Library/Frameworks/Kerberos.framework/Versions/A/Kerberos
0x0000000009d18000 	/System/Library/Frameworks/GSS.framework/Versions/A/GSS
0x0000000009d18000 	/usr/lib/libresolv.9.dylib
0x0000000009d18000 	/usr/lib/libiconv.2.dylib
0x0000000009d18000 	/System/Library/PrivateFrameworks/Heimdal.framework/Versions/A/Heimdal
0x0000000009d18000 	/System/Library/PrivateFrameworks/TrustEvaluationAgent.framework/Versions/A/TrustEvaluationAgent
0x0000000009d18000 	/usr/lib/libheimdal-asn1.dylib
0x0000000009d18000 	/System/Library/Frameworks/OpenDirectory.framework/Versions/A/OpenDirectory
0x0000000009d18000 	/System/Library/PrivateFrameworks/CommonAuth.framework/Versions/A/CommonAuth
0x0000000009d18000 	/System/Library/Frameworks/SecurityFoundation.framework/Versions/A/SecurityFoundation
0x0000000009d18000 	/System/Library/PrivateFrameworks/Bom.framework/Versions/A/Bom
0x0000000009d18000 	/System/Library/Frameworks/CoreVideo.framework/Versions/A/CoreVideo
0x0000000009d18000 	/System/Library/Frameworks/QuartzCore.framework/Versions/A/Frameworks/CoreImage.framework/Versions/A/CoreImage
0x0000000009d18000 	/System/Library/Frameworks/QuartzCore.framework/Versions/A/Frameworks/ScalableUserInterface.framework/Versions/A/ScalableUserInterface
0x0000000009d18000 	/System/Library/Frameworks/OpenGL.framework/Versions/A/Libraries/libGLU.dylib
0x0000000009d18000 	/System/Library/Frameworks/OpenGL.framework/Versions/A/Libraries/libGFXShared.dylib
0x0000000009d18000 	/System/Library/Frameworks/OpenGL.framework/Versions/A/Libraries/libGL.dylib
0x0000000009d18000 	/System/Library/Frameworks/OpenGL.framework/Versions/A/Libraries/libGLImage.dylib
0x0000000009d18000 	/System/Library/Frameworks/OpenGL.framework/Versions/A/Libraries/libCVMSPluginSupport.dylib
0x0000000009d18000 	/System/Library/Frameworks/OpenGL.framework/Versions/A/Libraries/libCoreVMClient.dylib
0x0000000009d18000 	/System/Library/PrivateFrameworks/FaceCore.framework/Versions/A/FaceCore
0x0000000009d18000 	/System/Library/PrivateFrameworks/CrashReporterSupport.framework/Versions/A/CrashReporterSupport
0x0000000009d18000 	/System/Library/Frameworks/OpenCL.framework/Versions/A/OpenCL
0x0000000009d18000 	/System/Library/PrivateFrameworks/AppleFSCompression.framework/Versions/A/AppleFSCompression
0x0000000009d18000 	/System/Library/PrivateFrameworks/Ubiquity.framework/Versions/A/Ubiquity
0x0000000009d18000 	/System/Library/PrivateFrameworks/IconServices.framework/Versions/A/IconServices
0x0000000009d18000 	/System/Library/PrivateFrameworks/ChunkingLibrary.framework/Versions/A/ChunkingLibrary
0x0000000009d18000 	/System/Library/PrivateFrameworks/CoreSymbolication.framework/Versions/A/CoreSymbolication
0x0000000009d18000 	/System/Library/PrivateFrameworks/Symbolication.framework/Versions/A/Symbolication
0x0000000009d18000 	/System/Library/PrivateFrameworks/DebugSymbols.framework/Versions/A/DebugSymbols
0x000000010ca00000 	/Library/Java/JavaVirtualMachines/jdk1.8.0_65.jdk/Contents/Home/jre/lib/server/libjvm.dylib
0x0000000009d18000 	/usr/lib/libstdc++.6.dylib
0x000000010c16a000 	/Library/Java/JavaVirtualMachines/jdk1.8.0_65.jdk/Contents/Home/jre/lib/libverify.dylib
0x000000010c178000 	/Library/Java/JavaVirtualMachines/jdk1.8.0_65.jdk/Contents/Home/jre/lib/libjava.dylib
0x000000010c1b7000 	/Library/Java/JavaVirtualMachines/jdk1.8.0_65.jdk/Contents/Home/jre/lib/libzip.dylib
0x000000012155e000 	/System/Library/Frameworks/JavaVM.framework/Frameworks/JavaRuntimeSupport.framework/JavaRuntimeSupport
0x0000000121576000 	/System/Library/Frameworks/JavaVM.framework/Versions/A/Frameworks/JavaNativeFoundation.framework/Versions/A/JavaNativeFoundation
0x000000012158b000 	/System/Library/Frameworks/JavaVM.framework/Versions/A/JavaVM
0x0000000009d18000 	/System/Library/Frameworks/Carbon.framework/Versions/A/Carbon
0x0000000121598000 	/System/Library/PrivateFrameworks/JavaLaunching.framework/Versions/A/JavaLaunching
0x0000000009d18000 	/System/Library/Frameworks/Carbon.framework/Versions/A/Frameworks/CommonPanels.framework/Versions/A/CommonPanels
0x0000000009d18000 	/System/Library/Frameworks/Carbon.framework/Versions/A/Frameworks/Help.framework/Versions/A/Help
0x0000000009d18000 	/System/Library/Frameworks/Carbon.framework/Versions/A/Frameworks/ImageCapture.framework/Versions/A/ImageCapture
0x0000000009d18000 	/System/Library/Frameworks/Carbon.framework/Versions/A/Frameworks/OpenScripting.framework/Versions/A/OpenScripting
0x0000000009d18000 	/System/Library/Frameworks/Carbon.framework/Versions/A/Frameworks/Print.framework/Versions/A/Print
0x0000000009d18000 	/System/Library/Frameworks/Carbon.framework/Versions/A/Frameworks/SecurityHI.framework/Versions/A/SecurityHI
0x0000000121d06000 	/Library/Java/JavaVirtualMachines/jdk1.8.0_65.jdk/Contents/Home/jre/lib/libawt.dylib
0x0000000121dae000 	/Library/Java/JavaVirtualMachines/jdk1.8.0_65.jdk/Contents/Home/jre/lib/./libmlib_image.dylib
0x0000000121e7a000 	/Library/Java/JavaVirtualMachines/jdk1.8.0_65.jdk/Contents/Home/jre/lib/libawt_lwawt.dylib
0x0000000121f2f000 	/Library/Java/JavaVirtualMachines/jdk1.8.0_65.jdk/Contents/Home/jre/lib/./libosxapp.dylib
0x0000000009d18000 	/System/Library/Frameworks/ExceptionHandling.framework/Versions/A/ExceptionHandling
0x0000000009d18000 	/System/Library/PrivateFrameworks/CoreServicesInternal.framework/Versions/A/CoreServicesInternal
0x0000000009d18000 	/System/Library/PrivateFrameworks/Librarian.framework/Versions/A/Librarian
0x0000000009d18000 	/System/Library/Frameworks/CoreGraphics.framework/Versions/A/Resources/libCGCMS.A.dylib
0x0000000009d18000 	/System/Library/Frameworks/CoreGraphics.framework/Versions/A/Resources/libRIP.A.dylib
0x0000000009d18000 	/System/Library/Frameworks/CoreGraphics.framework/Versions/A/Resources/libCGXType.A.dylib
0x0000000009d18000 	/System/Library/PrivateFrameworks/FamilyControls.framework/Versions/A/FamilyControls
0x0000000009d18000 	/System/Library/PrivateFrameworks/CommerceKit.framework/Versions/A/Frameworks/CommerceCore.framework/Versions/A/CommerceCore
0x0000000009d18000 	/System/Library/PrivateFrameworks/SystemAdministration.framework/Versions/A/SystemAdministration
0x0000000009d18000 	/System/Library/Frameworks/DirectoryService.framework/Versions/A/DirectoryService
0x0000000009d18000 	/System/Library/PrivateFrameworks/DiskImages.framework/Versions/A/DiskImages
0x0000000009d18000 	/System/Library/PrivateFrameworks/LoginUIKit.framework/Versions/A/Frameworks/LoginUICore.framework/Versions/A/LoginUICore
0x0000000009d18000 	/usr/lib/libCoreStorage.dylib
0x0000000009d18000 	/usr/lib/libcsfde.dylib
0x0000000009d18000 	/usr/lib/libodfde.dylib
0x0000000009d18000 	/System/Library/Frameworks/DiscRecording.framework/Versions/A/DiscRecording
0x0000000009d18000 	/usr/lib/libcurl.4.dylib
0x0000000009d18000 	/System/Library/PrivateFrameworks/MediaKit.framework/Versions/A/MediaKit
0x0000000009d18000 	/System/Library/PrivateFrameworks/EFILogin.framework/Versions/A/EFILogin
0x0000000009d18000 	/usr/lib/libutil.dylib
0x0000000009d18000 	/System/Library/PrivateFrameworks/AOSNotification.framework/Versions/A/AOSNotification
0x0000000009d18000 	/System/Library/Frameworks/LDAP.framework/Versions/A/LDAP
0x0000000009d18000 	/usr/lib/libsasl2.2.dylib
0x0000000009d18000 	/usr/lib/libcrypto.0.9.8.dylib
0x0000000009d18000 	/usr/lib/libssl.0.9.8.dylib
0x0000000009d18000 	/System/Library/Frameworks/OpenGL.framework/Versions/A/Resources/GLEngine.bundle/GLEngine
0x0000000009d18000 	/System/Library/Frameworks/OpenGL.framework/Versions/A/Libraries/libGLProgrammability.dylib
0x000000012612d000 	/System/Library/Extensions/AppleIntelHD4000GraphicsGLDriver.bundle/Contents/MacOS/AppleIntelHD4000GraphicsGLDriver
0x0000000009d18000 	/System/Library/PrivateFrameworks/IOAccelerator.framework/Versions/A/IOAccelerator
0x0000000009d18000 	/System/Library/PrivateFrameworks/GPUSupport.framework/Versions/A/Libraries/libGPUSupportMercury.dylib
0x0000000009d18000 	/System/Library/Frameworks/OpenGL.framework/Versions/A/Resources/GLRendererFloat.bundle/GLRendererFloat
0x0000000009d18000 	/System/Library/Frameworks/OpenCL.framework/Versions/A/Libraries/libcldcpuengine.dylib
0x00000001274e1000 	/Library/Java/JavaVirtualMachines/jdk1.8.0_65.jdk/Contents/Home/jre/lib/libfontmanager.dylib
0x0000000128cd7000 	/Library/Java/JavaVirtualMachines/jdk1.8.0_65.jdk/Contents/Home/jre/lib/libosxui.dylib
0x0000000128da5000 	/Library/Java/JavaVirtualMachines/jdk1.8.0_65.jdk/Contents/Home/jre/lib/libnet.dylib
0x0000000128cf3000 	/Library/Java/JavaVirtualMachines/jdk1.8.0_65.jdk/Contents/Home/jre/lib/libnio.dylib
0x0000000009d18000 	/System/Library/Frameworks/ApplicationServices.framework/Versions/A/Frameworks/ATS.framework/Versions/A/Resources/libTrueTypeScaler.dylib
0x0000000196d45000 	/private/var/folders/bd/jbd34hlj5lqbvms35s4_k5w40000gn/T/jogamp_0000/file_cache/jln3934647808829098132/jln7003222339131677967/libgluegen-rt.jnilib
0x0000000196d49000 	/private/var/folders/bd/jbd34hlj5lqbvms35s4_k5w40000gn/T/jogamp_0000/file_cache/jln3934647808829098132/jln7003222339131677967/libnativewindow_awt.jnilib
0x0000000196d4c000 	/Library/Java/JavaVirtualMachines/jdk1.8.0_65.jdk/Contents/Home/jre/lib/libjawt.dylib
0x0000000196d4f000 	/private/var/folders/bd/jbd34hlj5lqbvms35s4_k5w40000gn/T/jogamp_0000/file_cache/jln3934647808829098132/jln7003222339131677967/libnativewindow_macosx.jnilib
0x0000000198918000 	/private/var/folders/bd/jbd34hlj5lqbvms35s4_k5w40000gn/T/jogamp_0000/file_cache/jln3934647808829098132/jln7003222339131677967/libjogl_desktop.jnilib
0x000000019a5fd000 	/Library/Java/JavaVirtualMachines/jdk1.8.0_65.jdk/Contents/Home/jre/lib/libt2k.dylib

VM Arguments:
jvm_args: -Djava.security.policy=java.policy.applet -Dfile.encoding=UTF-8 
java_command: sun.applet.AppletViewer module5.EarthquakeCityMap1450498119357.html
java_class_path (initial): /Users/reallifejasmine/Documents/workspace/UCSDUnfoldingMaps/build:/Users/reallifejasmine/Documents/workspace/UCSDUnfoldingMaps/lib/core.jar:/Users/reallifejasmine/Documents/workspace/UCSDUnfoldingMaps/lib/gluegen-rt.jar:/Users/reallifejasmine/Documents/workspace/UCSDUnfoldingMaps/lib/jogl-all.jar:/Users/reallifejasmine/Documents/workspace/UCSDUnfoldingMaps/lib/log4j-1.2.15.jar:/Users/reallifejasmine/Documents/workspace/UCSDUnfoldingMaps/lib/sqlite-jdbc-3.7.2.jar:/Users/reallifejasmine/Documents/workspace/UCSDUnfoldingMaps/lib/json4processing.jar:/Users/reallifejasmine/Documents/workspace/UCSDUnfoldingMaps/lib/libTUIO.jar:/Users/reallifejasmine/Documents/workspace/UCSDUnfoldingMaps/lib/unfolding.0.9.7-uscd.jar
Launcher Type: SUN_STANDARD

Environment Variables:
PATH=/usr/bin:/bin:/usr/sbin:/sbin
SHELL=/bin/bash
DISPLAY=/tmp/launch-UZuyye/org.macosforge.xquartz:0

Signal Handlers:
SIGSEGV: [libjvm.dylib+0x5a6d31], sa_mask[0]=11111111011111110111111111111111, sa_flags=SA_ONSTACK|SA_RESTART|SA_SIGINFO
SIGBUS: [libjvm.dylib+0x5a6d31], sa_mask[0]=11111111011111110111111111111111, sa_flags=SA_RESTART|SA_SIGINFO
SIGFPE: [libjvm.dylib+0x480a40], sa_mask[0]=11111111011111110111111111111111, sa_flags=SA_RESTART|SA_SIGINFO
SIGPIPE: [libjvm.dylib+0x480a40], sa_mask[0]=11111111011111110111111111111111, sa_flags=SA_RESTART|SA_SIGINFO
SIGXFSZ: [libjvm.dylib+0x480a40], sa_mask[0]=11111111011111110111111111111111, sa_flags=SA_RESTART|SA_SIGINFO
SIGILL: [libjvm.dylib+0x480a40], sa_mask[0]=11111111011111110111111111111111, sa_flags=SA_RESTART|SA_SIGINFO
SIGUSR1: SIG_DFL, sa_mask[0]=00000000000000000000000000000000, sa_flags=SA_RESTART
SIGUSR2: [libjvm.dylib+0x48055e], sa_mask[0]=00100000000000000000000000000000, sa_flags=SA_RESTART|SA_SIGINFO
SIGHUP: [libjvm.dylib+0x47eb35], sa_mask[0]=11111111011111110111111111111111, sa_flags=SA_RESTART|SA_SIGINFO
SIGINT: [libjvm.dylib+0x47eb35], sa_mask[0]=11111111011111110111111111111111, sa_flags=SA_RESTART|SA_SIGINFO
SIGTERM: [libjvm.dylib+0x47eb35], sa_mask[0]=11111111011111110111111111111111, sa_flags=SA_RESTART|SA_SIGINFO
SIGQUIT: [libjvm.dylib+0x47eb35], sa_mask[0]=11111111011111110111111111111111, sa_flags=SA_RESTART|SA_SIGINFO


---------------  S Y S T E M  ---------------

OS:Bsduname:Darwin 13.4.0 Darwin Kernel Version 13.4.0: Wed Mar 18 16:20:14 PDT 2015; root:xnu-2422.115.14~1/RELEASE_X86_64 x86_64
rlimit: STACK 8192k, CORE 0k, NPROC 709, NOFILE 10240, AS infinity
load average:3.94 2.71 2.22

CPU:total 4 (2 cores per cpu, 2 threads per core) family 6 model 58 stepping 9, cmov, cx8, fxsr, mmx, sse, sse2, sse3, ssse3, sse4.1, sse4.2, popcnt, avx, aes, clmul, erms, ht, tsc, tscinvbit, tscinv

Memory: 4k page, physical 4194304k(630152k free)

/proc/meminfo:


vm_info: Java HotSpot(TM) 64-Bit Server VM (25.65-b01) for bsd-amd64 JRE (1.8.0_65-b17), built on Oct  6 2015 15:36:46 by "java_re" with gcc 4.2.1 (Based on Apple Inc. build 5658) (LLVM build 2336.11.00)

time: Fri Dec 18 23:11:22 2015
elapsed time: 162 seconds (0d 0h 2m 42s)

