#
# A fatal error has been detected by the Java Runtime Environment:
#
#  SIGSEGV (0xb) at pc=0x00007fff8cd17097, pid=4552, tid=3335
#
# JRE version: Java(TM) SE Runtime Environment (8.0_65-b17) (build 1.8.0_65-b17)
# Java VM: Java HotSpot(TM) 64-Bit Server VM (25.65-b01 mixed mode bsd-amd64 compressed oops)
# Problematic frame:
# C  [libobjc.A.dylib+0x5097]  objc_msgSend+0x17
#
# Failed to write core dump. Core dumps have been disabled. To enable core dumping, try "ulimit -c unlimited" before starting Java again
#
# If you would like to submit a bug report, please visit:
#   http://bugreport.java.com/bugreport/crash.jsp
# The crash happened outside the Java Virtual Machine in native code.
# See problematic frame for where to report the bug.
#

---------------  T H R E A D  ---------------

Current thread (0x00007fcdb394a800):  JavaThread "AWT-AppKit" daemon [_thread_in_native, id=3335, stack(0x00007fff5ec3d000,0x00007fff5f43d000)]

siginfo: si_signo: 11 (SIGSEGV), si_code: 0 (unknown), si_addr: 0x0000000000000000

Registers:
RAX=0x00007fcdb8531b40, RBX=0x000000018b78a450, RCX=0x000000011cf8d260, RDX=0x000000011c01df00
RSP=0x00007fff5f438218, RBP=0x00007fff5f4382d0, RSI=0x00007fff929714c6, RDI=0x00007fcdb878e600
R8 =0x0000000000000000, R9 =0x00000000000006d0, R10=0x00007fff929714c6, R11=0xb000000000000000
R12=0x0000000000000000, R13=0x000000018d3e8df8, R14=0x000000018b78a440, R15=0x00007fcdb394a800
RIP=0x00007fff8cd17097, EFLAGS=0x0000000000010246, ERR=0x0000000000000000
  TRAPNO=0x000000000000000d

Top of Stack: (sp=0x00007fff5f438218)
0x00007fff5f438218:   000000018b788157 00007fff5f438270
0x00007fff5f438228:   0000000000000003 00007fff5f438250
0x00007fff5f438238:   00000001013f19a6 000000018d3e8df8
0x00007fff5f438248:   000000018d3e8df8 00007fcdb8531b40
0x00007fff5f438258:   000000018b78a6a0 000000018b78a710
0x00007fff5f438268:   00007fff7aa84fb0 00007fff7a514420
0x00007fff5f438278:   000000018b78a450 000000018b78a690
0x00007fff5f438288:   00007fcdb8531b40 00007fcdb878e600
0x00007fff5f438298:   00007fcdb3768ef0 00007fcdb8531b40
0x00007fff5f4382a8:   00007fcdb878e600 00007fff5f438358
0x00007fff5f4382b8:   00007fcdb394a9f8 000000018d3e8df8
0x00007fff5f4382c8:   00007fff5f438380 00007fff5f438348
0x00007fff5f4382d8:   00000001021d3954 000000018d3e8df8
0x00007fff5f4382e8:   00007fff5f438380 00007fff5f438348
0x00007fff5f4382f8:   00000001021d36e7 00000001021d36a2
0x00007fff5f438308:   00007fff5f438308 000000018d3e8df8
0x00007fff5f438318:   00007fff5f438380 000000018d3eba30
0x00007fff5f438328:   0000000000000000 000000018d3e8df8
0x00007fff5f438338:   0000000000000000 00007fff5f438368
0x00007fff5f438348:   00007fff5f4383c8 00000001021c5c4d
0x00007fff5f438358:   000000078050c710 00000001021cd578
0x00007fff5f438368:   00007fcdb8531b40 00007fff5f4383c8
0x00007fff5f438378:   00007fcdb878e600 00000001021ced82
0x00007fff5f438388:   00007fff5f438388 000000018d3e8fc2
0x00007fff5f438398:   00007fff5f4383f0 000000018d3eba30
0x00007fff5f4383a8:   0000000000000000 000000018d3e8fd0
0x00007fff5f4383b8:   00007fff5f438368 00007fff5f4383d8
0x00007fff5f4383c8:   00007fff5f438438 00000001021c5c4d
0x00007fff5f4383d8:   00007fcdb8531b40 00000007805bb6a0
0x00007fff5f4383e8:   00007fcdb878e600 00000007805bb6a0
0x00007fff5f4383f8:   00007fff5f4383f8 00000001941a2836
0x00007fff5f438408:   00007fff5f438448 00000001941a28f0 

Instructions: (pc=0x00007fff8cd17097)
0x00007fff8cd17077:   90 90 90 90 90 90 90 90 90 48 85 ff 2e 74 72 40
0x00007fff8cd17087:   f6 c7 01 2e 0f 85 7e 00 00 00 4c 8b 1f 49 89 f2
0x00007fff8cd17097:   45 23 53 18 49 c1 e2 04 4d 03 53 10 49 3b 32 75
0x00007fff8cd170a7:   04 41 ff 62 08 49 83 3a 00 74 74 4d 3b 53 10 74 

Register to memory mapping:

RAX=0x00007fcdb8531b40 is an unknown value
RBX=0x000000018b78a450: Java_jogamp_nativewindow_macosx_OSXUtil_GetScreenRefreshRate0+0x1cf0 in /private/var/folders/bd/jbd34hlj5lqbvms35s4_k5w40000gn/T/jogamp_0000/file_cache/jln9116443700184103744/jln3657555151371987395/libnativewindow_macosx.jnilib at 0x000000018b783000
RCX=0x000000011cf8d260 is an unknown value
RDX=0x000000011c01df00 is an unknown value
RSP=0x00007fff5f438218 is pointing into the stack for thread: 0x00007fcdb394a800
RBP=0x00007fff5f4382d0 is pointing into the stack for thread: 0x00007fcdb394a800
RSI=0x00007fff929714c6: NSAppKitVersionNumber+0x12eb6 in /System/Library/Frameworks/AppKit.framework/Versions/C/AppKit at 0x00007fff91f0e000
RDI=0x00007fcdb878e600 is an unknown value
R8 =0x0000000000000000 is an unknown value
R9 =0x00000000000006d0 is an unknown value
R10=0x00007fff929714c6: NSAppKitVersionNumber+0x12eb6 in /System/Library/Frameworks/AppKit.framework/Versions/C/AppKit at 0x00007fff91f0e000
R11=0xb000000000000000 is an unknown value
R12=0x0000000000000000 is an unknown value
R13={method} {0x000000018d3e8df8} 'UnsetJAWTRootSurfaceLayer0' '(JJ)V' in 'jogamp/nativewindow/jawt/macosx/MacOSXJAWTWindow'
R14=0x000000018b78a440: Java_jogamp_nativewindow_macosx_OSXUtil_GetScreenRefreshRate0+0x1ce0 in /private/var/folders/bd/jbd34hlj5lqbvms35s4_k5w40000gn/T/jogamp_0000/file_cache/jln9116443700184103744/jln3657555151371987395/libnativewindow_macosx.jnilib at 0x000000018b783000
R15=0x00007fcdb394a800 is a thread


Stack: [0x00007fff5ec3d000,0x00007fff5f43d000],  sp=0x00007fff5f438218,  free space=8172k
Native frames: (J=compiled Java code, j=interpreted, Vv=VM code, C=native code)
C  [libobjc.A.dylib+0x5097]  objc_msgSend+0x17
j  jogamp.nativewindow.jawt.macosx.MacOSXJAWTWindow.UnsetJAWTRootSurfaceLayer0(JJ)V+0
j  jogamp.nativewindow.jawt.macosx.MacOSXJAWTWindow.access$200(JJ)V+2
j  jogamp.nativewindow.jawt.macosx.MacOSXJAWTWindow$1.run()V+38
J 2329 C1 com.jogamp.common.util.RunnableTask.run()V (345 bytes) @ 0x000000010292a014 [0x0000000102929e80+0x194]
v  ~StubRoutines::call_stub
V  [libjvm.dylib+0x2eab02]
V  [libjvm.dylib+0x321bab]
V  [libjvm.dylib+0x31437f]
C  [libnativewindow_macosx.jnilib+0x5326]  Java_jogamp_nativewindow_jawt_macosx_MacOSXJAWTWindow_UnsetJAWTRootSurfaceLayer0+0x2b6
C  [Foundation+0x6375e]  __NSThreadPerformPerform+0xe5
C  [CoreFoundation+0x7f5b1]  __CFRUNLOOP_IS_CALLING_OUT_TO_A_SOURCE0_PERFORM_FUNCTION__+0x11
C  [CoreFoundation+0x70d29]  __CFRunLoopDoSources0+0x1b9
C  [CoreFoundation+0x703ef]  __CFRunLoopRun+0x33f
C  [CoreFoundation+0x6fe75]  CFRunLoopRunSpecific+0x135
C  [HIToolbox+0x2ea0d]  RunCurrentEventLoopInMode+0xe2
C  [HIToolbox+0x2e685]  ReceiveNextEventCommon+0xad
C  [HIToolbox+0x2e5bc]  _BlockUntilNextEventMatchingListInModeWithFilter+0x41
C  [AppKit+0x2424e]  _DPSNextEvent+0x59a
C  [AppKit+0x2389b]  -[NSApplication nextEventMatchingMask:untilDate:inMode:dequeue:]+0x7a
C  [libosxapp.dylib+0x23aa]  -[NSApplicationAWT nextEventMatchingMask:untilDate:inMode:dequeue:]+0x7c
C  [AppKit+0x1799c]  -[NSApplication run]+0x229
C  [libosxapp.dylib+0x214d]  +[NSApplicationAWT runAWTLoopWithApp:]+0x9c
C  [libawt_lwawt.dylib+0x44517]  -[AWTStarter starter:]+0x389
C  [Foundation+0x6375e]  __NSThreadPerformPerform+0xe5
C  [CoreFoundation+0x7f5b1]  __CFRUNLOOP_IS_CALLING_OUT_TO_A_SOURCE0_PERFORM_FUNCTION__+0x11
C  [CoreFoundation+0x70c62]  __CFRunLoopDoSources0+0xf2
C  [CoreFoundation+0x703ef]  __CFRunLoopRun+0x33f
C  [CoreFoundation+0x6fe75]  CFRunLoopRunSpecific+0x135
C  [java+0x6463]  CreateExecutionEnvironment+0x367
C  [java+0x21ac]  JLI_Launch+0x7a0
C  [java+0x84c0]  main+0x65
C  [java+0x1a04]  start+0x34
C  0x0000000000000007

Java frames: (J=compiled Java code, j=interpreted, Vv=VM code)
j  jogamp.nativewindow.jawt.macosx.MacOSXJAWTWindow.UnsetJAWTRootSurfaceLayer0(JJ)V+0
j  jogamp.nativewindow.jawt.macosx.MacOSXJAWTWindow.access$200(JJ)V+2
j  jogamp.nativewindow.jawt.macosx.MacOSXJAWTWindow$1.run()V+38
J 2329 C1 com.jogamp.common.util.RunnableTask.run()V (345 bytes) @ 0x000000010292a014 [0x0000000102929e80+0x194]
v  ~StubRoutines::call_stub

---------------  P R O C E S S  ---------------

Java Threads: ( => current thread )
  0x00007fcdb42aa000 JavaThread "Thread-19" [_thread_blocked, id=58879, stack(0x000000019290a000,0x0000000192a0a000)]
  0x00007fcdb42ae800 JavaThread "AWT-EventQueue-1" [_thread_in_native, id=55819, stack(0x000000018bca9000,0x000000018bda9000)]
  0x00007fcdb4b04800 JavaThread "DestroyJavaVM" [_thread_blocked, id=6915, stack(0x00000001008d9000,0x00000001009d9000)]
  0x00007fcdb4899000 JavaThread "AWT-EventQueue-0" [_thread_blocked, id=53511, stack(0x000000011d17e000,0x000000011d27e000)]
  0x00007fcdb41d2000 JavaThread "Java2D Disposer" daemon [_thread_blocked, id=49203, stack(0x000000011bdae000,0x000000011beae000)]
  0x00007fcdb4836000 JavaThread "Java2D Queue Flusher" daemon [_thread_blocked, id=46859, stack(0x000000011a7e9000,0x000000011a8e9000)]
  0x00007fcdb4824000 JavaThread "AWT-Shutdown" [_thread_blocked, id=28683, stack(0x0000000117dfe000,0x0000000117efe000)]
=>0x00007fcdb394a800 JavaThread "AWT-AppKit" daemon [_thread_in_native, id=3335, stack(0x00007fff5ec3d000,0x00007fff5f43d000)]
  0x00007fcdb4013800 JavaThread "Service Thread" daemon [_thread_blocked, id=19971, stack(0x0000000116225000,0x0000000116325000)]
  0x00007fcdb4022800 JavaThread "C1 CompilerThread2" daemon [_thread_blocked, id=19459, stack(0x0000000116122000,0x0000000116222000)]
  0x00007fcdb4022000 JavaThread "C2 CompilerThread1" daemon [_thread_blocked, id=18947, stack(0x000000011601f000,0x000000011611f000)]
  0x00007fcdb4020800 JavaThread "C2 CompilerThread0" daemon [_thread_blocked, id=18435, stack(0x0000000115f1c000,0x000000011601c000)]
  0x00007fcdb4007800 JavaThread "Signal Dispatcher" daemon [_thread_blocked, id=17923, stack(0x0000000115e19000,0x0000000115f19000)]
  0x00007fcdb5007000 JavaThread "Finalizer" daemon [_thread_blocked, id=13059, stack(0x0000000115bca000,0x0000000115cca000)]
  0x00007fcdb5006800 JavaThread "Reference Handler" daemon [_thread_blocked, id=12547, stack(0x0000000115ac7000,0x0000000115bc7000)]

Other Threads:
  0x00007fcdb5003800 VMThread [stack: 0x00000001159c4000,0x0000000115ac4000] [id=12035]
  0x00007fcdb4002800 WatcherThread [stack: 0x0000000116328000,0x0000000116428000] [id=20483]

VM state:not at safepoint (normal execution)

VM Mutex/Monitor currently owned by a thread: None

Heap:
 PSYoungGen      total 21504K, used 5009K [0x00000007aab00000, 0x00000007ac680000, 0x00000007c0000000)
  eden space 15872K, 30% used [0x00000007aab00000,0x00000007aafbc5e0,0x00000007aba80000)
  from space 5632K, 2% used [0x00000007ac100000,0x00000007ac128000,0x00000007ac680000)
  to   space 6144K, 0% used [0x00000007aba80000,0x00000007aba80000,0x00000007ac080000)
 ParOldGen       total 39424K, used 16206K [0x0000000780000000, 0x0000000782680000, 0x00000007aab00000)
  object space 39424K, 41% used [0x0000000780000000,0x0000000780fd3a40,0x0000000782680000)
 Metaspace       used 21044K, capacity 21287K, committed 21552K, reserved 1069056K
  class space    used 2050K, capacity 2142K, committed 2176K, reserved 1048576K

Card table byte_map: [0x000000011157e000,0x000000011177f000] byte_map_base: 0x000000010d97e000

Marking Bits: (ParMarkBitMap*) 0x0000000101adee20
 Begin Bits: [0x0000000111ce1000, 0x0000000112ce1000)
 End Bits:   [0x0000000112ce1000, 0x0000000113ce1000)

Polling page: 0x00000001009e9000

CodeCache: size=245760Kb used=9655Kb max_used=9742Kb free=236104Kb
 bounds [0x00000001021be000, 0x0000000102b5e000, 0x00000001111be000]
 total_blobs=3534 nmethods=2647 adapters=801
 compilation: enabled

Compilation events (10 events):
Event: 45.341 Thread 0x00007fcdb4022800 2878       3       sun.misc.URLClassPath$JarLoader$2::getContentLength (9 bytes)
Event: 45.341 Thread 0x00007fcdb4022800 nmethod 2878 0x0000000102aea790 code [0x0000000102aea900, 0x0000000102aeab50]
Event: 45.341 Thread 0x00007fcdb4022800 2879       3       sun.misc.URLClassPath$JarLoader$2::getCodeSigners (8 bytes)
Event: 45.342 Thread 0x00007fcdb4022800 nmethod 2879 0x00000001022eb510 code [0x00000001022eb680, 0x00000001022eb8a8]
Event: 45.342 Thread 0x00007fcdb4022800 2880   !   3       java.util.jar.JarFile$JarFileEntry::getCodeSigners (78 bytes)
Event: 45.342 Thread 0x00007fcdb4022800 nmethod 2880 0x00000001022d4790 code [0x00000001022d4960, 0x00000001022d4f78]
Event: 45.343 Thread 0x00007fcdb4022800 2881       3       java.util.jar.JarFile::access$200 (5 bytes)
Event: 45.343 Thread 0x00007fcdb4022800 nmethod 2881 0x00000001022d4410 code [0x00000001022d4580, 0x00000001022d46e8]
Event: 45.344 Thread 0x00007fcdb4022800 2882       3       java.util.IdentityHashMap::hash (18 bytes)
Event: 45.344 Thread 0x00007fcdb4022800 nmethod 2882 0x00000001022fe390 code [0x00000001022fe500, 0x00000001022fe688]

GC Heap History (10 events):
Event: 36.353 GC heap before
{Heap before GC invocations=21 (full 1):
 PSYoungGen      total 16384K, used 16000K [0x00000007aab00000, 0x00000007aca80000, 0x00000007c0000000)
  eden space 15872K, 100% used [0x00000007aab00000,0x00000007aba80000,0x00000007aba80000)
  from space 512K, 25% used [0x00000007aba80000,0x00000007abaa0000,0x00000007abb00000)
  to   space 8192K, 0% used [0x00000007ac280000,0x00000007ac280000,0x00000007aca80000)
 ParOldGen       total 39424K, used 16198K [0x0000000780000000, 0x0000000782680000, 0x00000007aab00000)
  object space 39424K, 41% used [0x0000000780000000,0x0000000780fd1a40,0x0000000782680000)
 Metaspace       used 21000K, capacity 21249K, committed 21552K, reserved 1069056K
  class space    used 2042K, capacity 2109K, committed 2176K, reserved 1048576K
Event: 36.355 GC heap after
Heap after GC invocations=21 (full 1):
 PSYoungGen      total 23040K, used 96K [0x00000007aab00000, 0x00000007ac980000, 0x00000007c0000000)
  eden space 15872K, 0% used [0x00000007aab00000,0x00000007aab00000,0x00000007aba80000)
  from space 7168K, 1% used [0x00000007ac280000,0x00000007ac298000,0x00000007ac980000)
  to   space 7680K, 0% used [0x00000007aba80000,0x00000007aba80000,0x00000007ac200000)
 ParOldGen       total 39424K, used 16198K [0x0000000780000000, 0x0000000782680000, 0x00000007aab00000)
  object space 39424K, 41% used [0x0000000780000000,0x0000000780fd1a40,0x0000000782680000)
 Metaspace       used 21000K, capacity 21249K, committed 21552K, reserved 1069056K
  class space    used 2042K, capacity 2109K, committed 2176K, reserved 1048576K
}
Event: 38.412 GC heap before
{Heap before GC invocations=22 (full 1):
 PSYoungGen      total 23040K, used 15968K [0x00000007aab00000, 0x00000007ac980000, 0x00000007c0000000)
  eden space 15872K, 100% used [0x00000007aab00000,0x00000007aba80000,0x00000007aba80000)
  from space 7168K, 1% used [0x00000007ac280000,0x00000007ac298000,0x00000007ac980000)
  to   space 7680K, 0% used [0x00000007aba80000,0x00000007aba80000,0x00000007ac200000)
 ParOldGen       total 39424K, used 16198K [0x0000000780000000, 0x0000000782680000, 0x00000007aab00000)
  object space 39424K, 41% used [0x0000000780000000,0x0000000780fd1a40,0x0000000782680000)
 Metaspace       used 21000K, capacity 21249K, committed 21552K, reserved 1069056K
  class space    used 2042K, capacity 2109K, committed 2176K, reserved 1048576K
Event: 38.413 GC heap after
Heap after GC invocations=22 (full 1):
 PSYoungGen      total 16384K, used 160K [0x00000007aab00000, 0x00000007ac880000, 0x00000007c0000000)
  eden space 15872K, 0% used [0x00000007aab00000,0x00000007aab00000,0x00000007aba80000)
  from space 512K, 31% used [0x00000007aba80000,0x00000007abaa8000,0x00000007abb00000)
  to   space 7168K, 0% used [0x00000007ac180000,0x00000007ac180000,0x00000007ac880000)
 ParOldGen       total 39424K, used 16198K [0x0000000780000000, 0x0000000782680000, 0x00000007aab00000)
  object space 39424K, 41% used [0x0000000780000000,0x0000000780fd1a40,0x0000000782680000)
 Metaspace       used 21000K, capacity 21249K, committed 21552K, reserved 1069056K
  class space    used 2042K, capacity 2109K, committed 2176K, reserved 1048576K
}
Event: 40.469 GC heap before
{Heap before GC invocations=23 (full 1):
 PSYoungGen      total 16384K, used 16032K [0x00000007aab00000, 0x00000007ac880000, 0x00000007c0000000)
  eden space 15872K, 100% used [0x00000007aab00000,0x00000007aba80000,0x00000007aba80000)
  from space 512K, 31% used [0x00000007aba80000,0x00000007abaa8000,0x00000007abb00000)
  to   space 7168K, 0% used [0x00000007ac180000,0x00000007ac180000,0x00000007ac880000)
 ParOldGen       total 39424K, used 16198K [0x0000000780000000, 0x0000000782680000, 0x00000007aab00000)
  object space 39424K, 41% used [0x0000000780000000,0x0000000780fd1a40,0x0000000782680000)
 Metaspace       used 21000K, capacity 21249K, committed 21552K, reserved 1069056K
  class space    used 2042K, capacity 2109K, committed 2176K, reserved 1048576K
Event: 40.470 GC heap after
Heap after GC invocations=23 (full 1):
 PSYoungGen      total 22016K, used 160K [0x00000007aab00000, 0x00000007ac780000, 0x00000007c0000000)
  eden space 15872K, 0% used [0x00000007aab00000,0x00000007aab00000,0x00000007aba80000)
  from space 6144K, 2% used [0x00000007ac180000,0x00000007ac1a8000,0x00000007ac780000)
  to   space 6656K, 0% used [0x00000007aba80000,0x00000007aba80000,0x00000007ac100000)
 ParOldGen       total 39424K, used 16198K [0x0000000780000000, 0x0000000782680000, 0x00000007aab00000)
  object space 39424K, 41% used [0x0000000780000000,0x0000000780fd1a40,0x0000000782680000)
 Metaspace       used 21000K, capacity 21249K, committed 21552K, reserved 1069056K
  class space    used 2042K, capacity 2109K, committed 2176K, reserved 1048576K
}
Event: 42.473 GC heap before
{Heap before GC invocations=24 (full 1):
 PSYoungGen      total 22016K, used 16032K [0x00000007aab00000, 0x00000007ac780000, 0x00000007c0000000)
  eden space 15872K, 100% used [0x00000007aab00000,0x00000007aba80000,0x00000007aba80000)
  from space 6144K, 2% used [0x00000007ac180000,0x00000007ac1a8000,0x00000007ac780000)
  to   space 6656K, 0% used [0x00000007aba80000,0x00000007aba80000,0x00000007ac100000)
 ParOldGen       total 39424K, used 16198K [0x0000000780000000, 0x0000000782680000, 0x00000007aab00000)
  object space 39424K, 41% used [0x0000000780000000,0x0000000780fd1a40,0x0000000782680000)
 Metaspace       used 21000K, capacity 21249K, committed 21552K, reserved 1069056K
  class space    used 2042K, capacity 2109K, committed 2176K, reserved 1048576K
Event: 42.474 GC heap after
Heap after GC invocations=24 (full 1):
 PSYoungGen      total 22528K, used 128K [0x00000007aab00000, 0x00000007ac780000, 0x00000007c0000000)
  eden space 15872K, 0% used [0x00000007aab00000,0x00000007aab00000,0x00000007aba80000)
  from space 6656K, 1% used [0x00000007aba80000,0x00000007abaa0000,0x00000007ac100000)
  to   space 6656K, 0% used [0x00000007ac100000,0x00000007ac100000,0x00000007ac780000)
 ParOldGen       total 39424K, used 16198K [0x0000000780000000, 0x0000000782680000, 0x00000007aab00000)
  object space 39424K, 41% used [0x0000000780000000,0x0000000780fd1a40,0x0000000782680000)
 Metaspace       used 21000K, capacity 21249K, committed 21552K, reserved 1069056K
  class space    used 2042K, capacity 2109K, committed 2176K, reserved 1048576K
}
Event: 44.483 GC heap before
{Heap before GC invocations=25 (full 1):
 PSYoungGen      total 22528K, used 16000K [0x00000007aab00000, 0x00000007ac780000, 0x00000007c0000000)
  eden space 15872K, 100% used [0x00000007aab00000,0x00000007aba80000,0x00000007aba80000)
  from space 6656K, 1% used [0x00000007aba80000,0x00000007abaa0000,0x00000007ac100000)
  to   space 6656K, 0% used [0x00000007ac100000,0x00000007ac100000,0x00000007ac780000)
 ParOldGen       total 39424K, used 16198K [0x0000000780000000, 0x0000000782680000, 0x00000007aab00000)
  object space 39424K, 41% used [0x0000000780000000,0x0000000780fd1a40,0x0000000782680000)
 Metaspace       used 21006K, capacity 21255K, committed 21552K, reserved 1069056K
  class space    used 2042K, capacity 2110K, committed 2176K, reserved 1048576K
Event: 44.485 GC heap after
Heap after GC invocations=25 (full 1):
 PSYoungGen      total 21504K, used 160K [0x00000007aab00000, 0x00000007ac680000, 0x00000007c0000000)
  eden space 15872K, 0% used [0x00000007aab00000,0x00000007aab00000,0x00000007aba80000)
  from space 5632K, 2% used [0x00000007ac100000,0x00000007ac128000,0x00000007ac680000)
  to   space 6144K, 0% used [0x00000007aba80000,0x00000007aba80000,0x00000007ac080000)
 ParOldGen       total 39424K, used 16206K [0x0000000780000000, 0x0000000782680000, 0x00000007aab00000)
  object space 39424K, 41% used [0x0000000780000000,0x0000000780fd3a40,0x0000000782680000)
 Metaspace       used 21006K, capacity 21255K, committed 21552K, reserved 1069056K
  class space    used 2042K, capacity 2110K, committed 2176K, reserved 1048576K
}

Deoptimization events (10 events):
Event: 42.979 Thread 0x00007fcdb42ae800 Uncommon trap: reason=unstable_if action=reinterpret pc=0x000000010269fc7c method=java.awt.EventQueue.isDispatchThreadImpl()Z @ 65
Event: 42.980 Thread 0x00007fcdb42ae800 Uncommon trap: reason=unstable_if action=reinterpret pc=0x000000010269ed44 method=java.util.LinkedList$ListItr.<init>(Ljava/util/LinkedList;I)V @ 26
Event: 45.089 Thread 0x00007fcdb4899000 Uncommon trap: reason=unstable_if action=reinterpret pc=0x0000000102b0eba8 method=java.awt.EventQueue.getPriority(Ljava/awt/AWTEvent;)I @ 71
Event: 45.091 Thread 0x00007fcdb4899000 Uncommon trap: reason=unstable_if action=reinterpret pc=0x0000000102b384f8 method=sun.java2d.pipe.Region.intersectsQuickCheck(Lsun/java2d/pipe/Region;)Z @ 41
Event: 45.092 Thread 0x00007fcdb4899000 Uncommon trap: reason=unstable_if action=reinterpret pc=0x00000001029ef5b8 method=java.awt.font.FontRenderContext.equals(Ljava/awt/font/FontRenderContext;)Z @ 2
Event: 45.124 Thread 0x00007fcdb4835000 Uncommon trap: reason=unstable_if action=reinterpret pc=0x00000001026d1620 method=java.util.HashMap.putVal(ILjava/lang/Object;Ljava/lang/Object;ZZ)Ljava/lang/Object; @ 81
Event: 45.124 Thread 0x00007fcdb4835000 Uncommon trap: reason=unstable_if action=reinterpret pc=0x00000001026d3730 method=java.util.HashMap.putVal(ILjava/lang/Object;Ljava/lang/Object;ZZ)Ljava/lang/Object; @ 81
Event: 45.125 Thread 0x00007fcdb4899000 Uncommon trap: reason=unstable_if action=reinterpret pc=0x0000000102984ab8 method=java.awt.font.FontRenderContext.equals(Ljava/awt/font/FontRenderContext;)Z @ 2
Event: 45.342 Thread 0x00007fcdb42ae800 Uncommon trap: reason=unstable_if action=reinterpret pc=0x00000001026918d8 method=java.util.LinkedList$ListItr.<init>(Ljava/util/LinkedList;I)V @ 26
Event: 45.344 Thread 0x00007fcdb42aa000 Uncommon trap: reason=predicate action=maybe_recompile pc=0x0000000102903ab0 method=java.util.Vector.indexOf(Ljava/lang/Object;I)I @ 44

Internal exceptions (10 events):
Event: 0.257 Thread 0x00007fcdb380b000 Exception <a 'java/lang/NoSuchFieldError': method resolution failed> (0x00000007aad53560) thrown at [/Users/java_re/workspace/8-2-build-macosx-x86_64/jdk8u65/4987/hotspot/src/share/vm/prims/methodHandles.cpp, line 1146]
Event: 0.260 Thread 0x00007fcdb380b000 Exception <a 'java/lang/NoSuchFieldError': method resolution failed> (0x00000007aad60d30) thrown at [/Users/java_re/workspace/8-2-build-macosx-x86_64/jdk8u65/4987/hotspot/src/share/vm/prims/methodHandles.cpp, line 1146]
Event: 0.510 Thread 0x00007fcdb380b000 Exception <a 'java/io/FileNotFoundException'> (0x00000007aaddcb18) thrown at [/Users/java_re/workspace/8-2-build-macosx-x86_64/jdk8u65/4987/hotspot/src/share/vm/prims/jni.cpp, line 709]
Event: 0.511 Thread 0x00007fcdb380b000 Exception <a 'java/io/FileNotFoundException'> (0x00000007aaddd6a8) thrown at [/Users/java_re/workspace/8-2-build-macosx-x86_64/jdk8u65/4987/hotspot/src/share/vm/prims/jni.cpp, line 709]
Event: 0.690 Thread 0x00007fcdb380b000 Exception <a 'java/io/FileNotFoundException'> (0x00000007aaec9180) thrown at [/Users/java_re/workspace/8-2-build-macosx-x86_64/jdk8u65/4987/hotspot/src/share/vm/prims/jni.cpp, line 709]
Event: 3.479 Thread 0x00007fcdb5007000 Exception <a 'java/lang/NullPointerException'> (0x00000007aab8d0c8) thrown at [/Users/java_re/workspace/8-2-build-macosx-x86_64/jdk8u65/4987/hotspot/src/share/vm/interpreter/linkResolver.cpp, line 1178]
Event: 3.724 Thread 0x00007fcdb4b0d000 Exception <a 'java/lang/UnsatisfiedLinkError': com.jogamp.common.util.JarUtil.fixNativeLibAttribs(Ljava/lang/String;)Z> (0x00000007aafec8c8) thrown at [/Users/java_re/workspace/8-2-build-macosx-x86_64/jdk8u65/4987/hotspot/src/share/vm/prims/nativeLookup.c
Event: 4.960 Thread 0x00007fcdb42ae800 Exception <a 'java/io/FileNotFoundException'> (0x00000007ab3632a8) thrown at [/Users/java_re/workspace/8-2-build-macosx-x86_64/jdk8u65/4987/hotspot/src/share/vm/prims/jni.cpp, line 709]
Event: 4.960 Thread 0x00007fcdb42ae800 Exception <a 'java/io/FileNotFoundException'> (0x00000007ab36ad38) thrown at [/Users/java_re/workspace/8-2-build-macosx-x86_64/jdk8u65/4987/hotspot/src/share/vm/prims/jni.cpp, line 709]
Event: 4.960 Thread 0x00007fcdb42ae800 Implicit null exception at 0x00000001023679b5 to 0x0000000102367d19

Events (10 events):
Event: 45.343 loading class java/awt/Toolkit$ToolkitEventMulticaster done
Event: 45.344 Thread 0x00007fcdb4835000 Thread exited: 0x00007fcdb4835000
Event: 45.344 Thread 0x00007fcdb42aa000 Uncommon trap: trap_request=0xffffff86 fr.pc=0x0000000102903ab0
Event: 45.344 Thread 0x00007fcdb42aa000 DEOPT PACKING pc=0x0000000102903ab0 sp=0x0000000192a097f0
Event: 45.344 Thread 0x00007fcdb42aa000 DEOPT UNPACKING pc=0x00000001021c3229 sp=0x0000000192a097a0 mode 2
Event: 45.344 loading class java/awt/Window$1DisposeAction
Event: 45.344 loading class java/awt/Window$1DisposeAction done
Event: 45.344 Thread 0x00007fcdb4022800 flushing nmethod 0x00000001024c2610
Event: 45.344 Thread 0x00007fcdb4022800 flushing nmethod 0x00000001024e0790
Event: 45.344 Thread 0x00007fcdb4022800 flushing nmethod 0x00000001024e0b90


Dynamic libraries:
0x000000000930f000 	/System/Library/Frameworks/Cocoa.framework/Versions/A/Cocoa
0x000000000930f000 	/System/Library/Frameworks/Security.framework/Versions/A/Security
0x000000000930f000 	/System/Library/Frameworks/ApplicationServices.framework/Versions/A/ApplicationServices
0x000000000930f000 	/usr/lib/libz.1.dylib
0x000000000930f000 	/usr/lib/libSystem.B.dylib
0x000000000930f000 	/usr/lib/libobjc.A.dylib
0x000000000930f000 	/System/Library/Frameworks/CoreFoundation.framework/Versions/A/CoreFoundation
0x000000000930f000 	/System/Library/Frameworks/Foundation.framework/Versions/C/Foundation
0x000000000930f000 	/System/Library/Frameworks/AppKit.framework/Versions/C/AppKit
0x000000000930f000 	/System/Library/Frameworks/CoreData.framework/Versions/A/CoreData
0x000000000930f000 	/System/Library/PrivateFrameworks/RemoteViewServices.framework/Versions/A/RemoteViewServices
0x000000000930f000 	/System/Library/Frameworks/AudioToolbox.framework/Versions/A/AudioToolbox
0x000000000930f000 	/System/Library/Frameworks/AudioUnit.framework/Versions/A/AudioUnit
0x000000000930f000 	/System/Library/PrivateFrameworks/DataDetectorsCore.framework/Versions/A/DataDetectorsCore
0x000000000930f000 	/System/Library/PrivateFrameworks/DesktopServicesPriv.framework/Versions/A/DesktopServicesPriv
0x000000000930f000 	/System/Library/Frameworks/Carbon.framework/Versions/A/Frameworks/HIToolbox.framework/Versions/A/HIToolbox
0x000000000930f000 	/System/Library/Frameworks/QuartzCore.framework/Versions/A/QuartzCore
0x000000000930f000 	/System/Library/Frameworks/Carbon.framework/Versions/A/Frameworks/SpeechRecognition.framework/Versions/A/SpeechRecognition
0x000000000930f000 	/usr/lib/libauto.dylib
0x000000000930f000 	/usr/lib/libicucore.A.dylib
0x000000000930f000 	/usr/lib/libxml2.2.dylib
0x000000000930f000 	/System/Library/PrivateFrameworks/CoreUI.framework/Versions/A/CoreUI
0x000000000930f000 	/System/Library/Frameworks/CoreAudio.framework/Versions/A/CoreAudio
0x000000000930f000 	/System/Library/Frameworks/DiskArbitration.framework/Versions/A/DiskArbitration
0x000000000930f000 	/usr/lib/liblangid.dylib
0x000000000930f000 	/System/Library/PrivateFrameworks/MultitouchSupport.framework/Versions/A/MultitouchSupport
0x000000000930f000 	/System/Library/Frameworks/IOKit.framework/Versions/A/IOKit
0x000000000930f000 	/usr/lib/libDiagnosticMessagesClient.dylib
0x000000000930f000 	/System/Library/Frameworks/CoreServices.framework/Versions/A/CoreServices
0x000000000930f000 	/System/Library/PrivateFrameworks/PerformanceAnalysis.framework/Versions/A/PerformanceAnalysis
0x000000000930f000 	/System/Library/PrivateFrameworks/GenerationalStorage.framework/Versions/A/GenerationalStorage
0x000000000930f000 	/System/Library/Frameworks/OpenGL.framework/Versions/A/OpenGL
0x000000000930f000 	/System/Library/PrivateFrameworks/Sharing.framework/Versions/A/Sharing
0x000000000930f000 	/System/Library/Frameworks/ImageIO.framework/Versions/A/ImageIO
0x000000000930f000 	/System/Library/Frameworks/CoreText.framework/Versions/A/CoreText
0x000000000930f000 	/System/Library/Frameworks/CoreGraphics.framework/Versions/A/CoreGraphics
0x000000000930f000 	/System/Library/PrivateFrameworks/Backup.framework/Versions/A/Backup
0x000000000930f000 	/System/Library/Frameworks/CFNetwork.framework/Versions/A/CFNetwork
0x000000000930f000 	/System/Library/Frameworks/SystemConfiguration.framework/Versions/A/SystemConfiguration
0x000000000930f000 	/usr/lib/libCRFSuite.dylib
0x000000000930f000 	/usr/lib/libc++.1.dylib
0x000000000930f000 	/usr/lib/libc++abi.dylib
0x000000000930f000 	/usr/lib/system/libcache.dylib
0x000000000930f000 	/usr/lib/system/libcommonCrypto.dylib
0x000000000930f000 	/usr/lib/system/libcompiler_rt.dylib
0x000000000930f000 	/usr/lib/system/libcopyfile.dylib
0x000000000930f000 	/usr/lib/system/libcorecrypto.dylib
0x000000000930f000 	/usr/lib/system/libdispatch.dylib
0x000000000930f000 	/usr/lib/system/libdyld.dylib
0x000000000930f000 	/usr/lib/system/libkeymgr.dylib
0x000000000930f000 	/usr/lib/system/liblaunch.dylib
0x000000000930f000 	/usr/lib/system/libmacho.dylib
0x000000000930f000 	/usr/lib/system/libquarantine.dylib
0x000000000930f000 	/usr/lib/system/libremovefile.dylib
0x000000000930f000 	/usr/lib/system/libsystem_asl.dylib
0x000000000930f000 	/usr/lib/system/libsystem_blocks.dylib
0x000000000930f000 	/usr/lib/system/libsystem_c.dylib
0x000000000930f000 	/usr/lib/system/libsystem_configuration.dylib
0x000000000930f000 	/usr/lib/system/libsystem_dnssd.dylib
0x000000000930f000 	/usr/lib/system/libsystem_info.dylib
0x000000000930f000 	/usr/lib/system/libsystem_kernel.dylib
0x000000000930f000 	/usr/lib/system/libsystem_m.dylib
0x000000000930f000 	/usr/lib/system/libsystem_malloc.dylib
0x000000000930f000 	/usr/lib/system/libsystem_network.dylib
0x000000000930f000 	/usr/lib/system/libsystem_notify.dylib
0x000000000930f000 	/usr/lib/system/libsystem_platform.dylib
0x000000000930f000 	/usr/lib/system/libsystem_pthread.dylib
0x000000000930f000 	/usr/lib/system/libsystem_sandbox.dylib
0x000000000930f000 	/usr/lib/system/libsystem_stats.dylib
0x000000000930f000 	/usr/lib/system/libunc.dylib
0x000000000930f000 	/usr/lib/system/libunwind.dylib
0x000000000930f000 	/usr/lib/system/libxpc.dylib
0x000000000930f000 	/usr/lib/libbsm.0.dylib
0x000000000930f000 	/usr/lib/libsqlite3.dylib
0x000000000930f000 	/usr/lib/libxar.1.dylib
0x000000000930f000 	/usr/lib/libpam.2.dylib
0x000000000930f000 	/usr/lib/libOpenScriptingUtil.dylib
0x000000000930f000 	/usr/lib/libbz2.1.0.dylib
0x000000000930f000 	/System/Library/Frameworks/CoreServices.framework/Versions/A/Frameworks/CarbonCore.framework/Versions/A/CarbonCore
0x000000000930f000 	/System/Library/Frameworks/CoreServices.framework/Versions/A/Frameworks/Metadata.framework/Versions/A/Metadata
0x000000000930f000 	/System/Library/Frameworks/CoreServices.framework/Versions/A/Frameworks/OSServices.framework/Versions/A/OSServices
0x000000000930f000 	/System/Library/Frameworks/CoreServices.framework/Versions/A/Frameworks/SearchKit.framework/Versions/A/SearchKit
0x000000000930f000 	/System/Library/Frameworks/CoreServices.framework/Versions/A/Frameworks/AE.framework/Versions/A/AE
0x000000000930f000 	/System/Library/Frameworks/CoreServices.framework/Versions/A/Frameworks/LaunchServices.framework/Versions/A/LaunchServices
0x000000000930f000 	/System/Library/Frameworks/CoreServices.framework/Versions/A/Frameworks/DictionaryServices.framework/Versions/A/DictionaryServices
0x000000000930f000 	/System/Library/Frameworks/NetFS.framework/Versions/A/NetFS
0x000000000930f000 	/usr/lib/system/libkxld.dylib
0x000000000930f000 	/System/Library/PrivateFrameworks/NetAuth.framework/Versions/A/NetAuth
0x000000000930f000 	/System/Library/PrivateFrameworks/TCC.framework/Versions/A/TCC
0x000000000930f000 	/System/Library/Frameworks/OpenDirectory.framework/Versions/A/Frameworks/CFOpenDirectory.framework/Versions/A/CFOpenDirectory
0x000000000930f000 	/System/Library/Frameworks/ServiceManagement.framework/Versions/A/ServiceManagement
0x000000000930f000 	/usr/lib/libxslt.1.dylib
0x000000000930f000 	/System/Library/Frameworks/Carbon.framework/Versions/A/Frameworks/Ink.framework/Versions/A/Ink
0x000000000930f000 	/System/Library/Frameworks/ApplicationServices.framework/Versions/A/Frameworks/ATS.framework/Versions/A/ATS
0x000000000930f000 	/System/Library/Frameworks/ApplicationServices.framework/Versions/A/Frameworks/ColorSync.framework/Versions/A/ColorSync
0x000000000930f000 	/System/Library/Frameworks/ApplicationServices.framework/Versions/A/Frameworks/HIServices.framework/Versions/A/HIServices
0x000000000930f000 	/System/Library/Frameworks/ApplicationServices.framework/Versions/A/Frameworks/LangAnalysis.framework/Versions/A/LangAnalysis
0x000000000930f000 	/System/Library/Frameworks/ApplicationServices.framework/Versions/A/Frameworks/PrintCore.framework/Versions/A/PrintCore
0x000000000930f000 	/System/Library/Frameworks/ApplicationServices.framework/Versions/A/Frameworks/QD.framework/Versions/A/QD
0x000000000930f000 	/System/Library/Frameworks/ApplicationServices.framework/Versions/A/Frameworks/SpeechSynthesis.framework/Versions/A/SpeechSynthesis
0x000000000930f000 	/System/Library/Frameworks/IOSurface.framework/Versions/A/IOSurface
0x000000000930f000 	/System/Library/Frameworks/Accelerate.framework/Versions/A/Accelerate
0x000000000930f000 	/System/Library/Frameworks/Accelerate.framework/Versions/A/Frameworks/vImage.framework/Versions/A/vImage
0x000000000930f000 	/System/Library/Frameworks/Accelerate.framework/Versions/A/Frameworks/vecLib.framework/Versions/A/vecLib
0x000000000930f000 	/System/Library/Frameworks/Accelerate.framework/Versions/A/Frameworks/vecLib.framework/Versions/A/libvDSP.dylib
0x000000000930f000 	/System/Library/Frameworks/Accelerate.framework/Versions/A/Frameworks/vecLib.framework/Versions/A/libvMisc.dylib
0x000000000930f000 	/System/Library/Frameworks/Accelerate.framework/Versions/A/Frameworks/vecLib.framework/Versions/A/libLAPACK.dylib
0x000000000930f000 	/System/Library/Frameworks/Accelerate.framework/Versions/A/Frameworks/vecLib.framework/Versions/A/libBLAS.dylib
0x000000000930f000 	/System/Library/Frameworks/ApplicationServices.framework/Versions/A/Frameworks/ATS.framework/Versions/A/Resources/libFontParser.dylib
0x000000000930f000 	/System/Library/Frameworks/ApplicationServices.framework/Versions/A/Frameworks/ATS.framework/Versions/A/Resources/libFontRegistry.dylib
0x000000000930f000 	/System/Library/Frameworks/ImageIO.framework/Versions/A/Resources/libJPEG.dylib
0x000000000930f000 	/System/Library/Frameworks/ImageIO.framework/Versions/A/Resources/libTIFF.dylib
0x000000000930f000 	/System/Library/Frameworks/ImageIO.framework/Versions/A/Resources/libPng.dylib
0x000000000930f000 	/System/Library/Frameworks/ImageIO.framework/Versions/A/Resources/libGIF.dylib
0x000000000930f000 	/System/Library/Frameworks/ImageIO.framework/Versions/A/Resources/libJP2.dylib
0x000000000930f000 	/System/Library/Frameworks/ImageIO.framework/Versions/A/Resources/libRadiance.dylib
0x000000000930f000 	/usr/lib/libcups.2.dylib
0x000000000930f000 	/System/Library/Frameworks/Kerberos.framework/Versions/A/Kerberos
0x000000000930f000 	/System/Library/Frameworks/GSS.framework/Versions/A/GSS
0x000000000930f000 	/usr/lib/libresolv.9.dylib
0x000000000930f000 	/usr/lib/libiconv.2.dylib
0x000000000930f000 	/System/Library/PrivateFrameworks/Heimdal.framework/Versions/A/Heimdal
0x000000000930f000 	/System/Library/PrivateFrameworks/TrustEvaluationAgent.framework/Versions/A/TrustEvaluationAgent
0x000000000930f000 	/usr/lib/libheimdal-asn1.dylib
0x000000000930f000 	/System/Library/Frameworks/OpenDirectory.framework/Versions/A/OpenDirectory
0x000000000930f000 	/System/Library/PrivateFrameworks/CommonAuth.framework/Versions/A/CommonAuth
0x000000000930f000 	/System/Library/Frameworks/SecurityFoundation.framework/Versions/A/SecurityFoundation
0x000000000930f000 	/System/Library/PrivateFrameworks/Bom.framework/Versions/A/Bom
0x000000000930f000 	/System/Library/Frameworks/CoreVideo.framework/Versions/A/CoreVideo
0x000000000930f000 	/System/Library/Frameworks/QuartzCore.framework/Versions/A/Frameworks/CoreImage.framework/Versions/A/CoreImage
0x000000000930f000 	/System/Library/Frameworks/QuartzCore.framework/Versions/A/Frameworks/ScalableUserInterface.framework/Versions/A/ScalableUserInterface
0x000000000930f000 	/System/Library/Frameworks/OpenGL.framework/Versions/A/Libraries/libGLU.dylib
0x000000000930f000 	/System/Library/Frameworks/OpenGL.framework/Versions/A/Libraries/libGFXShared.dylib
0x000000000930f000 	/System/Library/Frameworks/OpenGL.framework/Versions/A/Libraries/libGL.dylib
0x000000000930f000 	/System/Library/Frameworks/OpenGL.framework/Versions/A/Libraries/libGLImage.dylib
0x000000000930f000 	/System/Library/Frameworks/OpenGL.framework/Versions/A/Libraries/libCVMSPluginSupport.dylib
0x000000000930f000 	/System/Library/Frameworks/OpenGL.framework/Versions/A/Libraries/libCoreVMClient.dylib
0x000000000930f000 	/System/Library/PrivateFrameworks/FaceCore.framework/Versions/A/FaceCore
0x000000000930f000 	/System/Library/PrivateFrameworks/CrashReporterSupport.framework/Versions/A/CrashReporterSupport
0x000000000930f000 	/System/Library/Frameworks/OpenCL.framework/Versions/A/OpenCL
0x000000000930f000 	/System/Library/PrivateFrameworks/AppleFSCompression.framework/Versions/A/AppleFSCompression
0x000000000930f000 	/System/Library/PrivateFrameworks/Ubiquity.framework/Versions/A/Ubiquity
0x000000000930f000 	/System/Library/PrivateFrameworks/IconServices.framework/Versions/A/IconServices
0x000000000930f000 	/System/Library/PrivateFrameworks/ChunkingLibrary.framework/Versions/A/ChunkingLibrary
0x000000000930f000 	/System/Library/PrivateFrameworks/CoreSymbolication.framework/Versions/A/CoreSymbolication
0x000000000930f000 	/System/Library/PrivateFrameworks/Symbolication.framework/Versions/A/Symbolication
0x000000000930f000 	/System/Library/PrivateFrameworks/DebugSymbols.framework/Versions/A/DebugSymbols
0x0000000101200000 	/Library/Java/JavaVirtualMachines/jdk1.8.0_65.jdk/Contents/Home/jre/lib/server/libjvm.dylib
0x000000000930f000 	/usr/lib/libstdc++.6.dylib
0x00000001009db000 	/Library/Java/JavaVirtualMachines/jdk1.8.0_65.jdk/Contents/Home/jre/lib/libverify.dylib
0x0000000102189000 	/Library/Java/JavaVirtualMachines/jdk1.8.0_65.jdk/Contents/Home/jre/lib/libjava.dylib
0x00000001009f3000 	/Library/Java/JavaVirtualMachines/jdk1.8.0_65.jdk/Contents/Home/jre/lib/libzip.dylib
0x0000000115ccc000 	/System/Library/Frameworks/JavaVM.framework/Frameworks/JavaRuntimeSupport.framework/JavaRuntimeSupport
0x0000000115ce4000 	/System/Library/Frameworks/JavaVM.framework/Versions/A/Frameworks/JavaNativeFoundation.framework/Versions/A/JavaNativeFoundation
0x0000000115cf9000 	/System/Library/Frameworks/JavaVM.framework/Versions/A/JavaVM
0x000000000930f000 	/System/Library/Frameworks/Carbon.framework/Versions/A/Carbon
0x0000000115d06000 	/System/Library/PrivateFrameworks/JavaLaunching.framework/Versions/A/JavaLaunching
0x000000000930f000 	/System/Library/Frameworks/Carbon.framework/Versions/A/Frameworks/CommonPanels.framework/Versions/A/CommonPanels
0x000000000930f000 	/System/Library/Frameworks/Carbon.framework/Versions/A/Frameworks/Help.framework/Versions/A/Help
0x000000000930f000 	/System/Library/Frameworks/Carbon.framework/Versions/A/Frameworks/ImageCapture.framework/Versions/A/ImageCapture
0x000000000930f000 	/System/Library/Frameworks/Carbon.framework/Versions/A/Frameworks/OpenScripting.framework/Versions/A/OpenScripting
0x000000000930f000 	/System/Library/Frameworks/Carbon.framework/Versions/A/Frameworks/Print.framework/Versions/A/Print
0x000000000930f000 	/System/Library/Frameworks/Carbon.framework/Versions/A/Frameworks/SecurityHI.framework/Versions/A/SecurityHI
0x0000000116474000 	/Library/Java/JavaVirtualMachines/jdk1.8.0_65.jdk/Contents/Home/jre/lib/libawt.dylib
0x000000011651c000 	/Library/Java/JavaVirtualMachines/jdk1.8.0_65.jdk/Contents/Home/jre/lib/./libmlib_image.dylib
0x00000001165e8000 	/Library/Java/JavaVirtualMachines/jdk1.8.0_65.jdk/Contents/Home/jre/lib/libawt_lwawt.dylib
0x000000011669d000 	/Library/Java/JavaVirtualMachines/jdk1.8.0_65.jdk/Contents/Home/jre/lib/./libosxapp.dylib
0x000000000930f000 	/System/Library/Frameworks/ExceptionHandling.framework/Versions/A/ExceptionHandling
0x000000000930f000 	/System/Library/PrivateFrameworks/CoreServicesInternal.framework/Versions/A/CoreServicesInternal
0x000000000930f000 	/System/Library/PrivateFrameworks/Librarian.framework/Versions/A/Librarian
0x0000000117f01000 	/System/Library/Frameworks/CoreGraphics.framework/Versions/A/Resources/libCGCMS.A.dylib
0x0000000118ba6000 	/System/Library/Frameworks/CoreGraphics.framework/Versions/A/Resources/libRIP.A.dylib
0x0000000118df4000 	/System/Library/Frameworks/CoreGraphics.framework/Versions/A/Resources/libCGXType.A.dylib
0x000000000930f000 	/System/Library/PrivateFrameworks/FamilyControls.framework/Versions/A/FamilyControls
0x000000000930f000 	/System/Library/PrivateFrameworks/CommerceKit.framework/Versions/A/Frameworks/CommerceCore.framework/Versions/A/CommerceCore
0x000000000930f000 	/System/Library/PrivateFrameworks/SystemAdministration.framework/Versions/A/SystemAdministration
0x000000000930f000 	/System/Library/Frameworks/DirectoryService.framework/Versions/A/DirectoryService
0x000000000930f000 	/System/Library/PrivateFrameworks/DiskImages.framework/Versions/A/DiskImages
0x000000000930f000 	/System/Library/PrivateFrameworks/LoginUIKit.framework/Versions/A/Frameworks/LoginUICore.framework/Versions/A/LoginUICore
0x000000000930f000 	/usr/lib/libCoreStorage.dylib
0x000000000930f000 	/usr/lib/libcsfde.dylib
0x000000000930f000 	/usr/lib/libodfde.dylib
0x000000000930f000 	/System/Library/Frameworks/DiscRecording.framework/Versions/A/DiscRecording
0x000000000930f000 	/usr/lib/libcurl.4.dylib
0x000000000930f000 	/System/Library/PrivateFrameworks/MediaKit.framework/Versions/A/MediaKit
0x000000000930f000 	/System/Library/PrivateFrameworks/EFILogin.framework/Versions/A/EFILogin
0x000000000930f000 	/usr/lib/libutil.dylib
0x000000000930f000 	/System/Library/PrivateFrameworks/AOSNotification.framework/Versions/A/AOSNotification
0x000000000930f000 	/System/Library/Frameworks/LDAP.framework/Versions/A/LDAP
0x000000000930f000 	/usr/lib/libsasl2.2.dylib
0x000000000930f000 	/usr/lib/libcrypto.0.9.8.dylib
0x000000000930f000 	/usr/lib/libssl.0.9.8.dylib
0x000000011a8eb000 	/System/Library/Frameworks/OpenGL.framework/Resources/GLEngine.bundle/GLEngine
0x000000000930f000 	/System/Library/Frameworks/OpenGL.framework/Versions/A/Libraries/libGLProgrammability.dylib
0x000000011aac7000 	/System/Library/Extensions/AppleIntelHD4000GraphicsGLDriver.bundle/Contents/MacOS/AppleIntelHD4000GraphicsGLDriver
0x000000000930f000 	/System/Library/PrivateFrameworks/IOAccelerator.framework/Versions/A/IOAccelerator
0x000000000930f000 	/System/Library/PrivateFrameworks/GPUSupport.framework/Versions/A/Libraries/libGPUSupportMercury.dylib
0x000000011b4f9000 	/System/Library/Frameworks/OpenGL.framework/Resources//GLRendererFloat.bundle/GLRendererFloat
0x000000000930f000 	/System/Library/Frameworks/OpenCL.framework/Versions/A/Libraries/libcldcpuengine.dylib
0x000000011beb0000 	/Library/Java/JavaVirtualMachines/jdk1.8.0_65.jdk/Contents/Home/jre/lib/libfontmanager.dylib
0x000000011cf93000 	/Library/Java/JavaVirtualMachines/jdk1.8.0_65.jdk/Contents/Home/jre/lib/libosxui.dylib
0x000000011d95c000 	/Library/Java/JavaVirtualMachines/jdk1.8.0_65.jdk/Contents/Home/jre/lib/libnet.dylib
0x000000011d9bb000 	/Library/Java/JavaVirtualMachines/jdk1.8.0_65.jdk/Contents/Home/jre/lib/libnio.dylib
0x000000000930f000 	/System/Library/Frameworks/ApplicationServices.framework/Versions/A/Frameworks/ATS.framework/Versions/A/Resources/libTrueTypeScaler.dylib
0x000000018b779000 	/private/var/folders/bd/jbd34hlj5lqbvms35s4_k5w40000gn/T/jogamp_0000/file_cache/jln9116443700184103744/jln3657555151371987395/libgluegen-rt.jnilib
0x000000018b77d000 	/private/var/folders/bd/jbd34hlj5lqbvms35s4_k5w40000gn/T/jogamp_0000/file_cache/jln9116443700184103744/jln3657555151371987395/libnativewindow_awt.jnilib
0x000000018b780000 	/Library/Java/JavaVirtualMachines/jdk1.8.0_65.jdk/Contents/Home/jre/lib/libjawt.dylib
0x000000018b783000 	/private/var/folders/bd/jbd34hlj5lqbvms35s4_k5w40000gn/T/jogamp_0000/file_cache/jln9116443700184103744/jln3657555151371987395/libnativewindow_macosx.jnilib
0x000000018d2a5000 	/private/var/folders/bd/jbd34hlj5lqbvms35s4_k5w40000gn/T/jogamp_0000/file_cache/jln9116443700184103744/jln3657555151371987395/libjogl_desktop.jnilib
0x0000000190ac9000 	/Library/Java/JavaVirtualMachines/jdk1.8.0_65.jdk/Contents/Home/jre/lib/libt2k.dylib

VM Arguments:
jvm_args: -Djava.security.policy=java.policy.applet -Dfile.encoding=UTF-8 
java_command: sun.applet.AppletViewer module3.EarthquakeCityMap1449986803107.html
java_class_path (initial): /Users/reallifejasmine/Documents/workspace/UCSDUnfoldingMaps/build:/Users/reallifejasmine/Documents/workspace/UCSDUnfoldingMaps/lib/core.jar:/Users/reallifejasmine/Documents/workspace/UCSDUnfoldingMaps/lib/gluegen-rt.jar:/Users/reallifejasmine/Documents/workspace/UCSDUnfoldingMaps/lib/jogl-all.jar:/Users/reallifejasmine/Documents/workspace/UCSDUnfoldingMaps/lib/log4j-1.2.15.jar:/Users/reallifejasmine/Documents/workspace/UCSDUnfoldingMaps/lib/sqlite-jdbc-3.7.2.jar:/Users/reallifejasmine/Documents/workspace/UCSDUnfoldingMaps/lib/json4processing.jar:/Users/reallifejasmine/Documents/workspace/UCSDUnfoldingMaps/lib/libTUIO.jar:/Users/reallifejasmine/Documents/workspace/UCSDUnfoldingMaps/lib/unfolding.0.9.7-uscd.jar
Launcher Type: SUN_STANDARD

Environment Variables:
PATH=/usr/bin:/bin:/usr/sbin:/sbin
SHELL=/bin/bash
DISPLAY=/tmp/launch-qMDjT5/org.macosforge.xquartz:0

Signal Handlers:
SIGSEGV: [libjvm.dylib+0x5a6d31], sa_mask[0]=11111111011111110111111111111111, sa_flags=SA_ONSTACK|SA_RESTART|SA_SIGINFO
SIGBUS: [libjvm.dylib+0x5a6d31], sa_mask[0]=11111111011111110111111111111111, sa_flags=SA_RESTART|SA_SIGINFO
SIGFPE: [libjvm.dylib+0x480a40], sa_mask[0]=11111111011111110111111111111111, sa_flags=SA_RESTART|SA_SIGINFO
SIGPIPE: [libjvm.dylib+0x480a40], sa_mask[0]=11111111011111110111111111111111, sa_flags=SA_RESTART|SA_SIGINFO
SIGXFSZ: [libjvm.dylib+0x480a40], sa_mask[0]=11111111011111110111111111111111, sa_flags=SA_RESTART|SA_SIGINFO
SIGILL: [libjvm.dylib+0x480a40], sa_mask[0]=11111111011111110111111111111111, sa_flags=SA_RESTART|SA_SIGINFO
SIGUSR1: SIG_DFL, sa_mask[0]=00000000000000000000000000000000, sa_flags=SA_RESTART
SIGUSR2: [libjvm.dylib+0x48055e], sa_mask[0]=00100000000000000000000000000000, sa_flags=SA_RESTART|SA_SIGINFO
SIGHUP: [libjvm.dylib+0x47eb35], sa_mask[0]=11111111011111110111111111111111, sa_flags=SA_RESTART|SA_SIGINFO
SIGINT: [libjvm.dylib+0x47eb35], sa_mask[0]=11111111011111110111111111111111, sa_flags=SA_RESTART|SA_SIGINFO
SIGTERM: [libjvm.dylib+0x47eb35], sa_mask[0]=11111111011111110111111111111111, sa_flags=SA_RESTART|SA_SIGINFO
SIGQUIT: [libjvm.dylib+0x47eb35], sa_mask[0]=11111111011111110111111111111111, sa_flags=SA_RESTART|SA_SIGINFO


---------------  S Y S T E M  ---------------

OS:Bsduname:Darwin 13.4.0 Darwin Kernel Version 13.4.0: Wed Mar 18 16:20:14 PDT 2015; root:xnu-2422.115.14~1/RELEASE_X86_64 x86_64
rlimit: STACK 8192k, CORE 0k, NPROC 709, NOFILE 10240, AS infinity
load average:2.19 1.50 1.38

CPU:total 4 (2 cores per cpu, 2 threads per core) family 6 model 58 stepping 9, cmov, cx8, fxsr, mmx, sse, sse2, sse3, ssse3, sse4.1, sse4.2, popcnt, avx, aes, clmul, erms, ht, tsc, tscinvbit, tscinv

Memory: 4k page, physical 4194304k(408184k free)

/proc/meminfo:


vm_info: Java HotSpot(TM) 64-Bit Server VM (25.65-b01) for bsd-amd64 JRE (1.8.0_65-b17), built on Oct  6 2015 15:36:46 by "java_re" with gcc 4.2.1 (Based on Apple Inc. build 5658) (LLVM build 2336.11.00)

time: Sun Dec 13 01:07:29 2015
elapsed time: 46 seconds (0d 0h 0m 46s)

