#
# A fatal error has been detected by the Java Runtime Environment:
#
#  SIGSEGV (0xb) at pc=0x00007fff8cd17097, pid=4487, tid=3335
#
# JRE version: Java(TM) SE Runtime Environment (8.0_65-b17) (build 1.8.0_65-b17)
# Java VM: Java HotSpot(TM) 64-Bit Server VM (25.65-b01 mixed mode bsd-amd64 compressed oops)
# Problematic frame:
# C  [libobjc.A.dylib+0x5097]  objc_msgSend+0x17
#
# Failed to write core dump. Core dumps have been disabled. To enable core dumping, try "ulimit -c unlimited" before starting Java again
#
# If you would like to submit a bug report, please visit:
#   http://bugreport.java.com/bugreport/crash.jsp
# The crash happened outside the Java Virtual Machine in native code.
# See problematic frame for where to report the bug.
#

---------------  T H R E A D  ---------------

Current thread (0x00007fa2cb0e1800):  JavaThread "AWT-AppKit" daemon [_thread_in_native, id=3335, stack(0x00007fff5e844000,0x00007fff5f044000)]

siginfo: si_signo: 11 (SIGSEGV), si_code: 0 (unknown), si_addr: 0x0000000000000000

Registers:
RAX=0x00007fa2cef50a50, RBX=0x000000018bb80450, RCX=0x000000011d320960, RDX=0x000000011d3209a0
RSP=0x00007fff5f03f218, RBP=0x00007fff5f03f2d0, RSI=0x00007fff929714c6, RDI=0x00007fa2ceb5c700
R8 =0x0000000000000000, R9 =0x00000000000006d0, R10=0x00007fff929714c6, R11=0xd000000000000000
R12=0x0000000000000000, R13=0x000000018d5c79d8, R14=0x000000018bb80440, R15=0x00007fa2cb0e1800
RIP=0x00007fff8cd17097, EFLAGS=0x0000000000010246, ERR=0x0000000000000000
  TRAPNO=0x000000000000000d

Top of Stack: (sp=0x00007fff5f03f218)
0x00007fff5f03f218:   000000018bb7e157 00007fff5f03f270
0x00007fff5f03f228:   0000000000000003 00007fff5f03f250
0x00007fff5f03f238:   00000001017f19a6 000000018d5c79d8
0x00007fff5f03f248:   000000018d5c79d8 00007fa2cef50a50
0x00007fff5f03f258:   000000018bb806a0 000000018bb80710
0x00007fff5f03f268:   00007fff7aa84fb0 00007fff7a514420
0x00007fff5f03f278:   000000018bb80450 000000018bb80690
0x00007fff5f03f288:   00007fa2cef50a50 00007fa2ceb5c700
0x00007fff5f03f298:   00007fa2c9c2dfe0 00007fa2cef50a50
0x00007fff5f03f2a8:   00007fa2ceb5c700 00007fff5f03f358
0x00007fff5f03f2b8:   00007fa2cb0e19f8 000000018d5c79d8
0x00007fff5f03f2c8:   00007fff5f03f380 00007fff5f03f348
0x00007fff5f03f2d8:   00000001025d3954 000000018d5c79d8
0x00007fff5f03f2e8:   00007fff5f03f380 00007fff5f03f348
0x00007fff5f03f2f8:   00000001025d36e7 00000001025d36a2
0x00007fff5f03f308:   00007fff5f03f308 000000018d5c79d8
0x00007fff5f03f318:   00007fff5f03f380 000000018d5eb028
0x00007fff5f03f328:   0000000000000000 000000018d5c79d8
0x00007fff5f03f338:   0000000000000000 00007fff5f03f368
0x00007fff5f03f348:   00007fff5f03f3c8 00000001025c5c4d
0x00007fff5f03f358:   00000007811a3be0 00000001025cd578
0x00007fff5f03f368:   00007fa2cef50a50 00007fff5f03f3c8
0x00007fff5f03f378:   00007fa2ceb5c700 00000001025ced82
0x00007fff5f03f388:   00007fff5f03f388 000000018d5c7ba2
0x00007fff5f03f398:   00007fff5f03f3f0 000000018d5eb028
0x00007fff5f03f3a8:   0000000000000000 000000018d5c7bb0
0x00007fff5f03f3b8:   00007fff5f03f368 00007fff5f03f3d8
0x00007fff5f03f3c8:   00007fff5f03f438 00000001025c5c4d
0x00007fff5f03f3d8:   00007fa2cef50a50 00000007811b8410
0x00007fff5f03f3e8:   00007fa2ceb5c700 00000007811b8410
0x00007fff5f03f3f8:   00007fff5f03f3f8 000000019438598e
0x00007fff5f03f408:   00007fff5f03f448 0000000194385a48 

Instructions: (pc=0x00007fff8cd17097)
0x00007fff8cd17077:   90 90 90 90 90 90 90 90 90 48 85 ff 2e 74 72 40
0x00007fff8cd17087:   f6 c7 01 2e 0f 85 7e 00 00 00 4c 8b 1f 49 89 f2
0x00007fff8cd17097:   45 23 53 18 49 c1 e2 04 4d 03 53 10 49 3b 32 75
0x00007fff8cd170a7:   04 41 ff 62 08 49 83 3a 00 74 74 4d 3b 53 10 74 

Register to memory mapping:

RAX=0x00007fa2cef50a50 is an unknown value
RBX=0x000000018bb80450: Java_jogamp_nativewindow_macosx_OSXUtil_GetScreenRefreshRate0+0x1cf0 in /private/var/folders/bd/jbd34hlj5lqbvms35s4_k5w40000gn/T/jogamp_0000/file_cache/jln1573837300464182289/jln4517860897453512651/libnativewindow_macosx.jnilib at 0x000000018bb79000
RCX=0x000000011d320960 is an unknown value
RDX=0x000000011d3209a0 is an unknown value
RSP=0x00007fff5f03f218 is pointing into the stack for thread: 0x00007fa2cb0e1800
RBP=0x00007fff5f03f2d0 is pointing into the stack for thread: 0x00007fa2cb0e1800
RSI=0x00007fff929714c6: NSAppKitVersionNumber+0x12eb6 in /System/Library/Frameworks/AppKit.framework/Versions/C/AppKit at 0x00007fff91f0e000
RDI=0x00007fa2ceb5c700 is an unknown value
R8 =0x0000000000000000 is an unknown value
R9 =0x00000000000006d0 is an unknown value
R10=0x00007fff929714c6: NSAppKitVersionNumber+0x12eb6 in /System/Library/Frameworks/AppKit.framework/Versions/C/AppKit at 0x00007fff91f0e000
R11=0xd000000000000000 is an unknown value
R12=0x0000000000000000 is an unknown value
R13={method} {0x000000018d5c79d8} 'UnsetJAWTRootSurfaceLayer0' '(JJ)V' in 'jogamp/nativewindow/jawt/macosx/MacOSXJAWTWindow'
R14=0x000000018bb80440: Java_jogamp_nativewindow_macosx_OSXUtil_GetScreenRefreshRate0+0x1ce0 in /private/var/folders/bd/jbd34hlj5lqbvms35s4_k5w40000gn/T/jogamp_0000/file_cache/jln1573837300464182289/jln4517860897453512651/libnativewindow_macosx.jnilib at 0x000000018bb79000
R15=0x00007fa2cb0e1800 is a thread


Stack: [0x00007fff5e844000,0x00007fff5f044000],  sp=0x00007fff5f03f218,  free space=8172k
Native frames: (J=compiled Java code, j=interpreted, Vv=VM code, C=native code)
C  [libobjc.A.dylib+0x5097]  objc_msgSend+0x17
j  jogamp.nativewindow.jawt.macosx.MacOSXJAWTWindow.UnsetJAWTRootSurfaceLayer0(JJ)V+0
j  jogamp.nativewindow.jawt.macosx.MacOSXJAWTWindow.access$200(JJ)V+2
j  jogamp.nativewindow.jawt.macosx.MacOSXJAWTWindow$1.run()V+38
J 2009 C1 com.jogamp.common.util.RunnableTask.run()V (345 bytes) @ 0x0000000102c72d14 [0x0000000102c72b80+0x194]
v  ~StubRoutines::call_stub
V  [libjvm.dylib+0x2eab02]
V  [libjvm.dylib+0x321bab]
V  [libjvm.dylib+0x31437f]
C  [libnativewindow_macosx.jnilib+0x5326]  Java_jogamp_nativewindow_jawt_macosx_MacOSXJAWTWindow_UnsetJAWTRootSurfaceLayer0+0x2b6
C  [Foundation+0x6375e]  __NSThreadPerformPerform+0xe5
C  [CoreFoundation+0x7f5b1]  __CFRUNLOOP_IS_CALLING_OUT_TO_A_SOURCE0_PERFORM_FUNCTION__+0x11
C  [CoreFoundation+0x70c62]  __CFRunLoopDoSources0+0xf2
C  [CoreFoundation+0x703ef]  __CFRunLoopRun+0x33f
C  [CoreFoundation+0x6fe75]  CFRunLoopRunSpecific+0x135
C  [HIToolbox+0x2ea0d]  RunCurrentEventLoopInMode+0xe2
C  [HIToolbox+0x2e685]  ReceiveNextEventCommon+0xad
C  [HIToolbox+0x2e5bc]  _BlockUntilNextEventMatchingListInModeWithFilter+0x41
C  [AppKit+0x2424e]  _DPSNextEvent+0x59a
C  [AppKit+0x2389b]  -[NSApplication nextEventMatchingMask:untilDate:inMode:dequeue:]+0x7a
C  [libosxapp.dylib+0x23aa]  -[NSApplicationAWT nextEventMatchingMask:untilDate:inMode:dequeue:]+0x7c
C  [AppKit+0x1799c]  -[NSApplication run]+0x229
C  [libosxapp.dylib+0x214d]  +[NSApplicationAWT runAWTLoopWithApp:]+0x9c
C  [libawt_lwawt.dylib+0x44517]  -[AWTStarter starter:]+0x389
C  [Foundation+0x6375e]  __NSThreadPerformPerform+0xe5
C  [CoreFoundation+0x7f5b1]  __CFRUNLOOP_IS_CALLING_OUT_TO_A_SOURCE0_PERFORM_FUNCTION__+0x11
C  [CoreFoundation+0x70c62]  __CFRunLoopDoSources0+0xf2
C  [CoreFoundation+0x703ef]  __CFRunLoopRun+0x33f
C  [CoreFoundation+0x6fe75]  CFRunLoopRunSpecific+0x135
C  [java+0x6463]  CreateExecutionEnvironment+0x367
C  [java+0x21ac]  JLI_Launch+0x7a0
C  [java+0x84c0]  main+0x65
C  [java+0x1a04]  start+0x34
C  0x0000000000000007

Java frames: (J=compiled Java code, j=interpreted, Vv=VM code)
j  jogamp.nativewindow.jawt.macosx.MacOSXJAWTWindow.UnsetJAWTRootSurfaceLayer0(JJ)V+0
j  jogamp.nativewindow.jawt.macosx.MacOSXJAWTWindow.access$200(JJ)V+2
j  jogamp.nativewindow.jawt.macosx.MacOSXJAWTWindow$1.run()V+38
J 2009 C1 com.jogamp.common.util.RunnableTask.run()V (345 bytes) @ 0x0000000102c72d14 [0x0000000102c72b80+0x194]
v  ~StubRoutines::call_stub

---------------  P R O C E S S  ---------------

Java Threads: ( => current thread )
  0x00007fa2cbe87800 JavaThread "Thread-19" [_thread_blocked, id=35531, stack(0x00000001929cf000,0x0000000192acf000)]
  0x00007fa2ca808000 JavaThread "Animation Thread" [_thread_blocked, id=56079, stack(0x000000018bc3c000,0x000000018bd3c000)]
  0x00007fa2cab9e800 JavaThread "AWT-EventQueue-1" [_thread_in_native, id=56587, stack(0x000000018c11a000,0x000000018c21a000)]
  0x00007fa2ca14e800 JavaThread "DestroyJavaVM" [_thread_blocked, id=6403, stack(0x0000000100cd2000,0x0000000100dd2000)]
  0x00007fa2ca9c8000 JavaThread "AWT-EventQueue-0" [_thread_blocked, id=53255, stack(0x000000011d571000,0x000000011d671000)]
  0x00007fa2cba22000 JavaThread "Java2D Disposer" daemon [_thread_blocked, id=48947, stack(0x000000011c1a7000,0x000000011c2a7000)]
  0x00007fa2cb9a1800 JavaThread "Java2D Queue Flusher" daemon [_thread_blocked, id=47623, stack(0x000000011abe2000,0x000000011ace2000)]
  0x00007fa2cb88f000 JavaThread "AWT-Shutdown" [_thread_blocked, id=28427, stack(0x00000001181f7000,0x00000001182f7000)]
=>0x00007fa2cb0e1800 JavaThread "AWT-AppKit" daemon [_thread_in_native, id=3335, stack(0x00007fff5e844000,0x00007fff5f044000)]
  0x00007fa2cb827800 JavaThread "Service Thread" daemon [_thread_blocked, id=19715, stack(0x0000000116625000,0x0000000116725000)]
  0x00007fa2ca027800 JavaThread "C1 CompilerThread2" daemon [_thread_blocked, id=19203, stack(0x0000000116522000,0x0000000116622000)]
  0x00007fa2ca026800 JavaThread "C2 CompilerThread1" daemon [_thread_blocked, id=18691, stack(0x000000011641f000,0x000000011651f000)]
  0x00007fa2ca020800 JavaThread "C2 CompilerThread0" daemon [_thread_blocked, id=18179, stack(0x000000011631c000,0x000000011641c000)]
  0x00007fa2ca01f800 JavaThread "Signal Dispatcher" daemon [_thread_blocked, id=17667, stack(0x0000000116219000,0x0000000116319000)]
  0x00007fa2cb023800 JavaThread "Finalizer" daemon [_thread_blocked, id=12547, stack(0x0000000115fca000,0x00000001160ca000)]
  0x00007fa2cb022800 JavaThread "Reference Handler" daemon [_thread_blocked, id=12035, stack(0x0000000115ec7000,0x0000000115fc7000)]

Other Threads:
  0x00007fa2cb020000 VMThread [stack: 0x0000000115dc4000,0x0000000115ec4000] [id=11523]
  0x00007fa2cb00c000 WatcherThread [stack: 0x0000000116728000,0x0000000116828000] [id=20227]

VM state:not at safepoint (normal execution)

VM Mutex/Monitor currently owned by a thread: None

Heap:
 PSYoungGen      total 26112K, used 14121K [0x00000007aab00000, 0x00000007ad000000, 0x00000007c0000000)
  eden space 15872K, 86% used [0x00000007aab00000,0x00000007ab862590,0x00000007aba80000)
  from space 10240K, 4% used [0x00000007ac500000,0x00000007ac568010,0x00000007acf00000)
  to   space 10752K, 0% used [0x00000007aba80000,0x00000007aba80000,0x00000007ac500000)
 ParOldGen       total 44032K, used 19166K [0x0000000780000000, 0x0000000782b00000, 0x00000007aab00000)
  object space 44032K, 43% used [0x0000000780000000,0x00000007812b7870,0x0000000782b00000)
 Metaspace       used 20604K, capacity 20807K, committed 21120K, reserved 1069056K
  class space    used 2030K, capacity 2110K, committed 2176K, reserved 1048576K

Card table byte_map: [0x000000011197e000,0x0000000111b7f000] byte_map_base: 0x000000010dd7e000

Marking Bits: (ParMarkBitMap*) 0x0000000101edee20
 Begin Bits: [0x00000001120e1000, 0x00000001130e1000)
 End Bits:   [0x00000001130e1000, 0x00000001140e1000)

Polling page: 0x0000000100de2000

CodeCache: size=245760Kb used=8052Kb max_used=8071Kb free=237707Kb
 bounds [0x00000001025be000, 0x0000000102dae000, 0x00000001115be000]
 total_blobs=3110 nmethods=2226 adapters=797
 compilation: enabled

Compilation events (10 events):
Event: 22.312 Thread 0x00007fa2ca027800 2407       1       java.awt.Component::isEnabledImpl (5 bytes)
Event: 22.312 Thread 0x00007fa2ca027800 nmethod 2407 0x0000000102a66410 code [0x0000000102a66560, 0x0000000102a66670]
Event: 22.328 Thread 0x00007fa2ca027800 2408   !   3       sun.lwawt.LWComponentPeer::isShowing (49 bytes)
Event: 22.329 Thread 0x00007fa2ca027800 nmethod 2408 0x0000000102a6e3d0 code [0x0000000102a6e580, 0x0000000102a6ee68]
Event: 22.329 Thread 0x00007fa2ca026800 2409  s    4       sun.misc.URLClassPath::getNextLoader (88 bytes)
Event: 22.330 Thread 0x00007fa2ca020800 2410  s!   4       sun.misc.URLClassPath::getLoader (197 bytes)
Event: 22.337 Thread 0x00007fa2ca020800 nmethod 2410 0x0000000102a6d6d0 code [0x0000000102a6d840, 0x0000000102a6e018]
Event: 22.337 Thread 0x00007fa2ca026800 nmethod 2409 0x0000000102d94c50 code [0x0000000102d94dc0, 0x0000000102d95538]
Event: 22.342 Thread 0x00007fa2ca027800 2411       1       sun.java2d.SurfaceData::isValid (5 bytes)
Event: 22.343 Thread 0x00007fa2ca027800 nmethod 2411 0x0000000102a66150 code [0x0000000102a662a0, 0x0000000102a663b0]

GC Heap History (10 events):
Event: 5.552 GC heap before
{Heap before GC invocations=4 (full 0):
 PSYoungGen      total 18944K, used 18693K [0x00000007aab00000, 0x00000007ac000000, 0x00000007c0000000)
  eden space 16384K, 98% used [0x00000007aab00000,0x00000007abac4eb8,0x00000007abb00000)
  from space 2560K, 99% used [0x00000007abb00000,0x00000007abd7c730,0x00000007abd80000)
  to   space 2560K, 0% used [0x00000007abd80000,0x00000007abd80000,0x00000007ac000000)
 ParOldGen       total 44032K, used 7651K [0x0000000780000000, 0x0000000782b00000, 0x00000007aab00000)
  object space 44032K, 17% used [0x0000000780000000,0x0000000780778fa8,0x0000000782b00000)
 Metaspace       used 19842K, capacity 20055K, committed 20352K, reserved 1067008K
  class space    used 2008K, capacity 2076K, committed 2176K, reserved 1048576K
Event: 5.563 GC heap after
Heap after GC invocations=4 (full 0):
 PSYoungGen      total 18944K, used 2545K [0x00000007aab00000, 0x00000007ad000000, 0x00000007c0000000)
  eden space 16384K, 0% used [0x00000007aab00000,0x00000007aab00000,0x00000007abb00000)
  from space 2560K, 99% used [0x00000007abd80000,0x00000007abffc740,0x00000007ac000000)
  to   space 2560K, 0% used [0x00000007abb00000,0x00000007abb00000,0x00000007abd80000)
 ParOldGen       total 44032K, used 14231K [0x0000000780000000, 0x0000000782b00000, 0x00000007aab00000)
  object space 44032K, 32% used [0x0000000780000000,0x0000000780de5f58,0x0000000782b00000)
 Metaspace       used 19842K, capacity 20055K, committed 20352K, reserved 1067008K
  class space    used 2008K, capacity 2076K, committed 2176K, reserved 1048576K
}
Event: 7.050 GC heap before
{Heap before GC invocations=5 (full 0):
 PSYoungGen      total 18944K, used 18929K [0x00000007aab00000, 0x00000007ad000000, 0x00000007c0000000)
  eden space 16384K, 100% used [0x00000007aab00000,0x00000007abb00000,0x00000007abb00000)
  from space 2560K, 99% used [0x00000007abd80000,0x00000007abffc740,0x00000007ac000000)
  to   space 2560K, 0% used [0x00000007abb00000,0x00000007abb00000,0x00000007abd80000)
 ParOldGen       total 44032K, used 14231K [0x0000000780000000, 0x0000000782b00000, 0x00000007aab00000)
  object space 44032K, 32% used [0x0000000780000000,0x0000000780de5f58,0x0000000782b00000)
 Metaspace       used 20051K, capacity 20253K, committed 20608K, reserved 1067008K
  class space    used 2009K, capacity 2077K, committed 2176K, reserved 1048576K
Event: 7.056 GC heap after
Heap after GC invocations=5 (full 0):
 PSYoungGen      total 18944K, used 2545K [0x00000007aab00000, 0x00000007acf00000, 0x00000007c0000000)
  eden space 16384K, 0% used [0x00000007aab00000,0x00000007aab00000,0x00000007abb00000)
  from space 2560K, 99% used [0x00000007abb00000,0x00000007abd7c740,0x00000007abd80000)
  to   space 10240K, 0% used [0x00000007ac500000,0x00000007ac500000,0x00000007acf00000)
 ParOldGen       total 44032K, used 16864K [0x0000000780000000, 0x0000000782b00000, 0x00000007aab00000)
  object space 44032K, 38% used [0x0000000780000000,0x0000000781078008,0x0000000782b00000)
 Metaspace       used 20051K, capacity 20253K, committed 20608K, reserved 1067008K
  class space    used 2009K, capacity 2077K, committed 2176K, reserved 1048576K
}
Event: 11.043 GC heap before
{Heap before GC invocations=6 (full 0):
 PSYoungGen      total 18944K, used 18929K [0x00000007aab00000, 0x00000007acf00000, 0x00000007c0000000)
  eden space 16384K, 100% used [0x00000007aab00000,0x00000007abb00000,0x00000007abb00000)
  from space 2560K, 99% used [0x00000007abb00000,0x00000007abd7c740,0x00000007abd80000)
  to   space 10240K, 0% used [0x00000007ac500000,0x00000007ac500000,0x00000007acf00000)
 ParOldGen       total 44032K, used 16864K [0x0000000780000000, 0x0000000782b00000, 0x00000007aab00000)
  object space 44032K, 38% used [0x0000000780000000,0x0000000781078008,0x0000000782b00000)
 Metaspace       used 20414K, capacity 20605K, committed 20864K, reserved 1069056K
  class space    used 2022K, capacity 2109K, committed 2176K, reserved 1048576K
Event: 11.050 GC heap after
Heap after GC invocations=6 (full 0):
 PSYoungGen      total 26624K, used 2673K [0x00000007aab00000, 0x00000007acf00000, 0x00000007c0000000)
  eden space 16384K, 0% used [0x00000007aab00000,0x00000007aab00000,0x00000007abb00000)
  from space 10240K, 26% used [0x00000007ac500000,0x00000007ac79c740,0x00000007acf00000)
  to   space 10240K, 0% used [0x00000007abb00000,0x00000007abb00000,0x00000007ac500000)
 ParOldGen       total 44032K, used 16872K [0x0000000780000000, 0x0000000782b00000, 0x00000007aab00000)
  object space 44032K, 38% used [0x0000000780000000,0x000000078107a008,0x0000000782b00000)
 Metaspace       used 20414K, capacity 20605K, committed 20864K, reserved 1069056K
  class space    used 2022K, capacity 2109K, committed 2176K, reserved 1048576K
}
Event: 15.031 GC heap before
{Heap before GC invocations=7 (full 0):
 PSYoungGen      total 26624K, used 19057K [0x00000007aab00000, 0x00000007acf00000, 0x00000007c0000000)
  eden space 16384K, 100% used [0x00000007aab00000,0x00000007abb00000,0x00000007abb00000)
  from space 10240K, 26% used [0x00000007ac500000,0x00000007ac79c740,0x00000007acf00000)
  to   space 10240K, 0% used [0x00000007abb00000,0x00000007abb00000,0x00000007ac500000)
 ParOldGen       total 44032K, used 16872K [0x0000000780000000, 0x0000000782b00000, 0x00000007aab00000)
  object space 44032K, 38% used [0x0000000780000000,0x000000078107a008,0x0000000782b00000)
 Metaspace       used 20539K, capacity 20733K, committed 20864K, reserved 1069056K
  class space    used 2022K, capacity 2109K, committed 2176K, reserved 1048576K
Event: 15.038 GC heap after
Heap after GC invocations=7 (full 0):
 PSYoungGen      total 26624K, used 1489K [0x00000007aab00000, 0x00000007acf00000, 0x00000007c0000000)
  eden space 16384K, 0% used [0x00000007aab00000,0x00000007aab00000,0x00000007abb00000)
  from space 10240K, 14% used [0x00000007abb00000,0x00000007abc74740,0x00000007ac500000)
  to   space 10240K, 0% used [0x00000007ac500000,0x00000007ac500000,0x00000007acf00000)
 ParOldGen       total 44032K, used 18049K [0x0000000780000000, 0x0000000782b00000, 0x00000007aab00000)
  object space 44032K, 40% used [0x0000000780000000,0x00000007811a0660,0x0000000782b00000)
 Metaspace       used 20539K, capacity 20733K, committed 20864K, reserved 1069056K
  class space    used 2022K, capacity 2109K, committed 2176K, reserved 1048576K
}
Event: 19.035 GC heap before
{Heap before GC invocations=8 (full 0):
 PSYoungGen      total 26624K, used 17873K [0x00000007aab00000, 0x00000007acf00000, 0x00000007c0000000)
  eden space 16384K, 100% used [0x00000007aab00000,0x00000007abb00000,0x00000007abb00000)
  from space 10240K, 14% used [0x00000007abb00000,0x00000007abc74740,0x00000007ac500000)
  to   space 10240K, 0% used [0x00000007ac500000,0x00000007ac500000,0x00000007acf00000)
 ParOldGen       total 44032K, used 18049K [0x0000000780000000, 0x0000000782b00000, 0x00000007aab00000)
  object space 44032K, 40% used [0x0000000780000000,0x00000007811a0660,0x0000000782b00000)
 Metaspace       used 20554K, capacity 20739K, committed 20864K, reserved 1069056K
  class space    used 2023K, capacity 2110K, committed 2176K, reserved 1048576K
Event: 19.038 GC heap after
Heap after GC invocations=8 (full 0):
 PSYoungGen      total 26112K, used 416K [0x00000007aab00000, 0x00000007ad000000, 0x00000007c0000000)
  eden space 15872K, 0% used [0x00000007aab00000,0x00000007aab00000,0x00000007aba80000)
  from space 10240K, 4% used [0x00000007ac500000,0x00000007ac568010,0x00000007acf00000)
  to   space 10752K, 0% used [0x00000007aba80000,0x00000007aba80000,0x00000007ac500000)
 ParOldGen       total 44032K, used 19166K [0x0000000780000000, 0x0000000782b00000, 0x00000007aab00000)
  object space 44032K, 43% used [0x0000000780000000,0x00000007812b7870,0x0000000782b00000)
 Metaspace       used 20554K, capacity 20739K, committed 20864K, reserved 1069056K
  class space    used 2023K, capacity 2110K, committed 2176K, reserved 1048576K
}

Deoptimization events (10 events):
Event: 3.875 Thread 0x00007fa2ca808000 Uncommon trap: reason=unstable_if action=reinterpret pc=0x0000000102938cc8 method=sun.net.www.ParseUtil.encodePath(Ljava/lang/String;Z)Ljava/lang/String; @ 109
Event: 4.190 Thread 0x00007fa2cab9e800 Uncommon trap: reason=unstable_if action=reinterpret pc=0x000000010276d7ac method=java.lang.AbstractStringBuilder.append(Ljava/lang/String;)Ljava/lang/AbstractStringBuilder; @ 1
Event: 4.852 Thread 0x00007fa2cab9e800 Uncommon trap: reason=unstable_if action=reinterpret pc=0x00000001029b44e0 method=com.sun.org.apache.xerces.internal.impl.XMLEntityScanner.scanContent(Lcom/sun/org/apache/xerces/internal/xni/XMLString;)I @ 481
Event: 4.852 Thread 0x00007fa2cab9e800 Uncommon trap: reason=unstable_if action=reinterpret pc=0x00000001029a3ee8 method=com.sun.org.apache.xerces.internal.impl.XMLEntityScanner.skipChar(I)Z @ 14
Event: 4.862 Thread 0x00007fa2cab9e800 Uncommon trap: reason=unstable_if action=reinterpret pc=0x00000001029986f4 method=com.sun.org.apache.xerces.internal.impl.XMLEntityScanner.skipSpaces()Z @ 14
Event: 5.232 Thread 0x00007fa2cab9e800 Uncommon trap: reason=unstable_if action=reinterpret pc=0x0000000102a316bc method=com.jogamp.common.util.IntIntHashMap.get(I)I @ 28
Event: 5.442 Thread 0x00007fa2cab9e800 Uncommon trap: reason=unstable_if action=reinterpret pc=0x0000000102a80928 method=processing.opengl.PGraphicsOpenGL$InGeometry.addVertex(FFFIFFFFFIFIIIFIZ)I @ 218
Event: 22.327 Thread 0x00007fa2ca950800 Uncommon trap: reason=unstable_if action=reinterpret pc=0x0000000102a151dc method=java.util.HashMap.putVal(ILjava/lang/Object;Ljava/lang/Object;ZZ)Ljava/lang/Object; @ 81
Event: 22.328 Thread 0x00007fa2ca950800 Uncommon trap: reason=unstable_if action=reinterpret pc=0x0000000102a0e374 method=java.util.HashMap.putVal(ILjava/lang/Object;Ljava/lang/Object;ZZ)Ljava/lang/Object; @ 81
Event: 22.342 Thread 0x00007fa2cbe87800 Uncommon trap: reason=predicate action=maybe_recompile pc=0x0000000102c594d4 method=java.util.Vector.indexOf(Ljava/lang/Object;I)I @ 44

Internal exceptions (10 events):
Event: 0.224 Thread 0x00007fa2ca808000 Exception <a 'java/lang/NoSuchFieldError': method resolution failed> (0x00000007aad53560) thrown at [/Users/java_re/workspace/8-2-build-macosx-x86_64/jdk8u65/4987/hotspot/src/share/vm/prims/methodHandles.cpp, line 1146]
Event: 0.227 Thread 0x00007fa2ca808000 Exception <a 'java/lang/NoSuchFieldError': method resolution failed> (0x00000007aad60d30) thrown at [/Users/java_re/workspace/8-2-build-macosx-x86_64/jdk8u65/4987/hotspot/src/share/vm/prims/methodHandles.cpp, line 1146]
Event: 0.420 Thread 0x00007fa2ca808000 Exception <a 'java/io/FileNotFoundException'> (0x00000007aaddcb18) thrown at [/Users/java_re/workspace/8-2-build-macosx-x86_64/jdk8u65/4987/hotspot/src/share/vm/prims/jni.cpp, line 709]
Event: 0.420 Thread 0x00007fa2ca808000 Exception <a 'java/io/FileNotFoundException'> (0x00000007aaddd6a8) thrown at [/Users/java_re/workspace/8-2-build-macosx-x86_64/jdk8u65/4987/hotspot/src/share/vm/prims/jni.cpp, line 709]
Event: 0.573 Thread 0x00007fa2ca808000 Exception <a 'java/io/FileNotFoundException'> (0x00000007aaec9180) thrown at [/Users/java_re/workspace/8-2-build-macosx-x86_64/jdk8u65/4987/hotspot/src/share/vm/prims/jni.cpp, line 709]
Event: 2.724 Thread 0x00007fa2cb023800 Exception <a 'java/lang/NullPointerException'> (0x00000007aab89568) thrown at [/Users/java_re/workspace/8-2-build-macosx-x86_64/jdk8u65/4987/hotspot/src/share/vm/interpreter/linkResolver.cpp, line 1178]
Event: 2.842 Thread 0x00007fa2ca808000 Exception <a 'java/lang/UnsatisfiedLinkError': com.jogamp.common.util.JarUtil.fixNativeLibAttribs(Ljava/lang/String;)Z> (0x00000007aafaad88) thrown at [/Users/java_re/workspace/8-2-build-macosx-x86_64/jdk8u65/4987/hotspot/src/share/vm/prims/nativeLookup.c
Event: 4.109 Thread 0x00007fa2cab9e800 Exception <a 'java/io/FileNotFoundException'> (0x00000007ab32f920) thrown at [/Users/java_re/workspace/8-2-build-macosx-x86_64/jdk8u65/4987/hotspot/src/share/vm/prims/jni.cpp, line 709]
Event: 4.190 Thread 0x00007fa2cab9e800 Exception <a 'java/io/FileNotFoundException'> (0x00000007ab3373a0) thrown at [/Users/java_re/workspace/8-2-build-macosx-x86_64/jdk8u65/4987/hotspot/src/share/vm/prims/jni.cpp, line 709]
Event: 4.190 Thread 0x00007fa2cab9e800 Implicit null exception at 0x000000010276d435 to 0x000000010276d799

Events (10 events):
Event: 22.342 loading class java/awt/event/AWTEventListenerProxy
Event: 22.342 loading class java/awt/event/AWTEventListenerProxy done
Event: 22.342 loading class java/awt/Toolkit$ToolkitEventMulticaster
Event: 22.342 loading class java/awt/Toolkit$ToolkitEventMulticaster done
Event: 22.342 Thread 0x00007fa2ca950800 Thread exited: 0x00007fa2ca950800
Event: 22.342 Thread 0x00007fa2cbe87800 Uncommon trap: trap_request=0xffffff86 fr.pc=0x0000000102c594d4
Event: 22.342 Thread 0x00007fa2cbe87800 DEOPT PACKING pc=0x0000000102c594d4 sp=0x0000000192ace7f0
Event: 22.342 Thread 0x00007fa2cbe87800 DEOPT UNPACKING pc=0x00000001025c3229 sp=0x0000000192ace7a0 mode 2
Event: 22.342 loading class java/awt/Window$1DisposeAction
Event: 22.342 loading class java/awt/Window$1DisposeAction done


Dynamic libraries:
0x000000000930f000 	/System/Library/Frameworks/Cocoa.framework/Versions/A/Cocoa
0x000000000930f000 	/System/Library/Frameworks/Security.framework/Versions/A/Security
0x000000000930f000 	/System/Library/Frameworks/ApplicationServices.framework/Versions/A/ApplicationServices
0x000000000930f000 	/usr/lib/libz.1.dylib
0x000000000930f000 	/usr/lib/libSystem.B.dylib
0x000000000930f000 	/usr/lib/libobjc.A.dylib
0x000000000930f000 	/System/Library/Frameworks/CoreFoundation.framework/Versions/A/CoreFoundation
0x000000000930f000 	/System/Library/Frameworks/Foundation.framework/Versions/C/Foundation
0x000000000930f000 	/System/Library/Frameworks/AppKit.framework/Versions/C/AppKit
0x000000000930f000 	/System/Library/Frameworks/CoreData.framework/Versions/A/CoreData
0x000000000930f000 	/System/Library/PrivateFrameworks/RemoteViewServices.framework/Versions/A/RemoteViewServices
0x000000000930f000 	/System/Library/Frameworks/AudioToolbox.framework/Versions/A/AudioToolbox
0x000000000930f000 	/System/Library/Frameworks/AudioUnit.framework/Versions/A/AudioUnit
0x000000000930f000 	/System/Library/PrivateFrameworks/DataDetectorsCore.framework/Versions/A/DataDetectorsCore
0x000000000930f000 	/System/Library/PrivateFrameworks/DesktopServicesPriv.framework/Versions/A/DesktopServicesPriv
0x000000000930f000 	/System/Library/Frameworks/Carbon.framework/Versions/A/Frameworks/HIToolbox.framework/Versions/A/HIToolbox
0x000000000930f000 	/System/Library/Frameworks/QuartzCore.framework/Versions/A/QuartzCore
0x000000000930f000 	/System/Library/Frameworks/Carbon.framework/Versions/A/Frameworks/SpeechRecognition.framework/Versions/A/SpeechRecognition
0x000000000930f000 	/usr/lib/libauto.dylib
0x000000000930f000 	/usr/lib/libicucore.A.dylib
0x000000000930f000 	/usr/lib/libxml2.2.dylib
0x000000000930f000 	/System/Library/PrivateFrameworks/CoreUI.framework/Versions/A/CoreUI
0x000000000930f000 	/System/Library/Frameworks/CoreAudio.framework/Versions/A/CoreAudio
0x000000000930f000 	/System/Library/Frameworks/DiskArbitration.framework/Versions/A/DiskArbitration
0x000000000930f000 	/usr/lib/liblangid.dylib
0x000000000930f000 	/System/Library/PrivateFrameworks/MultitouchSupport.framework/Versions/A/MultitouchSupport
0x000000000930f000 	/System/Library/Frameworks/IOKit.framework/Versions/A/IOKit
0x000000000930f000 	/usr/lib/libDiagnosticMessagesClient.dylib
0x000000000930f000 	/System/Library/Frameworks/CoreServices.framework/Versions/A/CoreServices
0x000000000930f000 	/System/Library/PrivateFrameworks/PerformanceAnalysis.framework/Versions/A/PerformanceAnalysis
0x000000000930f000 	/System/Library/PrivateFrameworks/GenerationalStorage.framework/Versions/A/GenerationalStorage
0x000000000930f000 	/System/Library/Frameworks/OpenGL.framework/Versions/A/OpenGL
0x000000000930f000 	/System/Library/PrivateFrameworks/Sharing.framework/Versions/A/Sharing
0x000000000930f000 	/System/Library/Frameworks/ImageIO.framework/Versions/A/ImageIO
0x000000000930f000 	/System/Library/Frameworks/CoreText.framework/Versions/A/CoreText
0x000000000930f000 	/System/Library/Frameworks/CoreGraphics.framework/Versions/A/CoreGraphics
0x000000000930f000 	/System/Library/PrivateFrameworks/Backup.framework/Versions/A/Backup
0x000000000930f000 	/System/Library/Frameworks/CFNetwork.framework/Versions/A/CFNetwork
0x000000000930f000 	/System/Library/Frameworks/SystemConfiguration.framework/Versions/A/SystemConfiguration
0x000000000930f000 	/usr/lib/libCRFSuite.dylib
0x000000000930f000 	/usr/lib/libc++.1.dylib
0x000000000930f000 	/usr/lib/libc++abi.dylib
0x000000000930f000 	/usr/lib/system/libcache.dylib
0x000000000930f000 	/usr/lib/system/libcommonCrypto.dylib
0x000000000930f000 	/usr/lib/system/libcompiler_rt.dylib
0x000000000930f000 	/usr/lib/system/libcopyfile.dylib
0x000000000930f000 	/usr/lib/system/libcorecrypto.dylib
0x000000000930f000 	/usr/lib/system/libdispatch.dylib
0x000000000930f000 	/usr/lib/system/libdyld.dylib
0x000000000930f000 	/usr/lib/system/libkeymgr.dylib
0x000000000930f000 	/usr/lib/system/liblaunch.dylib
0x000000000930f000 	/usr/lib/system/libmacho.dylib
0x000000000930f000 	/usr/lib/system/libquarantine.dylib
0x000000000930f000 	/usr/lib/system/libremovefile.dylib
0x000000000930f000 	/usr/lib/system/libsystem_asl.dylib
0x000000000930f000 	/usr/lib/system/libsystem_blocks.dylib
0x000000000930f000 	/usr/lib/system/libsystem_c.dylib
0x000000000930f000 	/usr/lib/system/libsystem_configuration.dylib
0x000000000930f000 	/usr/lib/system/libsystem_dnssd.dylib
0x000000000930f000 	/usr/lib/system/libsystem_info.dylib
0x000000000930f000 	/usr/lib/system/libsystem_kernel.dylib
0x000000000930f000 	/usr/lib/system/libsystem_m.dylib
0x000000000930f000 	/usr/lib/system/libsystem_malloc.dylib
0x000000000930f000 	/usr/lib/system/libsystem_network.dylib
0x000000000930f000 	/usr/lib/system/libsystem_notify.dylib
0x000000000930f000 	/usr/lib/system/libsystem_platform.dylib
0x000000000930f000 	/usr/lib/system/libsystem_pthread.dylib
0x000000000930f000 	/usr/lib/system/libsystem_sandbox.dylib
0x000000000930f000 	/usr/lib/system/libsystem_stats.dylib
0x000000000930f000 	/usr/lib/system/libunc.dylib
0x000000000930f000 	/usr/lib/system/libunwind.dylib
0x000000000930f000 	/usr/lib/system/libxpc.dylib
0x000000000930f000 	/usr/lib/libbsm.0.dylib
0x000000000930f000 	/usr/lib/libsqlite3.dylib
0x000000000930f000 	/usr/lib/libxar.1.dylib
0x000000000930f000 	/usr/lib/libpam.2.dylib
0x000000000930f000 	/usr/lib/libOpenScriptingUtil.dylib
0x000000000930f000 	/usr/lib/libbz2.1.0.dylib
0x000000000930f000 	/System/Library/Frameworks/CoreServices.framework/Versions/A/Frameworks/CarbonCore.framework/Versions/A/CarbonCore
0x000000000930f000 	/System/Library/Frameworks/CoreServices.framework/Versions/A/Frameworks/Metadata.framework/Versions/A/Metadata
0x000000000930f000 	/System/Library/Frameworks/CoreServices.framework/Versions/A/Frameworks/OSServices.framework/Versions/A/OSServices
0x000000000930f000 	/System/Library/Frameworks/CoreServices.framework/Versions/A/Frameworks/SearchKit.framework/Versions/A/SearchKit
0x000000000930f000 	/System/Library/Frameworks/CoreServices.framework/Versions/A/Frameworks/AE.framework/Versions/A/AE
0x000000000930f000 	/System/Library/Frameworks/CoreServices.framework/Versions/A/Frameworks/LaunchServices.framework/Versions/A/LaunchServices
0x000000000930f000 	/System/Library/Frameworks/CoreServices.framework/Versions/A/Frameworks/DictionaryServices.framework/Versions/A/DictionaryServices
0x000000000930f000 	/System/Library/Frameworks/NetFS.framework/Versions/A/NetFS
0x000000000930f000 	/usr/lib/system/libkxld.dylib
0x000000000930f000 	/System/Library/PrivateFrameworks/NetAuth.framework/Versions/A/NetAuth
0x000000000930f000 	/System/Library/PrivateFrameworks/TCC.framework/Versions/A/TCC
0x000000000930f000 	/System/Library/Frameworks/OpenDirectory.framework/Versions/A/Frameworks/CFOpenDirectory.framework/Versions/A/CFOpenDirectory
0x000000000930f000 	/System/Library/Frameworks/ServiceManagement.framework/Versions/A/ServiceManagement
0x000000000930f000 	/usr/lib/libxslt.1.dylib
0x000000000930f000 	/System/Library/Frameworks/Carbon.framework/Versions/A/Frameworks/Ink.framework/Versions/A/Ink
0x000000000930f000 	/System/Library/Frameworks/ApplicationServices.framework/Versions/A/Frameworks/ATS.framework/Versions/A/ATS
0x000000000930f000 	/System/Library/Frameworks/ApplicationServices.framework/Versions/A/Frameworks/ColorSync.framework/Versions/A/ColorSync
0x000000000930f000 	/System/Library/Frameworks/ApplicationServices.framework/Versions/A/Frameworks/HIServices.framework/Versions/A/HIServices
0x000000000930f000 	/System/Library/Frameworks/ApplicationServices.framework/Versions/A/Frameworks/LangAnalysis.framework/Versions/A/LangAnalysis
0x000000000930f000 	/System/Library/Frameworks/ApplicationServices.framework/Versions/A/Frameworks/PrintCore.framework/Versions/A/PrintCore
0x000000000930f000 	/System/Library/Frameworks/ApplicationServices.framework/Versions/A/Frameworks/QD.framework/Versions/A/QD
0x000000000930f000 	/System/Library/Frameworks/ApplicationServices.framework/Versions/A/Frameworks/SpeechSynthesis.framework/Versions/A/SpeechSynthesis
0x000000000930f000 	/System/Library/Frameworks/IOSurface.framework/Versions/A/IOSurface
0x000000000930f000 	/System/Library/Frameworks/Accelerate.framework/Versions/A/Accelerate
0x000000000930f000 	/System/Library/Frameworks/Accelerate.framework/Versions/A/Frameworks/vImage.framework/Versions/A/vImage
0x000000000930f000 	/System/Library/Frameworks/Accelerate.framework/Versions/A/Frameworks/vecLib.framework/Versions/A/vecLib
0x000000000930f000 	/System/Library/Frameworks/Accelerate.framework/Versions/A/Frameworks/vecLib.framework/Versions/A/libvDSP.dylib
0x000000000930f000 	/System/Library/Frameworks/Accelerate.framework/Versions/A/Frameworks/vecLib.framework/Versions/A/libvMisc.dylib
0x000000000930f000 	/System/Library/Frameworks/Accelerate.framework/Versions/A/Frameworks/vecLib.framework/Versions/A/libLAPACK.dylib
0x000000000930f000 	/System/Library/Frameworks/Accelerate.framework/Versions/A/Frameworks/vecLib.framework/Versions/A/libBLAS.dylib
0x000000000930f000 	/System/Library/Frameworks/ApplicationServices.framework/Versions/A/Frameworks/ATS.framework/Versions/A/Resources/libFontParser.dylib
0x000000000930f000 	/System/Library/Frameworks/ApplicationServices.framework/Versions/A/Frameworks/ATS.framework/Versions/A/Resources/libFontRegistry.dylib
0x000000000930f000 	/System/Library/Frameworks/ImageIO.framework/Versions/A/Resources/libJPEG.dylib
0x000000000930f000 	/System/Library/Frameworks/ImageIO.framework/Versions/A/Resources/libTIFF.dylib
0x000000000930f000 	/System/Library/Frameworks/ImageIO.framework/Versions/A/Resources/libPng.dylib
0x000000000930f000 	/System/Library/Frameworks/ImageIO.framework/Versions/A/Resources/libGIF.dylib
0x000000000930f000 	/System/Library/Frameworks/ImageIO.framework/Versions/A/Resources/libJP2.dylib
0x000000000930f000 	/System/Library/Frameworks/ImageIO.framework/Versions/A/Resources/libRadiance.dylib
0x000000000930f000 	/usr/lib/libcups.2.dylib
0x000000000930f000 	/System/Library/Frameworks/Kerberos.framework/Versions/A/Kerberos
0x000000000930f000 	/System/Library/Frameworks/GSS.framework/Versions/A/GSS
0x000000000930f000 	/usr/lib/libresolv.9.dylib
0x000000000930f000 	/usr/lib/libiconv.2.dylib
0x000000000930f000 	/System/Library/PrivateFrameworks/Heimdal.framework/Versions/A/Heimdal
0x000000000930f000 	/System/Library/PrivateFrameworks/TrustEvaluationAgent.framework/Versions/A/TrustEvaluationAgent
0x000000000930f000 	/usr/lib/libheimdal-asn1.dylib
0x000000000930f000 	/System/Library/Frameworks/OpenDirectory.framework/Versions/A/OpenDirectory
0x000000000930f000 	/System/Library/PrivateFrameworks/CommonAuth.framework/Versions/A/CommonAuth
0x000000000930f000 	/System/Library/Frameworks/SecurityFoundation.framework/Versions/A/SecurityFoundation
0x000000000930f000 	/System/Library/PrivateFrameworks/Bom.framework/Versions/A/Bom
0x000000000930f000 	/System/Library/Frameworks/CoreVideo.framework/Versions/A/CoreVideo
0x000000000930f000 	/System/Library/Frameworks/QuartzCore.framework/Versions/A/Frameworks/CoreImage.framework/Versions/A/CoreImage
0x000000000930f000 	/System/Library/Frameworks/QuartzCore.framework/Versions/A/Frameworks/ScalableUserInterface.framework/Versions/A/ScalableUserInterface
0x000000000930f000 	/System/Library/Frameworks/OpenGL.framework/Versions/A/Libraries/libGLU.dylib
0x000000000930f000 	/System/Library/Frameworks/OpenGL.framework/Versions/A/Libraries/libGFXShared.dylib
0x000000000930f000 	/System/Library/Frameworks/OpenGL.framework/Versions/A/Libraries/libGL.dylib
0x000000000930f000 	/System/Library/Frameworks/OpenGL.framework/Versions/A/Libraries/libGLImage.dylib
0x000000000930f000 	/System/Library/Frameworks/OpenGL.framework/Versions/A/Libraries/libCVMSPluginSupport.dylib
0x000000000930f000 	/System/Library/Frameworks/OpenGL.framework/Versions/A/Libraries/libCoreVMClient.dylib
0x000000000930f000 	/System/Library/PrivateFrameworks/FaceCore.framework/Versions/A/FaceCore
0x000000000930f000 	/System/Library/PrivateFrameworks/CrashReporterSupport.framework/Versions/A/CrashReporterSupport
0x000000000930f000 	/System/Library/Frameworks/OpenCL.framework/Versions/A/OpenCL
0x000000000930f000 	/System/Library/PrivateFrameworks/AppleFSCompression.framework/Versions/A/AppleFSCompression
0x000000000930f000 	/System/Library/PrivateFrameworks/Ubiquity.framework/Versions/A/Ubiquity
0x000000000930f000 	/System/Library/PrivateFrameworks/IconServices.framework/Versions/A/IconServices
0x000000000930f000 	/System/Library/PrivateFrameworks/ChunkingLibrary.framework/Versions/A/ChunkingLibrary
0x000000000930f000 	/System/Library/PrivateFrameworks/CoreSymbolication.framework/Versions/A/CoreSymbolication
0x000000000930f000 	/System/Library/PrivateFrameworks/Symbolication.framework/Versions/A/Symbolication
0x000000000930f000 	/System/Library/PrivateFrameworks/DebugSymbols.framework/Versions/A/DebugSymbols
0x0000000101600000 	/Library/Java/JavaVirtualMachines/jdk1.8.0_65.jdk/Contents/Home/jre/lib/server/libjvm.dylib
0x000000000930f000 	/usr/lib/libstdc++.6.dylib
0x0000000100dd4000 	/Library/Java/JavaVirtualMachines/jdk1.8.0_65.jdk/Contents/Home/jre/lib/libverify.dylib
0x0000000102589000 	/Library/Java/JavaVirtualMachines/jdk1.8.0_65.jdk/Contents/Home/jre/lib/libjava.dylib
0x0000000100dec000 	/Library/Java/JavaVirtualMachines/jdk1.8.0_65.jdk/Contents/Home/jre/lib/libzip.dylib
0x00000001160cc000 	/System/Library/Frameworks/JavaVM.framework/Frameworks/JavaRuntimeSupport.framework/JavaRuntimeSupport
0x00000001160e4000 	/System/Library/Frameworks/JavaVM.framework/Versions/A/Frameworks/JavaNativeFoundation.framework/Versions/A/JavaNativeFoundation
0x00000001160f9000 	/System/Library/Frameworks/JavaVM.framework/Versions/A/JavaVM
0x000000000930f000 	/System/Library/Frameworks/Carbon.framework/Versions/A/Carbon
0x0000000116106000 	/System/Library/PrivateFrameworks/JavaLaunching.framework/Versions/A/JavaLaunching
0x000000000930f000 	/System/Library/Frameworks/Carbon.framework/Versions/A/Frameworks/CommonPanels.framework/Versions/A/CommonPanels
0x000000000930f000 	/System/Library/Frameworks/Carbon.framework/Versions/A/Frameworks/Help.framework/Versions/A/Help
0x000000000930f000 	/System/Library/Frameworks/Carbon.framework/Versions/A/Frameworks/ImageCapture.framework/Versions/A/ImageCapture
0x000000000930f000 	/System/Library/Frameworks/Carbon.framework/Versions/A/Frameworks/OpenScripting.framework/Versions/A/OpenScripting
0x000000000930f000 	/System/Library/Frameworks/Carbon.framework/Versions/A/Frameworks/Print.framework/Versions/A/Print
0x000000000930f000 	/System/Library/Frameworks/Carbon.framework/Versions/A/Frameworks/SecurityHI.framework/Versions/A/SecurityHI
0x000000011686d000 	/Library/Java/JavaVirtualMachines/jdk1.8.0_65.jdk/Contents/Home/jre/lib/libawt.dylib
0x0000000116915000 	/Library/Java/JavaVirtualMachines/jdk1.8.0_65.jdk/Contents/Home/jre/lib/./libmlib_image.dylib
0x00000001169e1000 	/Library/Java/JavaVirtualMachines/jdk1.8.0_65.jdk/Contents/Home/jre/lib/libawt_lwawt.dylib
0x0000000116a96000 	/Library/Java/JavaVirtualMachines/jdk1.8.0_65.jdk/Contents/Home/jre/lib/./libosxapp.dylib
0x000000000930f000 	/System/Library/Frameworks/ExceptionHandling.framework/Versions/A/ExceptionHandling
0x000000000930f000 	/System/Library/PrivateFrameworks/CoreServicesInternal.framework/Versions/A/CoreServicesInternal
0x000000000930f000 	/System/Library/PrivateFrameworks/Librarian.framework/Versions/A/Librarian
0x00000001182fa000 	/System/Library/Frameworks/CoreGraphics.framework/Versions/A/Resources/libCGCMS.A.dylib
0x0000000118f9f000 	/System/Library/Frameworks/CoreGraphics.framework/Versions/A/Resources/libRIP.A.dylib
0x00000001191ed000 	/System/Library/Frameworks/CoreGraphics.framework/Versions/A/Resources/libCGXType.A.dylib
0x000000000930f000 	/System/Library/PrivateFrameworks/FamilyControls.framework/Versions/A/FamilyControls
0x000000000930f000 	/System/Library/PrivateFrameworks/CommerceKit.framework/Versions/A/Frameworks/CommerceCore.framework/Versions/A/CommerceCore
0x000000000930f000 	/System/Library/PrivateFrameworks/SystemAdministration.framework/Versions/A/SystemAdministration
0x000000000930f000 	/System/Library/Frameworks/DirectoryService.framework/Versions/A/DirectoryService
0x000000000930f000 	/System/Library/PrivateFrameworks/DiskImages.framework/Versions/A/DiskImages
0x000000000930f000 	/System/Library/PrivateFrameworks/LoginUIKit.framework/Versions/A/Frameworks/LoginUICore.framework/Versions/A/LoginUICore
0x000000000930f000 	/usr/lib/libCoreStorage.dylib
0x000000000930f000 	/usr/lib/libcsfde.dylib
0x000000000930f000 	/usr/lib/libodfde.dylib
0x000000000930f000 	/System/Library/Frameworks/DiscRecording.framework/Versions/A/DiscRecording
0x000000000930f000 	/usr/lib/libcurl.4.dylib
0x000000000930f000 	/System/Library/PrivateFrameworks/MediaKit.framework/Versions/A/MediaKit
0x000000000930f000 	/System/Library/PrivateFrameworks/EFILogin.framework/Versions/A/EFILogin
0x000000000930f000 	/usr/lib/libutil.dylib
0x000000000930f000 	/System/Library/PrivateFrameworks/AOSNotification.framework/Versions/A/AOSNotification
0x000000000930f000 	/System/Library/Frameworks/LDAP.framework/Versions/A/LDAP
0x000000000930f000 	/usr/lib/libsasl2.2.dylib
0x000000000930f000 	/usr/lib/libcrypto.0.9.8.dylib
0x000000000930f000 	/usr/lib/libssl.0.9.8.dylib
0x000000011ace4000 	/System/Library/Frameworks/OpenGL.framework/Resources/GLEngine.bundle/GLEngine
0x000000000930f000 	/System/Library/Frameworks/OpenGL.framework/Versions/A/Libraries/libGLProgrammability.dylib
0x000000011aec0000 	/System/Library/Extensions/AppleIntelHD4000GraphicsGLDriver.bundle/Contents/MacOS/AppleIntelHD4000GraphicsGLDriver
0x000000000930f000 	/System/Library/PrivateFrameworks/IOAccelerator.framework/Versions/A/IOAccelerator
0x000000000930f000 	/System/Library/PrivateFrameworks/GPUSupport.framework/Versions/A/Libraries/libGPUSupportMercury.dylib
0x000000011b8f2000 	/System/Library/Frameworks/OpenGL.framework/Resources//GLRendererFloat.bundle/GLRendererFloat
0x000000000930f000 	/System/Library/Frameworks/OpenCL.framework/Versions/A/Libraries/libcldcpuengine.dylib
0x000000011c2a9000 	/Library/Java/JavaVirtualMachines/jdk1.8.0_65.jdk/Contents/Home/jre/lib/libfontmanager.dylib
0x000000011da9f000 	/Library/Java/JavaVirtualMachines/jdk1.8.0_65.jdk/Contents/Home/jre/lib/libosxui.dylib
0x000000011dd56000 	/Library/Java/JavaVirtualMachines/jdk1.8.0_65.jdk/Contents/Home/jre/lib/libnet.dylib
0x000000011ddb5000 	/Library/Java/JavaVirtualMachines/jdk1.8.0_65.jdk/Contents/Home/jre/lib/libnio.dylib
0x000000000930f000 	/System/Library/Frameworks/ApplicationServices.framework/Versions/A/Frameworks/ATS.framework/Versions/A/Resources/libTrueTypeScaler.dylib
0x000000018bb6f000 	/private/var/folders/bd/jbd34hlj5lqbvms35s4_k5w40000gn/T/jogamp_0000/file_cache/jln1573837300464182289/jln4517860897453512651/libgluegen-rt.jnilib
0x000000018bb73000 	/private/var/folders/bd/jbd34hlj5lqbvms35s4_k5w40000gn/T/jogamp_0000/file_cache/jln1573837300464182289/jln4517860897453512651/libnativewindow_awt.jnilib
0x000000018bb76000 	/Library/Java/JavaVirtualMachines/jdk1.8.0_65.jdk/Contents/Home/jre/lib/libjawt.dylib
0x000000018bb79000 	/private/var/folders/bd/jbd34hlj5lqbvms35s4_k5w40000gn/T/jogamp_0000/file_cache/jln1573837300464182289/jln4517860897453512651/libnativewindow_macosx.jnilib
0x000000018d4a3000 	/private/var/folders/bd/jbd34hlj5lqbvms35s4_k5w40000gn/T/jogamp_0000/file_cache/jln1573837300464182289/jln4517860897453512651/libjogl_desktop.jnilib

VM Arguments:
jvm_args: -Djava.security.policy=java.policy.applet -Dfile.encoding=UTF-8 
java_command: sun.applet.AppletViewer module3.EarthquakeCityMap1449985630641.html
java_class_path (initial): /Users/reallifejasmine/Documents/workspace/UCSDUnfoldingMaps/build:/Users/reallifejasmine/Documents/workspace/UCSDUnfoldingMaps/lib/core.jar:/Users/reallifejasmine/Documents/workspace/UCSDUnfoldingMaps/lib/gluegen-rt.jar:/Users/reallifejasmine/Documents/workspace/UCSDUnfoldingMaps/lib/jogl-all.jar:/Users/reallifejasmine/Documents/workspace/UCSDUnfoldingMaps/lib/log4j-1.2.15.jar:/Users/reallifejasmine/Documents/workspace/UCSDUnfoldingMaps/lib/sqlite-jdbc-3.7.2.jar:/Users/reallifejasmine/Documents/workspace/UCSDUnfoldingMaps/lib/json4processing.jar:/Users/reallifejasmine/Documents/workspace/UCSDUnfoldingMaps/lib/libTUIO.jar:/Users/reallifejasmine/Documents/workspace/UCSDUnfoldingMaps/lib/unfolding.0.9.7-uscd.jar
Launcher Type: SUN_STANDARD

Environment Variables:
PATH=/usr/bin:/bin:/usr/sbin:/sbin
SHELL=/bin/bash
DISPLAY=/tmp/launch-qMDjT5/org.macosforge.xquartz:0

Signal Handlers:
SIGSEGV: [libjvm.dylib+0x5a6d31], sa_mask[0]=11111111011111110111111111111111, sa_flags=SA_ONSTACK|SA_RESTART|SA_SIGINFO
SIGBUS: [libjvm.dylib+0x5a6d31], sa_mask[0]=11111111011111110111111111111111, sa_flags=SA_RESTART|SA_SIGINFO
SIGFPE: [libjvm.dylib+0x480a40], sa_mask[0]=11111111011111110111111111111111, sa_flags=SA_RESTART|SA_SIGINFO
SIGPIPE: [libjvm.dylib+0x480a40], sa_mask[0]=11111111011111110111111111111111, sa_flags=SA_RESTART|SA_SIGINFO
SIGXFSZ: [libjvm.dylib+0x480a40], sa_mask[0]=11111111011111110111111111111111, sa_flags=SA_RESTART|SA_SIGINFO
SIGILL: [libjvm.dylib+0x480a40], sa_mask[0]=11111111011111110111111111111111, sa_flags=SA_RESTART|SA_SIGINFO
SIGUSR1: SIG_DFL, sa_mask[0]=00000000000000000000000000000000, sa_flags=SA_RESTART
SIGUSR2: [libjvm.dylib+0x48055e], sa_mask[0]=00100000000000000000000000000000, sa_flags=SA_RESTART|SA_SIGINFO
SIGHUP: [libjvm.dylib+0x47eb35], sa_mask[0]=11111111011111110111111111111111, sa_flags=SA_RESTART|SA_SIGINFO
SIGINT: [libjvm.dylib+0x47eb35], sa_mask[0]=11111111011111110111111111111111, sa_flags=SA_RESTART|SA_SIGINFO
SIGTERM: [libjvm.dylib+0x47eb35], sa_mask[0]=11111111011111110111111111111111, sa_flags=SA_RESTART|SA_SIGINFO
SIGQUIT: [libjvm.dylib+0x47eb35], sa_mask[0]=11111111011111110111111111111111, sa_flags=SA_RESTART|SA_SIGINFO


---------------  S Y S T E M  ---------------

OS:Bsduname:Darwin 13.4.0 Darwin Kernel Version 13.4.0: Wed Mar 18 16:20:14 PDT 2015; root:xnu-2422.115.14~1/RELEASE_X86_64 x86_64
rlimit: STACK 8192k, CORE 0k, NPROC 709, NOFILE 10240, AS infinity
load average:2.88 1.64 1.35

CPU:total 4 (2 cores per cpu, 2 threads per core) family 6 model 58 stepping 9, cmov, cx8, fxsr, mmx, sse, sse2, sse3, ssse3, sse4.1, sse4.2, popcnt, avx, aes, clmul, erms, ht, tsc, tscinvbit, tscinv

Memory: 4k page, physical 4194304k(244332k free)

/proc/meminfo:


vm_info: Java HotSpot(TM) 64-Bit Server VM (25.65-b01) for bsd-amd64 JRE (1.8.0_65-b17), built on Oct  6 2015 15:36:46 by "java_re" with gcc 4.2.1 (Based on Apple Inc. build 5658) (LLVM build 2336.11.00)

time: Sun Dec 13 00:47:33 2015
elapsed time: 22 seconds (0d 0h 0m 22s)

